2018-05-03 15:09:00,240 | INFO  | Refreshing org.apache.activemq.xbean.XBeanBrokerFactory$1@5f2108b5: startup date [Thu May 03 15:09:00 KST 2018]; root of context hierarchy | org.apache.activemq.xbean.XBeanBrokerFactory$1 | main
2018-05-03 15:09:01,364 | INFO  | Using Persistence Adapter: KahaDBPersistenceAdapter[C:\Users\admin\Downloads\apache-activemq-5.15.3-bin(1)\apache-activemq-5.15.3\bin\cluster\dynamic-broker3\data\kahadb] | org.apache.activemq.broker.BrokerService | main
2018-05-03 15:09:01,594 | INFO  | PListStore:[C:\Users\admin\Downloads\apache-activemq-5.15.3-bin(1)\apache-activemq-5.15.3\bin\cluster\dynamic-broker3\data\dynamic-broker3\tmp_storage] started | org.apache.activemq.store.kahadb.plist.PListStoreImpl | main
2018-05-03 15:09:01,738 | INFO  | Apache ActiveMQ 5.15.3 (dynamic-broker3, ID:Notebook-ssw-16994-1525327741609-0:1) is starting | org.apache.activemq.broker.BrokerService | main
2018-05-03 15:09:01,818 | INFO  | Listening for connections at: tcp://Notebook-ssw:61646?maximumConnections=1000&wireFormat.maxFrameSize=104857600 | org.apache.activemq.transport.TransportServerThreadSupport | main
2018-05-03 15:09:01,821 | INFO  | Connector openwire started | org.apache.activemq.broker.TransportConnector | main
2018-05-03 15:09:01,823 | INFO  | Apache ActiveMQ 5.15.3 (dynamic-broker3, ID:Notebook-ssw-16994-1525327741609-0:1) started | org.apache.activemq.broker.BrokerService | main
2018-05-03 15:09:01,825 | INFO  | For help or more information please see: http://activemq.apache.org | org.apache.activemq.broker.BrokerService | main
2018-05-03 15:09:02,795 | INFO  | No Spring WebApplicationInitializer types detected on classpath | /admin | main
2018-05-03 15:09:03,232 | INFO  | ActiveMQ WebConsole available at http://0.0.0.0:8165/ | org.apache.activemq.web.WebConsoleStarter | main
2018-05-03 15:09:03,234 | INFO  | ActiveMQ Jolokia REST API available at http://0.0.0.0:8165/api/jolokia/ | org.apache.activemq.web.WebConsoleStarter | main
2018-05-03 15:09:03,333 | INFO  | Initializing Spring FrameworkServlet 'dispatcher' | /admin | main
2018-05-03 15:09:03,675 | INFO  | No Spring WebApplicationInitializer types detected on classpath | /api | main
2018-05-03 15:09:04,086 | INFO  | jolokia-agent: Using policy access restrictor classpath:/jolokia-access.xml | /api | main
2018-05-03 15:10:32,495 | INFO  | Apache ActiveMQ 5.15.3 (dynamic-broker3, ID:Notebook-ssw-16994-1525327741609-0:1) is shutting down | org.apache.activemq.broker.BrokerService | ActiveMQ ShutdownHook
2018-05-03 15:10:32,497 | INFO  | Connector openwire stopped | org.apache.activemq.broker.TransportConnector | ActiveMQ ShutdownHook
2018-05-03 15:10:32,501 | INFO  | PListStore:[C:\Users\admin\Downloads\apache-activemq-5.15.3-bin(1)\apache-activemq-5.15.3\bin\cluster\dynamic-broker3\data\dynamic-broker3\tmp_storage] stopped | org.apache.activemq.store.kahadb.plist.PListStoreImpl | ActiveMQ ShutdownHook
2018-05-03 15:10:32,503 | INFO  | Stopping async queue tasks | org.apache.activemq.store.kahadb.KahaDBStore | ActiveMQ ShutdownHook
2018-05-03 15:10:32,504 | INFO  | Stopping async topic tasks | org.apache.activemq.store.kahadb.KahaDBStore | ActiveMQ ShutdownHook
2018-05-03 15:10:32,506 | INFO  | Stopped KahaDB | org.apache.activemq.store.kahadb.KahaDBStore | ActiveMQ ShutdownHook
2018-05-03 15:10:32,527 | INFO  | Apache ActiveMQ 5.15.3 (dynamic-broker3, ID:Notebook-ssw-16994-1525327741609-0:1) uptime 1 minute | org.apache.activemq.broker.BrokerService | ActiveMQ ShutdownHook
2018-05-03 15:10:32,528 | INFO  | Apache ActiveMQ 5.15.3 (dynamic-broker3, ID:Notebook-ssw-16994-1525327741609-0:1) is shutdown | org.apache.activemq.broker.BrokerService | ActiveMQ ShutdownHook
2018-05-03 15:10:32,530 | INFO  | Closing org.apache.activemq.xbean.XBeanBrokerFactory$1@5f2108b5: startup date [Thu May 03 15:09:00 KST 2018]; root of context hierarchy | org.apache.activemq.xbean.XBeanBrokerFactory$1 | ActiveMQ ShutdownHook
2018-05-03 15:10:32,547 | INFO  | Destroying Spring FrameworkServlet 'dispatcher' | /admin | ActiveMQ ShutdownHook
2018-05-03 15:18:38,652 | INFO  | Refreshing org.apache.activemq.xbean.XBeanBrokerFactory$1@e45f292: startup date [Thu May 03 15:18:38 KST 2018]; root of context hierarchy | org.apache.activemq.xbean.XBeanBrokerFactory$1 | main
2018-05-03 15:18:39,662 | INFO  | Using Persistence Adapter: KahaDBPersistenceAdapter[C:\Users\admin\Downloads\apache-activemq-5.15.3-bin(1)\apache-activemq-5.15.3\bin\cluster\dynamic-broker3\data\kahadb] | org.apache.activemq.broker.BrokerService | main
2018-05-03 15:18:39,742 | INFO  | KahaDB is version 6 | org.apache.activemq.store.kahadb.MessageDatabase | main
2018-05-03 15:18:39,781 | INFO  | PListStore:[C:\Users\admin\Downloads\apache-activemq-5.15.3-bin(1)\apache-activemq-5.15.3\bin\cluster\dynamic-broker3\data\dynamic-broker3\tmp_storage] started | org.apache.activemq.store.kahadb.plist.PListStoreImpl | main
2018-05-03 15:18:39,995 | INFO  | Apache ActiveMQ 5.15.3 (dynamic-broker3, ID:Notebook-ssw-17026-1525328319806-0:1) is starting | org.apache.activemq.broker.BrokerService | main
2018-05-03 15:18:40,015 | INFO  | Listening for connections at: tcp://Notebook-ssw:61646?maximumConnections=1000&wireFormat.maxFrameSize=104857600 | org.apache.activemq.transport.TransportServerThreadSupport | main
2018-05-03 15:18:40,016 | INFO  | Connector openwire started | org.apache.activemq.broker.TransportConnector | main
2018-05-03 15:18:40,018 | INFO  | Apache ActiveMQ 5.15.3 (dynamic-broker3, ID:Notebook-ssw-17026-1525328319806-0:1) started | org.apache.activemq.broker.BrokerService | main
2018-05-03 15:18:40,020 | INFO  | For help or more information please see: http://activemq.apache.org | org.apache.activemq.broker.BrokerService | main
2018-05-03 15:18:40,825 | INFO  | No Spring WebApplicationInitializer types detected on classpath | /admin | main
2018-05-03 15:18:41,010 | INFO  | ActiveMQ WebConsole available at http://0.0.0.0:8165/ | org.apache.activemq.web.WebConsoleStarter | main
2018-05-03 15:18:41,011 | INFO  | ActiveMQ Jolokia REST API available at http://0.0.0.0:8165/api/jolokia/ | org.apache.activemq.web.WebConsoleStarter | main
2018-05-03 15:18:41,121 | INFO  | Initializing Spring FrameworkServlet 'dispatcher' | /admin | main
2018-05-03 15:18:41,353 | INFO  | No Spring WebApplicationInitializer types detected on classpath | /api | main
2018-05-03 15:18:41,574 | INFO  | jolokia-agent: Using policy access restrictor classpath:/jolokia-access.xml | /api | main
2018-05-03 15:24:45,551 | INFO  | Apache ActiveMQ 5.15.3 (dynamic-broker3, ID:Notebook-ssw-17026-1525328319806-0:1) is shutting down | org.apache.activemq.broker.BrokerService | ActiveMQ ShutdownHook
2018-05-03 15:24:45,554 | INFO  | Connector openwire stopped | org.apache.activemq.broker.TransportConnector | ActiveMQ ShutdownHook
2018-05-03 15:24:45,558 | INFO  | PListStore:[C:\Users\admin\Downloads\apache-activemq-5.15.3-bin(1)\apache-activemq-5.15.3\bin\cluster\dynamic-broker3\data\dynamic-broker3\tmp_storage] stopped | org.apache.activemq.store.kahadb.plist.PListStoreImpl | ActiveMQ ShutdownHook
2018-05-03 15:24:45,559 | INFO  | Stopping async queue tasks | org.apache.activemq.store.kahadb.KahaDBStore | ActiveMQ ShutdownHook
2018-05-03 15:24:45,560 | INFO  | Stopping async topic tasks | org.apache.activemq.store.kahadb.KahaDBStore | ActiveMQ ShutdownHook
2018-05-03 15:24:45,562 | INFO  | Stopped KahaDB | org.apache.activemq.store.kahadb.KahaDBStore | ActiveMQ ShutdownHook
2018-05-03 15:24:45,584 | INFO  | Apache ActiveMQ 5.15.3 (dynamic-broker3, ID:Notebook-ssw-17026-1525328319806-0:1) uptime 6 minutes | org.apache.activemq.broker.BrokerService | ActiveMQ ShutdownHook
2018-05-03 15:24:45,586 | INFO  | Apache ActiveMQ 5.15.3 (dynamic-broker3, ID:Notebook-ssw-17026-1525328319806-0:1) is shutdown | org.apache.activemq.broker.BrokerService | ActiveMQ ShutdownHook
2018-05-03 15:24:45,587 | INFO  | Closing org.apache.activemq.xbean.XBeanBrokerFactory$1@e45f292: startup date [Thu May 03 15:18:38 KST 2018]; root of context hierarchy | org.apache.activemq.xbean.XBeanBrokerFactory$1 | ActiveMQ ShutdownHook
2018-05-03 15:24:45,606 | INFO  | Destroying Spring FrameworkServlet 'dispatcher' | /admin | ActiveMQ ShutdownHook
2018-05-03 15:54:42,116 | INFO  | Refreshing org.apache.activemq.xbean.XBeanBrokerFactory$1@e45f292: startup date [Thu May 03 15:54:42 KST 2018]; root of context hierarchy | org.apache.activemq.xbean.XBeanBrokerFactory$1 | main
2018-05-03 15:54:42,501 | ERROR | Failed to load: class path resource [activemq.xml], reason: Line 92 in XML document from class path resource [activemq.xml] is invalid; nested exception is org.xml.sax.SAXParseException; lineNumber: 92; columnNumber: 45; cvc-complex-type.2.4.a: 'networkConnector' 요소로 시작하는 부적합한 콘텐츠가 발견되었습니다. '{"http://activemq.apache.org/schema/core":adminView, "http://activemq.apache.org/schema/core":brokerContext, "http://activemq.apache.org/schema/core":consumerSystemUsage, "http://activemq.apache.org/schema/core":destinationFactory, "http://activemq.apache.org/schema/core":destinationInterceptors, "http://activemq.apache.org/schema/core":destinationPolicy, "http://activemq.apache.org/schema/core":destinations, "http://activemq.apache.org/schema/core":ioExceptionHandler, "http://activemq.apache.org/schema/core":jmsBridgeConnectors, "http://activemq.apache.org/schema/core":jobSchedulerStore, "http://activemq.apache.org/schema/core":managementContext, "http://activemq.apache.org/schema/core":messageAuthorizationPolicy, "http://activemq.apache.org/schema/core":networkConnectorURIs, "http://activemq.apache.org/schema/core":networkConnectors, "http://activemq.apache.org/schema/core":persistenceAdapter, "http://activemq.apache.org/schema/core":persistenceFactory, "http://activemq.apache.org/schema/core":persistenceTaskRunnerFactory, "http://activemq.apache.org/schema/core":plugins, "http://activemq.apache.org/schema/core":producerSystemUsage, "http://activemq.apache.org/schema/core":proxyConnectors, "http://activemq.apache.org/schema/core":regionBroker, "http://activemq.apache.org/schema/core":services, "http://activemq.apache.org/schema/core":shutdownHooks, "http://activemq.apache.org/schema/core":sslContext, "http://activemq.apache.org/schema/core":startException, "http://activemq.apache.org/schema/core":systemUsage, "http://activemq.apache.org/schema/core":taskRunnerFactory, "http://activemq.apache.org/schema/core":tempDataStore, "http://activemq.apache.org/schema/core":transportConnectorURIs, "http://activemq.apache.org/schema/core":transportConnectors, WC[##other:"http://activemq.apache.org/schema/core"]}' 중 하나가 필요합니다. | org.apache.activemq.xbean.XBeanBrokerFactory | main
org.springframework.beans.factory.xml.XmlBeanDefinitionStoreException: Line 92 in XML document from class path resource [activemq.xml] is invalid; nested exception is org.xml.sax.SAXParseException; lineNumber: 92; columnNumber: 45; cvc-complex-type.2.4.a: 'networkConnector' 요소로 시작하는 부적합한 콘텐츠가 발견되었습니다. '{"http://activemq.apache.org/schema/core":adminView, "http://activemq.apache.org/schema/core":brokerContext, "http://activemq.apache.org/schema/core":consumerSystemUsage, "http://activemq.apache.org/schema/core":destinationFactory, "http://activemq.apache.org/schema/core":destinationInterceptors, "http://activemq.apache.org/schema/core":destinationPolicy, "http://activemq.apache.org/schema/core":destinations, "http://activemq.apache.org/schema/core":ioExceptionHandler, "http://activemq.apache.org/schema/core":jmsBridgeConnectors, "http://activemq.apache.org/schema/core":jobSchedulerStore, "http://activemq.apache.org/schema/core":managementContext, "http://activemq.apache.org/schema/core":messageAuthorizationPolicy, "http://activemq.apache.org/schema/core":networkConnectorURIs, "http://activemq.apache.org/schema/core":networkConnectors, "http://activemq.apache.org/schema/core":persistenceAdapter, "http://activemq.apache.org/schema/core":persistenceFactory, "http://activemq.apache.org/schema/core":persistenceTaskRunnerFactory, "http://activemq.apache.org/schema/core":plugins, "http://activemq.apache.org/schema/core":producerSystemUsage, "http://activemq.apache.org/schema/core":proxyConnectors, "http://activemq.apache.org/schema/core":regionBroker, "http://activemq.apache.org/schema/core":services, "http://activemq.apache.org/schema/core":shutdownHooks, "http://activemq.apache.org/schema/core":sslContext, "http://activemq.apache.org/schema/core":startException, "http://activemq.apache.org/schema/core":systemUsage, "http://activemq.apache.org/schema/core":taskRunnerFactory, "http://activemq.apache.org/schema/core":tempDataStore, "http://activemq.apache.org/schema/core":transportConnectorURIs, "http://activemq.apache.org/schema/core":transportConnectors, WC[##other:"http://activemq.apache.org/schema/core"]}' 중 하나가 필요합니다.
	at org.springframework.beans.factory.xml.XmlBeanDefinitionReader.doLoadBeanDefinitions(XmlBeanDefinitionReader.java:399)[spring-beans-4.3.9.RELEASE.jar:4.3.9.RELEASE]
	at org.springframework.beans.factory.xml.XmlBeanDefinitionReader.loadBeanDefinitions(XmlBeanDefinitionReader.java:336)[spring-beans-4.3.9.RELEASE.jar:4.3.9.RELEASE]
	at org.springframework.beans.factory.xml.XmlBeanDefinitionReader.loadBeanDefinitions(XmlBeanDefinitionReader.java:304)[spring-beans-4.3.9.RELEASE.jar:4.3.9.RELEASE]
	at org.apache.xbean.spring.context.ResourceXmlApplicationContext.loadBeanDefinitions(ResourceXmlApplicationContext.java:111)[xbean-spring-4.2.jar:4.2]
	at org.apache.xbean.spring.context.ResourceXmlApplicationContext.loadBeanDefinitions(ResourceXmlApplicationContext.java:104)[xbean-spring-4.2.jar:4.2]
	at org.springframework.context.support.AbstractRefreshableApplicationContext.refreshBeanFactory(AbstractRefreshableApplicationContext.java:129)[spring-context-4.3.9.RELEASE.jar:4.3.9.RELEASE]
	at org.springframework.context.support.AbstractApplicationContext.obtainFreshBeanFactory(AbstractApplicationContext.java:614)[spring-context-4.3.9.RELEASE.jar:4.3.9.RELEASE]
	at org.springframework.context.support.AbstractApplicationContext.refresh(AbstractApplicationContext.java:515)[spring-context-4.3.9.RELEASE.jar:4.3.9.RELEASE]
	at org.apache.xbean.spring.context.ResourceXmlApplicationContext.<init>(ResourceXmlApplicationContext.java:64)[xbean-spring-4.2.jar:4.2]
	at org.apache.xbean.spring.context.ResourceXmlApplicationContext.<init>(ResourceXmlApplicationContext.java:52)[xbean-spring-4.2.jar:4.2]
	at org.apache.activemq.xbean.XBeanBrokerFactory$1.<init>(XBeanBrokerFactory.java:104)[activemq-spring-5.15.3.jar:5.15.3]
	at org.apache.activemq.xbean.XBeanBrokerFactory.createApplicationContext(XBeanBrokerFactory.java:104)[activemq-spring-5.15.3.jar:5.15.3]
	at org.apache.activemq.xbean.XBeanBrokerFactory.createBroker(XBeanBrokerFactory.java:67)[activemq-spring-5.15.3.jar:5.15.3]
	at org.apache.activemq.broker.BrokerFactory.createBroker(BrokerFactory.java:71)[activemq-broker-5.15.3.jar:5.15.3]
	at org.apache.activemq.broker.BrokerFactory.createBroker(BrokerFactory.java:54)[activemq-broker-5.15.3.jar:5.15.3]
	at org.apache.activemq.console.command.StartCommand.runTask(StartCommand.java:87)[activemq-console-5.15.3.jar:5.15.3]
	at org.apache.activemq.console.command.AbstractCommand.execute(AbstractCommand.java:63)[activemq-console-5.15.3.jar:5.15.3]
	at org.apache.activemq.console.command.ShellCommand.runTask(ShellCommand.java:154)[activemq-console-5.15.3.jar:5.15.3]
	at org.apache.activemq.console.command.AbstractCommand.execute(AbstractCommand.java:63)[activemq-console-5.15.3.jar:5.15.3]
	at org.apache.activemq.console.command.ShellCommand.main(ShellCommand.java:104)[activemq-console-5.15.3.jar:5.15.3]
	at sun.reflect.NativeMethodAccessorImpl.invoke0(Native Method)[:1.8.0_151]
	at sun.reflect.NativeMethodAccessorImpl.invoke(NativeMethodAccessorImpl.java:62)[:1.8.0_151]
	at sun.reflect.DelegatingMethodAccessorImpl.invoke(DelegatingMethodAccessorImpl.java:43)[:1.8.0_151]
	at java.lang.reflect.Method.invoke(Method.java:498)[:1.8.0_151]
	at org.apache.activemq.console.Main.runTaskClass(Main.java:262)[activemq.jar:5.15.3]
	at org.apache.activemq.console.Main.main(Main.java:115)[activemq.jar:5.15.3]
2018-05-03 15:55:11,795 | INFO  | Refreshing org.apache.activemq.xbean.XBeanBrokerFactory$1@e45f292: startup date [Thu May 03 15:55:11 KST 2018]; root of context hierarchy | org.apache.activemq.xbean.XBeanBrokerFactory$1 | main
2018-05-03 15:55:12,139 | ERROR | Failed to load: class path resource [activemq.xml], reason: Line 92 in XML document from class path resource [activemq.xml] is invalid; nested exception is org.xml.sax.SAXParseException; lineNumber: 92; columnNumber: 45; cvc-complex-type.2.4.a: 'networkConnector' 요소로 시작하는 부적합한 콘텐츠가 발견되었습니다. '{"http://activemq.apache.org/schema/core":adminView, "http://activemq.apache.org/schema/core":brokerContext, "http://activemq.apache.org/schema/core":consumerSystemUsage, "http://activemq.apache.org/schema/core":destinationFactory, "http://activemq.apache.org/schema/core":destinationInterceptors, "http://activemq.apache.org/schema/core":destinationPolicy, "http://activemq.apache.org/schema/core":destinations, "http://activemq.apache.org/schema/core":ioExceptionHandler, "http://activemq.apache.org/schema/core":jmsBridgeConnectors, "http://activemq.apache.org/schema/core":jobSchedulerStore, "http://activemq.apache.org/schema/core":managementContext, "http://activemq.apache.org/schema/core":messageAuthorizationPolicy, "http://activemq.apache.org/schema/core":networkConnectorURIs, "http://activemq.apache.org/schema/core":networkConnectors, "http://activemq.apache.org/schema/core":persistenceAdapter, "http://activemq.apache.org/schema/core":persistenceFactory, "http://activemq.apache.org/schema/core":persistenceTaskRunnerFactory, "http://activemq.apache.org/schema/core":plugins, "http://activemq.apache.org/schema/core":producerSystemUsage, "http://activemq.apache.org/schema/core":proxyConnectors, "http://activemq.apache.org/schema/core":regionBroker, "http://activemq.apache.org/schema/core":services, "http://activemq.apache.org/schema/core":shutdownHooks, "http://activemq.apache.org/schema/core":sslContext, "http://activemq.apache.org/schema/core":startException, "http://activemq.apache.org/schema/core":systemUsage, "http://activemq.apache.org/schema/core":taskRunnerFactory, "http://activemq.apache.org/schema/core":tempDataStore, "http://activemq.apache.org/schema/core":transportConnectorURIs, "http://activemq.apache.org/schema/core":transportConnectors, WC[##other:"http://activemq.apache.org/schema/core"]}' 중 하나가 필요합니다. | org.apache.activemq.xbean.XBeanBrokerFactory | main
org.springframework.beans.factory.xml.XmlBeanDefinitionStoreException: Line 92 in XML document from class path resource [activemq.xml] is invalid; nested exception is org.xml.sax.SAXParseException; lineNumber: 92; columnNumber: 45; cvc-complex-type.2.4.a: 'networkConnector' 요소로 시작하는 부적합한 콘텐츠가 발견되었습니다. '{"http://activemq.apache.org/schema/core":adminView, "http://activemq.apache.org/schema/core":brokerContext, "http://activemq.apache.org/schema/core":consumerSystemUsage, "http://activemq.apache.org/schema/core":destinationFactory, "http://activemq.apache.org/schema/core":destinationInterceptors, "http://activemq.apache.org/schema/core":destinationPolicy, "http://activemq.apache.org/schema/core":destinations, "http://activemq.apache.org/schema/core":ioExceptionHandler, "http://activemq.apache.org/schema/core":jmsBridgeConnectors, "http://activemq.apache.org/schema/core":jobSchedulerStore, "http://activemq.apache.org/schema/core":managementContext, "http://activemq.apache.org/schema/core":messageAuthorizationPolicy, "http://activemq.apache.org/schema/core":networkConnectorURIs, "http://activemq.apache.org/schema/core":networkConnectors, "http://activemq.apache.org/schema/core":persistenceAdapter, "http://activemq.apache.org/schema/core":persistenceFactory, "http://activemq.apache.org/schema/core":persistenceTaskRunnerFactory, "http://activemq.apache.org/schema/core":plugins, "http://activemq.apache.org/schema/core":producerSystemUsage, "http://activemq.apache.org/schema/core":proxyConnectors, "http://activemq.apache.org/schema/core":regionBroker, "http://activemq.apache.org/schema/core":services, "http://activemq.apache.org/schema/core":shutdownHooks, "http://activemq.apache.org/schema/core":sslContext, "http://activemq.apache.org/schema/core":startException, "http://activemq.apache.org/schema/core":systemUsage, "http://activemq.apache.org/schema/core":taskRunnerFactory, "http://activemq.apache.org/schema/core":tempDataStore, "http://activemq.apache.org/schema/core":transportConnectorURIs, "http://activemq.apache.org/schema/core":transportConnectors, WC[##other:"http://activemq.apache.org/schema/core"]}' 중 하나가 필요합니다.
	at org.springframework.beans.factory.xml.XmlBeanDefinitionReader.doLoadBeanDefinitions(XmlBeanDefinitionReader.java:399)[spring-beans-4.3.9.RELEASE.jar:4.3.9.RELEASE]
	at org.springframework.beans.factory.xml.XmlBeanDefinitionReader.loadBeanDefinitions(XmlBeanDefinitionReader.java:336)[spring-beans-4.3.9.RELEASE.jar:4.3.9.RELEASE]
	at org.springframework.beans.factory.xml.XmlBeanDefinitionReader.loadBeanDefinitions(XmlBeanDefinitionReader.java:304)[spring-beans-4.3.9.RELEASE.jar:4.3.9.RELEASE]
	at org.apache.xbean.spring.context.ResourceXmlApplicationContext.loadBeanDefinitions(ResourceXmlApplicationContext.java:111)[xbean-spring-4.2.jar:4.2]
	at org.apache.xbean.spring.context.ResourceXmlApplicationContext.loadBeanDefinitions(ResourceXmlApplicationContext.java:104)[xbean-spring-4.2.jar:4.2]
	at org.springframework.context.support.AbstractRefreshableApplicationContext.refreshBeanFactory(AbstractRefreshableApplicationContext.java:129)[spring-context-4.3.9.RELEASE.jar:4.3.9.RELEASE]
	at org.springframework.context.support.AbstractApplicationContext.obtainFreshBeanFactory(AbstractApplicationContext.java:614)[spring-context-4.3.9.RELEASE.jar:4.3.9.RELEASE]
	at org.springframework.context.support.AbstractApplicationContext.refresh(AbstractApplicationContext.java:515)[spring-context-4.3.9.RELEASE.jar:4.3.9.RELEASE]
	at org.apache.xbean.spring.context.ResourceXmlApplicationContext.<init>(ResourceXmlApplicationContext.java:64)[xbean-spring-4.2.jar:4.2]
	at org.apache.xbean.spring.context.ResourceXmlApplicationContext.<init>(ResourceXmlApplicationContext.java:52)[xbean-spring-4.2.jar:4.2]
	at org.apache.activemq.xbean.XBeanBrokerFactory$1.<init>(XBeanBrokerFactory.java:104)[activemq-spring-5.15.3.jar:5.15.3]
	at org.apache.activemq.xbean.XBeanBrokerFactory.createApplicationContext(XBeanBrokerFactory.java:104)[activemq-spring-5.15.3.jar:5.15.3]
	at org.apache.activemq.xbean.XBeanBrokerFactory.createBroker(XBeanBrokerFactory.java:67)[activemq-spring-5.15.3.jar:5.15.3]
	at org.apache.activemq.broker.BrokerFactory.createBroker(BrokerFactory.java:71)[activemq-broker-5.15.3.jar:5.15.3]
	at org.apache.activemq.broker.BrokerFactory.createBroker(BrokerFactory.java:54)[activemq-broker-5.15.3.jar:5.15.3]
	at org.apache.activemq.console.command.StartCommand.runTask(StartCommand.java:87)[activemq-console-5.15.3.jar:5.15.3]
	at org.apache.activemq.console.command.AbstractCommand.execute(AbstractCommand.java:63)[activemq-console-5.15.3.jar:5.15.3]
	at org.apache.activemq.console.command.ShellCommand.runTask(ShellCommand.java:154)[activemq-console-5.15.3.jar:5.15.3]
	at org.apache.activemq.console.command.AbstractCommand.execute(AbstractCommand.java:63)[activemq-console-5.15.3.jar:5.15.3]
	at org.apache.activemq.console.command.ShellCommand.main(ShellCommand.java:104)[activemq-console-5.15.3.jar:5.15.3]
	at sun.reflect.NativeMethodAccessorImpl.invoke0(Native Method)[:1.8.0_151]
	at sun.reflect.NativeMethodAccessorImpl.invoke(NativeMethodAccessorImpl.java:62)[:1.8.0_151]
	at sun.reflect.DelegatingMethodAccessorImpl.invoke(DelegatingMethodAccessorImpl.java:43)[:1.8.0_151]
	at java.lang.reflect.Method.invoke(Method.java:498)[:1.8.0_151]
	at org.apache.activemq.console.Main.runTaskClass(Main.java:262)[activemq.jar:5.15.3]
	at org.apache.activemq.console.Main.main(Main.java:115)[activemq.jar:5.15.3]
2018-05-03 15:55:51,153 | INFO  | Refreshing org.apache.activemq.xbean.XBeanBrokerFactory$1@e45f292: startup date [Thu May 03 15:55:51 KST 2018]; root of context hierarchy | org.apache.activemq.xbean.XBeanBrokerFactory$1 | main
2018-05-03 15:55:51,484 | ERROR | Failed to load: class path resource [activemq.xml], reason: Line 92 in XML document from class path resource [activemq.xml] is invalid; nested exception is org.xml.sax.SAXParseException; lineNumber: 92; columnNumber: 45; cvc-complex-type.2.4.a: 'networkConnector' 요소로 시작하는 부적합한 콘텐츠가 발견되었습니다. '{"http://activemq.apache.org/schema/core":adminView, "http://activemq.apache.org/schema/core":brokerContext, "http://activemq.apache.org/schema/core":consumerSystemUsage, "http://activemq.apache.org/schema/core":destinationFactory, "http://activemq.apache.org/schema/core":destinationInterceptors, "http://activemq.apache.org/schema/core":destinationPolicy, "http://activemq.apache.org/schema/core":destinations, "http://activemq.apache.org/schema/core":ioExceptionHandler, "http://activemq.apache.org/schema/core":jmsBridgeConnectors, "http://activemq.apache.org/schema/core":jobSchedulerStore, "http://activemq.apache.org/schema/core":managementContext, "http://activemq.apache.org/schema/core":messageAuthorizationPolicy, "http://activemq.apache.org/schema/core":networkConnectorURIs, "http://activemq.apache.org/schema/core":networkConnectors, "http://activemq.apache.org/schema/core":persistenceAdapter, "http://activemq.apache.org/schema/core":persistenceFactory, "http://activemq.apache.org/schema/core":persistenceTaskRunnerFactory, "http://activemq.apache.org/schema/core":plugins, "http://activemq.apache.org/schema/core":producerSystemUsage, "http://activemq.apache.org/schema/core":proxyConnectors, "http://activemq.apache.org/schema/core":regionBroker, "http://activemq.apache.org/schema/core":services, "http://activemq.apache.org/schema/core":shutdownHooks, "http://activemq.apache.org/schema/core":sslContext, "http://activemq.apache.org/schema/core":startException, "http://activemq.apache.org/schema/core":systemUsage, "http://activemq.apache.org/schema/core":taskRunnerFactory, "http://activemq.apache.org/schema/core":tempDataStore, "http://activemq.apache.org/schema/core":transportConnectorURIs, "http://activemq.apache.org/schema/core":transportConnectors, WC[##other:"http://activemq.apache.org/schema/core"]}' 중 하나가 필요합니다. | org.apache.activemq.xbean.XBeanBrokerFactory | main
org.springframework.beans.factory.xml.XmlBeanDefinitionStoreException: Line 92 in XML document from class path resource [activemq.xml] is invalid; nested exception is org.xml.sax.SAXParseException; lineNumber: 92; columnNumber: 45; cvc-complex-type.2.4.a: 'networkConnector' 요소로 시작하는 부적합한 콘텐츠가 발견되었습니다. '{"http://activemq.apache.org/schema/core":adminView, "http://activemq.apache.org/schema/core":brokerContext, "http://activemq.apache.org/schema/core":consumerSystemUsage, "http://activemq.apache.org/schema/core":destinationFactory, "http://activemq.apache.org/schema/core":destinationInterceptors, "http://activemq.apache.org/schema/core":destinationPolicy, "http://activemq.apache.org/schema/core":destinations, "http://activemq.apache.org/schema/core":ioExceptionHandler, "http://activemq.apache.org/schema/core":jmsBridgeConnectors, "http://activemq.apache.org/schema/core":jobSchedulerStore, "http://activemq.apache.org/schema/core":managementContext, "http://activemq.apache.org/schema/core":messageAuthorizationPolicy, "http://activemq.apache.org/schema/core":networkConnectorURIs, "http://activemq.apache.org/schema/core":networkConnectors, "http://activemq.apache.org/schema/core":persistenceAdapter, "http://activemq.apache.org/schema/core":persistenceFactory, "http://activemq.apache.org/schema/core":persistenceTaskRunnerFactory, "http://activemq.apache.org/schema/core":plugins, "http://activemq.apache.org/schema/core":producerSystemUsage, "http://activemq.apache.org/schema/core":proxyConnectors, "http://activemq.apache.org/schema/core":regionBroker, "http://activemq.apache.org/schema/core":services, "http://activemq.apache.org/schema/core":shutdownHooks, "http://activemq.apache.org/schema/core":sslContext, "http://activemq.apache.org/schema/core":startException, "http://activemq.apache.org/schema/core":systemUsage, "http://activemq.apache.org/schema/core":taskRunnerFactory, "http://activemq.apache.org/schema/core":tempDataStore, "http://activemq.apache.org/schema/core":transportConnectorURIs, "http://activemq.apache.org/schema/core":transportConnectors, WC[##other:"http://activemq.apache.org/schema/core"]}' 중 하나가 필요합니다.
	at org.springframework.beans.factory.xml.XmlBeanDefinitionReader.doLoadBeanDefinitions(XmlBeanDefinitionReader.java:399)[spring-beans-4.3.9.RELEASE.jar:4.3.9.RELEASE]
	at org.springframework.beans.factory.xml.XmlBeanDefinitionReader.loadBeanDefinitions(XmlBeanDefinitionReader.java:336)[spring-beans-4.3.9.RELEASE.jar:4.3.9.RELEASE]
	at org.springframework.beans.factory.xml.XmlBeanDefinitionReader.loadBeanDefinitions(XmlBeanDefinitionReader.java:304)[spring-beans-4.3.9.RELEASE.jar:4.3.9.RELEASE]
	at org.apache.xbean.spring.context.ResourceXmlApplicationContext.loadBeanDefinitions(ResourceXmlApplicationContext.java:111)[xbean-spring-4.2.jar:4.2]
	at org.apache.xbean.spring.context.ResourceXmlApplicationContext.loadBeanDefinitions(ResourceXmlApplicationContext.java:104)[xbean-spring-4.2.jar:4.2]
	at org.springframework.context.support.AbstractRefreshableApplicationContext.refreshBeanFactory(AbstractRefreshableApplicationContext.java:129)[spring-context-4.3.9.RELEASE.jar:4.3.9.RELEASE]
	at org.springframework.context.support.AbstractApplicationContext.obtainFreshBeanFactory(AbstractApplicationContext.java:614)[spring-context-4.3.9.RELEASE.jar:4.3.9.RELEASE]
	at org.springframework.context.support.AbstractApplicationContext.refresh(AbstractApplicationContext.java:515)[spring-context-4.3.9.RELEASE.jar:4.3.9.RELEASE]
	at org.apache.xbean.spring.context.ResourceXmlApplicationContext.<init>(ResourceXmlApplicationContext.java:64)[xbean-spring-4.2.jar:4.2]
	at org.apache.xbean.spring.context.ResourceXmlApplicationContext.<init>(ResourceXmlApplicationContext.java:52)[xbean-spring-4.2.jar:4.2]
	at org.apache.activemq.xbean.XBeanBrokerFactory$1.<init>(XBeanBrokerFactory.java:104)[activemq-spring-5.15.3.jar:5.15.3]
	at org.apache.activemq.xbean.XBeanBrokerFactory.createApplicationContext(XBeanBrokerFactory.java:104)[activemq-spring-5.15.3.jar:5.15.3]
	at org.apache.activemq.xbean.XBeanBrokerFactory.createBroker(XBeanBrokerFactory.java:67)[activemq-spring-5.15.3.jar:5.15.3]
	at org.apache.activemq.broker.BrokerFactory.createBroker(BrokerFactory.java:71)[activemq-broker-5.15.3.jar:5.15.3]
	at org.apache.activemq.broker.BrokerFactory.createBroker(BrokerFactory.java:54)[activemq-broker-5.15.3.jar:5.15.3]
	at org.apache.activemq.console.command.StartCommand.runTask(StartCommand.java:87)[activemq-console-5.15.3.jar:5.15.3]
	at org.apache.activemq.console.command.AbstractCommand.execute(AbstractCommand.java:63)[activemq-console-5.15.3.jar:5.15.3]
	at org.apache.activemq.console.command.ShellCommand.runTask(ShellCommand.java:154)[activemq-console-5.15.3.jar:5.15.3]
	at org.apache.activemq.console.command.AbstractCommand.execute(AbstractCommand.java:63)[activemq-console-5.15.3.jar:5.15.3]
	at org.apache.activemq.console.command.ShellCommand.main(ShellCommand.java:104)[activemq-console-5.15.3.jar:5.15.3]
	at sun.reflect.NativeMethodAccessorImpl.invoke0(Native Method)[:1.8.0_151]
	at sun.reflect.NativeMethodAccessorImpl.invoke(NativeMethodAccessorImpl.java:62)[:1.8.0_151]
	at sun.reflect.DelegatingMethodAccessorImpl.invoke(DelegatingMethodAccessorImpl.java:43)[:1.8.0_151]
	at java.lang.reflect.Method.invoke(Method.java:498)[:1.8.0_151]
	at org.apache.activemq.console.Main.runTaskClass(Main.java:262)[activemq.jar:5.15.3]
	at org.apache.activemq.console.Main.main(Main.java:115)[activemq.jar:5.15.3]
2018-05-03 15:56:25,025 | INFO  | Refreshing org.apache.activemq.xbean.XBeanBrokerFactory$1@e45f292: startup date [Thu May 03 15:56:25 KST 2018]; root of context hierarchy | org.apache.activemq.xbean.XBeanBrokerFactory$1 | main
2018-05-03 15:56:26,077 | INFO  | Using Persistence Adapter: KahaDBPersistenceAdapter[C:\Users\admin\Downloads\apache-activemq-5.15.3-bin(1)\apache-activemq-5.15.3\bin\cluster\dynamic-broker3\data\kahadb] | org.apache.activemq.broker.BrokerService | main
2018-05-03 15:56:26,141 | INFO  | KahaDB is version 6 | org.apache.activemq.store.kahadb.MessageDatabase | main
2018-05-03 15:56:26,171 | INFO  | PListStore:[C:\Users\admin\Downloads\apache-activemq-5.15.3-bin(1)\apache-activemq-5.15.3\bin\cluster\dynamic-broker3\data\dynamic-broker3\tmp_storage] started | org.apache.activemq.store.kahadb.plist.PListStoreImpl | main
2018-05-03 15:56:26,357 | INFO  | Apache ActiveMQ 5.15.3 (dynamic-broker3, ID:Notebook-ssw-17368-1525330586185-0:1) is starting | org.apache.activemq.broker.BrokerService | main
2018-05-03 15:56:26,372 | INFO  | Listening for connections at: tcp://Notebook-ssw:61646 | org.apache.activemq.transport.TransportServerThreadSupport | main
2018-05-03 15:56:26,587 | INFO  | Connector openwire started | org.apache.activemq.broker.TransportConnector | main
2018-05-03 15:56:26,862 | INFO  | Network Connector DiscoveryNetworkConnector:NC:BrokerService[dynamic-broker3] started | org.apache.activemq.network.NetworkConnector | main
2018-05-03 15:56:26,864 | INFO  | Apache ActiveMQ 5.15.3 (dynamic-broker3, ID:Notebook-ssw-17368-1525330586185-0:1) started | org.apache.activemq.broker.BrokerService | main
2018-05-03 15:56:26,866 | INFO  | For help or more information please see: http://activemq.apache.org | org.apache.activemq.broker.BrokerService | main
2018-05-03 15:56:27,089 | INFO  | Establishing network connection from vm://dynamic-broker3 to tcp://Notebook-ssw:61626 | org.apache.activemq.network.DiscoveryNetworkConnector | Notifier-MulticastDiscoveryAgent-listener:DiscoveryNetworkConnector:NC:BrokerService[dynamic-broker3]
2018-05-03 15:56:27,101 | INFO  | Connector vm://dynamic-broker3 started | org.apache.activemq.broker.TransportConnector | Notifier-MulticastDiscoveryAgent-listener:DiscoveryNetworkConnector:NC:BrokerService[dynamic-broker3]
2018-05-03 15:56:27,123 | INFO  | Establishing network connection from vm://dynamic-broker3 to tcp://Notebook-ssw:61636 | org.apache.activemq.network.DiscoveryNetworkConnector | Notifier-MulticastDiscoveryAgent-listener:DiscoveryNetworkConnector:NC:BrokerService[dynamic-broker3]
2018-05-03 15:56:27,151 | INFO  | Network connection between vm://dynamic-broker3#0 and tcp://Notebook-ssw/192.168.0.113:61626@17371 (dynamic-broker1) has been established. | org.apache.activemq.network.DemandForwardingBridgeSupport | triggerStartAsyncNetworkBridgeCreation: remoteBroker=tcp://Notebook-ssw/192.168.0.113:61626@17371, localBroker= vm://dynamic-broker3#0
2018-05-03 15:56:27,174 | INFO  | Network connection between vm://dynamic-broker3#2 and tcp://Notebook-ssw/192.168.0.113:61636@17372 (dynamic-broker2) has been established. | org.apache.activemq.network.DemandForwardingBridgeSupport | triggerStartAsyncNetworkBridgeCreation: remoteBroker=tcp://Notebook-ssw/192.168.0.113:61636@17372, localBroker= vm://dynamic-broker3#2
2018-05-03 15:56:27,691 | INFO  | No Spring WebApplicationInitializer types detected on classpath | /admin | main
2018-05-03 15:56:27,998 | INFO  | ActiveMQ WebConsole available at http://0.0.0.0:8165/ | org.apache.activemq.web.WebConsoleStarter | main
2018-05-03 15:56:28,001 | INFO  | ActiveMQ Jolokia REST API available at http://0.0.0.0:8165/api/jolokia/ | org.apache.activemq.web.WebConsoleStarter | main
2018-05-03 15:56:28,103 | INFO  | Initializing Spring FrameworkServlet 'dispatcher' | /admin | main
2018-05-03 15:56:28,358 | INFO  | No Spring WebApplicationInitializer types detected on classpath | /api | main
2018-05-03 15:56:28,583 | INFO  | jolokia-agent: Using policy access restrictor classpath:/jolokia-access.xml | /api | main
2018-05-03 15:58:45,219 | WARN  | Transport Connection to: tcp://192.168.0.113:17369 failed: java.io.EOFException | org.apache.activemq.broker.TransportConnection.Transport | ActiveMQ Transport: tcp:///192.168.0.113:17369@61646
2018-05-03 15:58:45,241 | WARN  | Network connection between vm://dynamic-broker3#0 and tcp://Notebook-ssw/192.168.0.113:61626@17371 shutdown due to a remote error: {} | org.apache.activemq.network.DemandForwardingBridgeSupport | ActiveMQ Transport: tcp://Notebook-ssw/192.168.0.113:61626@17371
java.io.EOFException
	at java.io.DataInputStream.readInt(DataInputStream.java:392)[:1.8.0_151]
	at org.apache.activemq.openwire.OpenWireFormat.unmarshal(OpenWireFormat.java:268)[activemq-client-5.15.3.jar:5.15.3]
	at org.apache.activemq.transport.tcp.TcpTransport.readCommand(TcpTransport.java:240)[activemq-client-5.15.3.jar:5.15.3]
	at org.apache.activemq.transport.tcp.TcpTransport.doRun(TcpTransport.java:232)[activemq-client-5.15.3.jar:5.15.3]
	at org.apache.activemq.transport.tcp.TcpTransport.run(TcpTransport.java:215)[activemq-client-5.15.3.jar:5.15.3]
	at java.lang.Thread.run(Thread.java:748)[:1.8.0_151]
2018-05-03 15:58:45,257 | INFO  | dynamic-broker3 bridge to dynamic-broker1 stopped | org.apache.activemq.network.DemandForwardingBridgeSupport | ActiveMQ BrokerService[dynamic-broker3] Task-6
2018-05-03 15:59:57,676 | INFO  | Establishing network connection from vm://dynamic-broker3 to tcp://Notebook-ssw:61626 | org.apache.activemq.network.DiscoveryNetworkConnector | Notifier-MulticastDiscoveryAgent-listener:DiscoveryNetworkConnector:NC:BrokerService[dynamic-broker3]
2018-05-03 15:59:57,750 | INFO  | Network connection between vm://dynamic-broker3#4 and tcp://Notebook-ssw/192.168.0.113:61626@17393 (dynamic-broker1) has been established. | org.apache.activemq.network.DemandForwardingBridgeSupport | triggerStartAsyncNetworkBridgeCreation: remoteBroker=tcp://Notebook-ssw/192.168.0.113:61626@17393, localBroker= vm://dynamic-broker3#4
2018-05-03 16:01:41,643 | WARN  | Transport Connection to: tcp://127.0.0.1:17405 failed: java.net.SocketException: Connection reset | org.apache.activemq.broker.TransportConnection.Transport | ActiveMQ Transport: tcp:///127.0.0.1:17405@61646
2018-05-03 16:01:45,592 | WARN  | Transport Connection to: tcp://127.0.0.1:17407 failed: java.net.SocketException: Connection reset | org.apache.activemq.broker.TransportConnection.Transport | ActiveMQ Transport: tcp:///127.0.0.1:17407@61646
2018-05-03 16:02:56,551 | WARN  | Transport Connection to: tcp://192.168.0.113:17395 failed: java.io.EOFException | org.apache.activemq.broker.TransportConnection.Transport | ActiveMQ Transport: tcp:///192.168.0.113:17395@61646
2018-05-03 16:02:56,563 | WARN  | Network connection between vm://dynamic-broker3#4 and tcp://Notebook-ssw/192.168.0.113:61626@17393 shutdown due to a remote error: {} | org.apache.activemq.network.DemandForwardingBridgeSupport | ActiveMQ Transport: tcp://Notebook-ssw/192.168.0.113:61626@17393
java.io.EOFException
	at java.io.DataInputStream.readInt(DataInputStream.java:392)[:1.8.0_151]
	at org.apache.activemq.openwire.OpenWireFormat.unmarshal(OpenWireFormat.java:268)[activemq-client-5.15.3.jar:5.15.3]
	at org.apache.activemq.transport.tcp.TcpTransport.readCommand(TcpTransport.java:240)[activemq-client-5.15.3.jar:5.15.3]
	at org.apache.activemq.transport.tcp.TcpTransport.doRun(TcpTransport.java:232)[activemq-client-5.15.3.jar:5.15.3]
	at org.apache.activemq.transport.tcp.TcpTransport.run(TcpTransport.java:215)[activemq-client-5.15.3.jar:5.15.3]
	at java.lang.Thread.run(Thread.java:748)[:1.8.0_151]
2018-05-03 16:02:56,577 | INFO  | dynamic-broker3 bridge to dynamic-broker1 stopped | org.apache.activemq.network.DemandForwardingBridgeSupport | ActiveMQ BrokerService[dynamic-broker3] Task-15
2018-05-03 16:04:27,289 | INFO  | Establishing network connection from vm://dynamic-broker3 to tcp://Notebook-ssw:61626 | org.apache.activemq.network.DiscoveryNetworkConnector | Notifier-MulticastDiscoveryAgent-listener:DiscoveryNetworkConnector:NC:BrokerService[dynamic-broker3]
2018-05-03 16:04:27,370 | INFO  | Network connection between vm://dynamic-broker3#6 and tcp://Notebook-ssw/192.168.0.113:61626@17462 (dynamic-broker1) has been established. | org.apache.activemq.network.DemandForwardingBridgeSupport | triggerStartAsyncNetworkBridgeCreation: remoteBroker=tcp://Notebook-ssw/192.168.0.113:61626@17462, localBroker= vm://dynamic-broker3#6
2018-05-03 16:11:08,622 | WARN  | Transport Connection to: tcp://192.168.0.113:17464 failed: java.io.EOFException | org.apache.activemq.broker.TransportConnection.Transport | ActiveMQ Transport: tcp:///192.168.0.113:17464@61646
2018-05-03 16:11:08,632 | WARN  | Network connection between vm://dynamic-broker3#6 and tcp://Notebook-ssw/192.168.0.113:61626@17462 shutdown due to a remote error: {} | org.apache.activemq.network.DemandForwardingBridgeSupport | ActiveMQ Transport: tcp://Notebook-ssw/192.168.0.113:61626@17462
java.io.EOFException
	at java.io.DataInputStream.readInt(DataInputStream.java:392)[:1.8.0_151]
	at org.apache.activemq.openwire.OpenWireFormat.unmarshal(OpenWireFormat.java:268)[activemq-client-5.15.3.jar:5.15.3]
	at org.apache.activemq.transport.tcp.TcpTransport.readCommand(TcpTransport.java:240)[activemq-client-5.15.3.jar:5.15.3]
	at org.apache.activemq.transport.tcp.TcpTransport.doRun(TcpTransport.java:232)[activemq-client-5.15.3.jar:5.15.3]
	at org.apache.activemq.transport.tcp.TcpTransport.run(TcpTransport.java:215)[activemq-client-5.15.3.jar:5.15.3]
	at java.lang.Thread.run(Thread.java:748)[:1.8.0_151]
2018-05-03 16:11:08,653 | INFO  | dynamic-broker3 bridge to dynamic-broker1 stopped | org.apache.activemq.network.DemandForwardingBridgeSupport | ActiveMQ BrokerService[dynamic-broker3] Task-32
2018-05-03 16:11:13,361 | INFO  | Apache ActiveMQ 5.15.3 (dynamic-broker3, ID:Notebook-ssw-17368-1525330586185-0:1) is shutting down | org.apache.activemq.broker.BrokerService | ActiveMQ ShutdownHook
2018-05-03 16:11:13,364 | WARN  | Transport Connection to: vm://dynamic-broker3#2 failed: org.apache.activemq.transport.TransportDisposedIOException: peer (vm://dynamic-broker3#2) stopped. | org.apache.activemq.broker.TransportConnection.Transport | ActiveMQ ShutdownHook
2018-05-03 16:11:13,367 | INFO  | Connector vm://dynamic-broker3 stopped | org.apache.activemq.broker.TransportConnector | ActiveMQ ShutdownHook
2018-05-03 16:11:13,369 | INFO  | dynamic-broker3 bridge to dynamic-broker2 stopped | org.apache.activemq.network.DemandForwardingBridgeSupport | ActiveMQ ShutdownHook
2018-05-03 16:11:13,371 | INFO  | Network Connector DiscoveryNetworkConnector:NC:BrokerService[dynamic-broker3] stopped | org.apache.activemq.network.NetworkConnector | ActiveMQ ShutdownHook
2018-05-03 16:11:13,378 | INFO  | Connector openwire stopped | org.apache.activemq.broker.TransportConnector | ActiveMQ ShutdownHook
2018-05-03 16:11:13,382 | INFO  | PListStore:[C:\Users\admin\Downloads\apache-activemq-5.15.3-bin(1)\apache-activemq-5.15.3\bin\cluster\dynamic-broker3\data\dynamic-broker3\tmp_storage] stopped | org.apache.activemq.store.kahadb.plist.PListStoreImpl | ActiveMQ ShutdownHook
2018-05-03 16:11:13,383 | INFO  | Stopping async queue tasks | org.apache.activemq.store.kahadb.KahaDBStore | ActiveMQ ShutdownHook
2018-05-03 16:11:13,384 | INFO  | Stopping async topic tasks | org.apache.activemq.store.kahadb.KahaDBStore | ActiveMQ ShutdownHook
2018-05-03 16:11:13,385 | INFO  | Stopped KahaDB | org.apache.activemq.store.kahadb.KahaDBStore | ActiveMQ ShutdownHook
2018-05-03 16:11:13,412 | INFO  | Apache ActiveMQ 5.15.3 (dynamic-broker3, ID:Notebook-ssw-17368-1525330586185-0:1) uptime 14 minutes | org.apache.activemq.broker.BrokerService | ActiveMQ ShutdownHook
2018-05-03 16:11:13,414 | INFO  | Apache ActiveMQ 5.15.3 (dynamic-broker3, ID:Notebook-ssw-17368-1525330586185-0:1) is shutdown | org.apache.activemq.broker.BrokerService | ActiveMQ ShutdownHook
2018-05-03 16:11:13,415 | INFO  | Closing org.apache.activemq.xbean.XBeanBrokerFactory$1@e45f292: startup date [Thu May 03 15:56:25 KST 2018]; root of context hierarchy | org.apache.activemq.xbean.XBeanBrokerFactory$1 | ActiveMQ ShutdownHook
2018-05-03 16:11:13,448 | INFO  | Destroying Spring FrameworkServlet 'dispatcher' | /admin | ActiveMQ ShutdownHook
2018-05-03 17:09:08,942 | INFO  | Refreshing org.apache.activemq.xbean.XBeanBrokerFactory$1@e45f292: startup date [Thu May 03 17:09:08 KST 2018]; root of context hierarchy | org.apache.activemq.xbean.XBeanBrokerFactory$1 | main
2018-05-03 17:09:10,129 | INFO  | Using Persistence Adapter: KahaDBPersistenceAdapter[C:\Users\admin\Downloads\apache-activemq-5.15.3-bin(1)\apache-activemq-5.15.3\bin\cluster\dynamic-broker3\data\kahadb] | org.apache.activemq.broker.BrokerService | main
2018-05-03 17:09:10,194 | INFO  | KahaDB is version 6 | org.apache.activemq.store.kahadb.MessageDatabase | main
2018-05-03 17:09:10,231 | INFO  | PListStore:[C:\Users\admin\Downloads\apache-activemq-5.15.3-bin(1)\apache-activemq-5.15.3\bin\cluster\dynamic-broker3\data\dynamic-broker3\tmp_storage] started | org.apache.activemq.store.kahadb.plist.PListStoreImpl | main
2018-05-03 17:09:10,423 | INFO  | Apache ActiveMQ 5.15.3 (dynamic-broker3, ID:Notebook-ssw-18107-1525334950296-0:1) is starting | org.apache.activemq.broker.BrokerService | main
2018-05-03 17:09:10,485 | INFO  | Listening for connections at: tcp://Notebook-ssw:61646 | org.apache.activemq.transport.TransportServerThreadSupport | main
2018-05-03 17:09:10,713 | INFO  | Connector openwire started | org.apache.activemq.broker.TransportConnector | main
2018-05-03 17:09:10,975 | INFO  | Network Connector DiscoveryNetworkConnector:NC:BrokerService[dynamic-broker3] started | org.apache.activemq.network.NetworkConnector | main
2018-05-03 17:09:10,977 | INFO  | Apache ActiveMQ 5.15.3 (dynamic-broker3, ID:Notebook-ssw-18107-1525334950296-0:1) started | org.apache.activemq.broker.BrokerService | main
2018-05-03 17:09:10,979 | INFO  | For help or more information please see: http://activemq.apache.org | org.apache.activemq.broker.BrokerService | main
2018-05-03 17:09:11,218 | INFO  | Establishing network connection from vm://dynamic-broker3 to tcp://Notebook-ssw:61626 | org.apache.activemq.network.DiscoveryNetworkConnector | Notifier-MulticastDiscoveryAgent-listener:DiscoveryNetworkConnector:NC:BrokerService[dynamic-broker3]
2018-05-03 17:09:11,249 | INFO  | Connector vm://dynamic-broker3 started | org.apache.activemq.broker.TransportConnector | Notifier-MulticastDiscoveryAgent-listener:DiscoveryNetworkConnector:NC:BrokerService[dynamic-broker3]
2018-05-03 17:09:11,268 | INFO  | Establishing network connection from vm://dynamic-broker3 to tcp://Notebook-ssw:61636 | org.apache.activemq.network.DiscoveryNetworkConnector | Notifier-MulticastDiscoveryAgent-listener:DiscoveryNetworkConnector:NC:BrokerService[dynamic-broker3]
2018-05-03 17:09:11,313 | INFO  | Network connection between vm://dynamic-broker3#0 and tcp://Notebook-ssw/192.168.0.113:61626@18110 (dynamic-broker1) has been established. | org.apache.activemq.network.DemandForwardingBridgeSupport | triggerStartAsyncNetworkBridgeCreation: remoteBroker=tcp://Notebook-ssw/192.168.0.113:61626@18110, localBroker= vm://dynamic-broker3#0
2018-05-03 17:09:11,313 | INFO  | Network connection between vm://dynamic-broker3#2 and tcp://Notebook-ssw/192.168.0.113:61636@18111 (dynamic-broker2) has been established. | org.apache.activemq.network.DemandForwardingBridgeSupport | triggerStartAsyncNetworkBridgeCreation: remoteBroker=tcp://Notebook-ssw/192.168.0.113:61636@18111, localBroker= vm://dynamic-broker3#2
2018-05-03 17:09:12,015 | INFO  | No Spring WebApplicationInitializer types detected on classpath | /admin | main
2018-05-03 17:09:12,161 | INFO  | ActiveMQ WebConsole available at http://0.0.0.0:8165/ | org.apache.activemq.web.WebConsoleStarter | main
2018-05-03 17:09:12,163 | INFO  | ActiveMQ Jolokia REST API available at http://0.0.0.0:8165/api/jolokia/ | org.apache.activemq.web.WebConsoleStarter | main
2018-05-03 17:09:12,264 | INFO  | Initializing Spring FrameworkServlet 'dispatcher' | /admin | main
2018-05-03 17:09:12,554 | INFO  | No Spring WebApplicationInitializer types detected on classpath | /api | main
2018-05-03 17:09:12,781 | INFO  | jolokia-agent: Using policy access restrictor classpath:/jolokia-access.xml | /api | main
2018-05-03 17:17:59,528 | WARN  | Transport Connection to: tcp://192.168.0.113:18109 failed: java.io.EOFException | org.apache.activemq.broker.TransportConnection.Transport | ActiveMQ Transport: tcp:///192.168.0.113:18109@61646
2018-05-03 17:17:59,556 | WARN  | Network connection between vm://dynamic-broker3#2 and tcp://Notebook-ssw/192.168.0.113:61636@18111 shutdown due to a remote error: {} | org.apache.activemq.network.DemandForwardingBridgeSupport | ActiveMQ Transport: tcp://Notebook-ssw/192.168.0.113:61636@18111
java.io.EOFException
	at java.io.DataInputStream.readInt(DataInputStream.java:392)[:1.8.0_151]
	at org.apache.activemq.openwire.OpenWireFormat.unmarshal(OpenWireFormat.java:268)[activemq-client-5.15.3.jar:5.15.3]
	at org.apache.activemq.transport.tcp.TcpTransport.readCommand(TcpTransport.java:240)[activemq-client-5.15.3.jar:5.15.3]
	at org.apache.activemq.transport.tcp.TcpTransport.doRun(TcpTransport.java:232)[activemq-client-5.15.3.jar:5.15.3]
	at org.apache.activemq.transport.tcp.TcpTransport.run(TcpTransport.java:215)[activemq-client-5.15.3.jar:5.15.3]
	at java.lang.Thread.run(Thread.java:748)[:1.8.0_151]
2018-05-03 17:17:59,588 | INFO  | dynamic-broker3 bridge to dynamic-broker2 stopped | org.apache.activemq.network.DemandForwardingBridgeSupport | ActiveMQ BrokerService[dynamic-broker3] Task-11
2018-05-03 17:18:38,932 | INFO  | Establishing network connection from vm://dynamic-broker3 to tcp://Notebook-ssw:61636 | org.apache.activemq.network.DiscoveryNetworkConnector | Notifier-MulticastDiscoveryAgent-listener:DiscoveryNetworkConnector:NC:BrokerService[dynamic-broker3]
2018-05-03 17:18:39,006 | INFO  | Network connection between vm://dynamic-broker3#4 and tcp://Notebook-ssw/192.168.0.113:61636@18187 (dynamic-broker2) has been established. | org.apache.activemq.network.DemandForwardingBridgeSupport | triggerStartAsyncNetworkBridgeCreation: remoteBroker=tcp://Notebook-ssw/192.168.0.113:61636@18187, localBroker= vm://dynamic-broker3#4
2018-05-03 17:21:13,671 | INFO  | Apache ActiveMQ 5.15.3 (dynamic-broker3, ID:Notebook-ssw-18107-1525334950296-0:1) is shutting down | org.apache.activemq.broker.BrokerService | ActiveMQ ShutdownHook
2018-05-03 17:21:13,674 | WARN  | Transport Connection to: vm://dynamic-broker3#0 failed: org.apache.activemq.transport.TransportDisposedIOException: peer (vm://dynamic-broker3#0) stopped. | org.apache.activemq.broker.TransportConnection.Transport | ActiveMQ ShutdownHook
2018-05-03 17:21:13,676 | INFO  | dynamic-broker3 bridge to dynamic-broker1 stopped | org.apache.activemq.network.DemandForwardingBridgeSupport | ActiveMQ ShutdownHook
2018-05-03 17:21:13,679 | WARN  | Transport Connection to: tcp://192.168.0.113:18108 failed: java.io.IOException: Unexpected error occurred: org.apache.activemq.broker.BrokerStoppedException: Broker BrokerService[dynamic-broker3] is being stopped | org.apache.activemq.broker.TransportConnection.Transport | ActiveMQ Transport: tcp:///192.168.0.113:18108@61646
2018-05-03 17:21:13,683 | WARN  | Transport Connection to: vm://dynamic-broker3#4 failed: org.apache.activemq.transport.TransportDisposedIOException: peer (vm://dynamic-broker3#4) stopped. | org.apache.activemq.broker.TransportConnection.Transport | ActiveMQ ShutdownHook
2018-05-03 17:21:13,686 | WARN  | Transport Connection to: tcp://192.168.0.113:18189 failed: java.io.IOException: Unexpected error occurred: org.apache.activemq.broker.BrokerStoppedException: Broker BrokerService[dynamic-broker3] is being stopped | org.apache.activemq.broker.TransportConnection.Transport | ActiveMQ Transport: tcp:///192.168.0.113:18189@61646
2018-05-03 17:21:13,699 | INFO  | Connector vm://dynamic-broker3 stopped | org.apache.activemq.broker.TransportConnector | ActiveMQ ShutdownHook
2018-05-03 17:21:13,704 | INFO  | dynamic-broker3 bridge to dynamic-broker2 stopped | org.apache.activemq.network.DemandForwardingBridgeSupport | ActiveMQ ShutdownHook
2018-05-03 17:21:13,708 | INFO  | Network Connector DiscoveryNetworkConnector:NC:BrokerService[dynamic-broker3] stopped | org.apache.activemq.network.NetworkConnector | ActiveMQ ShutdownHook
2018-05-03 17:21:13,711 | INFO  | Connector openwire stopped | org.apache.activemq.broker.TransportConnector | ActiveMQ ShutdownHook
2018-05-03 17:21:13,717 | INFO  | PListStore:[C:\Users\admin\Downloads\apache-activemq-5.15.3-bin(1)\apache-activemq-5.15.3\bin\cluster\dynamic-broker3\data\dynamic-broker3\tmp_storage] stopped | org.apache.activemq.store.kahadb.plist.PListStoreImpl | ActiveMQ ShutdownHook
2018-05-03 17:21:13,720 | INFO  | Stopping async queue tasks | org.apache.activemq.store.kahadb.KahaDBStore | ActiveMQ ShutdownHook
2018-05-03 17:21:13,721 | INFO  | Stopping async topic tasks | org.apache.activemq.store.kahadb.KahaDBStore | ActiveMQ ShutdownHook
2018-05-03 17:21:13,722 | INFO  | Stopped KahaDB | org.apache.activemq.store.kahadb.KahaDBStore | ActiveMQ ShutdownHook
2018-05-03 17:21:13,743 | INFO  | Apache ActiveMQ 5.15.3 (dynamic-broker3, ID:Notebook-ssw-18107-1525334950296-0:1) uptime 12 minutes | org.apache.activemq.broker.BrokerService | ActiveMQ ShutdownHook
2018-05-03 17:21:13,747 | INFO  | Apache ActiveMQ 5.15.3 (dynamic-broker3, ID:Notebook-ssw-18107-1525334950296-0:1) is shutdown | org.apache.activemq.broker.BrokerService | ActiveMQ ShutdownHook
2018-05-03 17:21:13,749 | INFO  | Closing org.apache.activemq.xbean.XBeanBrokerFactory$1@e45f292: startup date [Thu May 03 17:09:08 KST 2018]; root of context hierarchy | org.apache.activemq.xbean.XBeanBrokerFactory$1 | ActiveMQ ShutdownHook
2018-05-03 17:21:13,764 | INFO  | Destroying Spring FrameworkServlet 'dispatcher' | /admin | ActiveMQ ShutdownHook
2018-05-03 17:21:25,851 | INFO  | Refreshing org.apache.activemq.xbean.XBeanBrokerFactory$1@e45f292: startup date [Thu May 03 17:21:25 KST 2018]; root of context hierarchy | org.apache.activemq.xbean.XBeanBrokerFactory$1 | main
2018-05-03 17:21:26,906 | INFO  | Using Persistence Adapter: KahaDBPersistenceAdapter[C:\Users\admin\Downloads\apache-activemq-5.15.3-bin(1)\apache-activemq-5.15.3\bin\cluster\dynamic-broker3\data\kahadb] | org.apache.activemq.broker.BrokerService | main
2018-05-03 17:21:26,982 | INFO  | KahaDB is version 6 | org.apache.activemq.store.kahadb.MessageDatabase | main
2018-05-03 17:21:27,021 | INFO  | PListStore:[C:\Users\admin\Downloads\apache-activemq-5.15.3-bin(1)\apache-activemq-5.15.3\bin\cluster\dynamic-broker3\data\dynamic-broker3\tmp_storage] started | org.apache.activemq.store.kahadb.plist.PListStoreImpl | main
2018-05-03 17:21:27,219 | INFO  | Apache ActiveMQ 5.15.3 (dynamic-broker3, ID:Notebook-ssw-18213-1525335687092-0:1) is starting | org.apache.activemq.broker.BrokerService | main
2018-05-03 17:21:27,294 | INFO  | Listening for connections at: tcp://Notebook-ssw:61646 | org.apache.activemq.transport.TransportServerThreadSupport | main
2018-05-03 17:21:27,511 | INFO  | Connector openwire started | org.apache.activemq.broker.TransportConnector | main
2018-05-03 17:21:27,769 | INFO  | Network Connector DiscoveryNetworkConnector:NC:BrokerService[dynamic-broker3] started | org.apache.activemq.network.NetworkConnector | main
2018-05-03 17:21:27,771 | INFO  | Apache ActiveMQ 5.15.3 (dynamic-broker3, ID:Notebook-ssw-18213-1525335687092-0:1) started | org.apache.activemq.broker.BrokerService | main
2018-05-03 17:21:27,773 | INFO  | For help or more information please see: http://activemq.apache.org | org.apache.activemq.broker.BrokerService | main
2018-05-03 17:21:28,015 | INFO  | Establishing network connection from vm://dynamic-broker3 to tcp://Notebook-ssw:61626 | org.apache.activemq.network.DiscoveryNetworkConnector | Notifier-MulticastDiscoveryAgent-listener:DiscoveryNetworkConnector:NC:BrokerService[dynamic-broker3]
2018-05-03 17:21:28,026 | INFO  | Connector vm://dynamic-broker3 started | org.apache.activemq.broker.TransportConnector | Notifier-MulticastDiscoveryAgent-listener:DiscoveryNetworkConnector:NC:BrokerService[dynamic-broker3]
2018-05-03 17:21:28,050 | INFO  | Establishing network connection from vm://dynamic-broker3 to tcp://Notebook-ssw:61636 | org.apache.activemq.network.DiscoveryNetworkConnector | Notifier-MulticastDiscoveryAgent-listener:DiscoveryNetworkConnector:NC:BrokerService[dynamic-broker3]
2018-05-03 17:21:28,060 | INFO  | Network connection between vm://dynamic-broker3#0 and tcp://Notebook-ssw/192.168.0.113:61626@18216 (dynamic-broker1) has been established. | org.apache.activemq.network.DemandForwardingBridgeSupport | triggerStartAsyncNetworkBridgeCreation: remoteBroker=tcp://Notebook-ssw/192.168.0.113:61626@18216, localBroker= vm://dynamic-broker3#0
2018-05-03 17:21:28,128 | INFO  | Network connection between vm://dynamic-broker3#2 and tcp://Notebook-ssw/192.168.0.113:61636@18217 (dynamic-broker2) has been established. | org.apache.activemq.network.DemandForwardingBridgeSupport | triggerStartAsyncNetworkBridgeCreation: remoteBroker=tcp://Notebook-ssw/192.168.0.113:61636@18217, localBroker= vm://dynamic-broker3#2
2018-05-03 17:21:28,856 | INFO  | No Spring WebApplicationInitializer types detected on classpath | /admin | main
2018-05-03 17:21:29,016 | INFO  | ActiveMQ WebConsole available at http://0.0.0.0:8165/ | org.apache.activemq.web.WebConsoleStarter | main
2018-05-03 17:21:29,019 | INFO  | ActiveMQ Jolokia REST API available at http://0.0.0.0:8165/api/jolokia/ | org.apache.activemq.web.WebConsoleStarter | main
2018-05-03 17:21:29,132 | INFO  | Initializing Spring FrameworkServlet 'dispatcher' | /admin | main
2018-05-03 17:21:29,377 | INFO  | No Spring WebApplicationInitializer types detected on classpath | /api | main
2018-05-03 17:21:29,557 | INFO  | jolokia-agent: Using policy access restrictor classpath:/jolokia-access.xml | /api | main
2018-05-03 17:24:24,149 | INFO  | Apache ActiveMQ 5.15.3 (dynamic-broker3, ID:Notebook-ssw-18213-1525335687092-0:1) is shutting down | org.apache.activemq.broker.BrokerService | Thread-19
2018-05-03 17:24:24,156 | WARN  | Transport Connection to: vm://dynamic-broker3#0 failed: org.apache.activemq.transport.TransportDisposedIOException: peer (vm://dynamic-broker3#0) stopped. | org.apache.activemq.broker.TransportConnection.Transport | Thread-19
2018-05-03 17:24:24,158 | INFO  | dynamic-broker3 bridge to dynamic-broker1 stopped | org.apache.activemq.network.DemandForwardingBridgeSupport | Thread-19
2018-05-03 17:24:24,160 | WARN  | Transport Connection to: vm://dynamic-broker3#2 failed: org.apache.activemq.transport.TransportDisposedIOException: peer (vm://dynamic-broker3#2) stopped. | org.apache.activemq.broker.TransportConnection.Transport | Thread-19
2018-05-03 17:24:24,162 | INFO  | Connector vm://dynamic-broker3 stopped | org.apache.activemq.broker.TransportConnector | Thread-19
2018-05-03 17:24:24,164 | INFO  | dynamic-broker3 bridge to dynamic-broker2 stopped | org.apache.activemq.network.DemandForwardingBridgeSupport | Thread-19
2018-05-03 17:24:24,165 | INFO  | Network Connector DiscoveryNetworkConnector:NC:BrokerService[dynamic-broker3] stopped | org.apache.activemq.network.NetworkConnector | Thread-19
2018-05-03 17:24:24,168 | INFO  | socketQueue interrupted - stopping | org.apache.activemq.transport.tcp.TcpTransportServer | ActiveMQ Transport Server Thread Handler: tcp://0.0.0.0:61646
2018-05-03 17:24:24,172 | INFO  | Could not accept connection during shutdown  : {} | org.apache.activemq.broker.TransportConnector | ActiveMQ Transport Server Thread Handler: tcp://0.0.0.0:61646
java.lang.InterruptedException
	at java.util.concurrent.locks.AbstractQueuedSynchronizer$ConditionObject.reportInterruptAfterWait(AbstractQueuedSynchronizer.java:2014)[:1.8.0_151]
	at java.util.concurrent.locks.AbstractQueuedSynchronizer$ConditionObject.awaitNanos(AbstractQueuedSynchronizer.java:2088)[:1.8.0_151]
	at java.util.concurrent.LinkedBlockingQueue.poll(LinkedBlockingQueue.java:467)[:1.8.0_151]
	at org.apache.activemq.transport.tcp.TcpTransportServer$1.run(TcpTransportServer.java:479)[activemq-client-5.15.3.jar:5.15.3]
	at java.lang.Thread.run(Thread.java:748)[:1.8.0_151]
2018-05-03 17:24:24,187 | INFO  | Connector openwire stopped | org.apache.activemq.broker.TransportConnector | Thread-19
2018-05-03 17:24:24,197 | INFO  | PListStore:[C:\Users\admin\Downloads\apache-activemq-5.15.3-bin(1)\apache-activemq-5.15.3\bin\cluster\dynamic-broker3\data\dynamic-broker3\tmp_storage] stopped | org.apache.activemq.store.kahadb.plist.PListStoreImpl | Thread-19
2018-05-03 17:24:24,199 | INFO  | Stopping async queue tasks | org.apache.activemq.store.kahadb.KahaDBStore | Thread-19
2018-05-03 17:24:24,201 | INFO  | Stopping async topic tasks | org.apache.activemq.store.kahadb.KahaDBStore | Thread-19
2018-05-03 17:24:24,203 | INFO  | Stopped KahaDB | org.apache.activemq.store.kahadb.KahaDBStore | Thread-19
2018-05-03 17:24:24,236 | INFO  | Apache ActiveMQ 5.15.3 (dynamic-broker3, ID:Notebook-ssw-18213-1525335687092-0:1) uptime 2 minutes | org.apache.activemq.broker.BrokerService | Thread-19
2018-05-03 17:24:24,239 | INFO  | Apache ActiveMQ 5.15.3 (dynamic-broker3, ID:Notebook-ssw-18213-1525335687092-0:1) is shutdown | org.apache.activemq.broker.BrokerService | Thread-19
2018-05-03 17:24:24,242 | INFO  | Closing org.apache.activemq.xbean.XBeanBrokerFactory$1@e45f292: startup date [Thu May 03 17:21:25 KST 2018]; root of context hierarchy | org.apache.activemq.xbean.XBeanBrokerFactory$1 | Thread-19
2018-05-03 17:24:24,265 | INFO  | Destroying Spring FrameworkServlet 'dispatcher' | /admin | Thread-19
2018-05-03 17:25:30,659 | INFO  | Refreshing org.apache.activemq.xbean.XBeanBrokerFactory$1@e45f292: startup date [Thu May 03 17:25:30 KST 2018]; root of context hierarchy | org.apache.activemq.xbean.XBeanBrokerFactory$1 | main
2018-05-03 17:25:33,359 | INFO  | Using Persistence Adapter: KahaDBPersistenceAdapter[C:\Users\admin\Downloads\apache-activemq-5.15.3-bin(1)\apache-activemq-5.15.3\bin\cluster\dynamic-broker3\data\kahadb] | org.apache.activemq.broker.BrokerService | main
2018-05-03 17:25:33,468 | INFO  | KahaDB is version 6 | org.apache.activemq.store.kahadb.MessageDatabase | main
2018-05-03 17:25:33,549 | INFO  | PListStore:[C:\Users\admin\Downloads\apache-activemq-5.15.3-bin(1)\apache-activemq-5.15.3\bin\cluster\dynamic-broker3\data\dynamic-broker3\tmp_storage] started | org.apache.activemq.store.kahadb.plist.PListStoreImpl | main
2018-05-03 17:25:33,876 | INFO  | Apache ActiveMQ 5.15.3 (dynamic-broker3, ID:Notebook-ssw-18259-1525335933683-0:1) is starting | org.apache.activemq.broker.BrokerService | main
2018-05-03 17:25:34,000 | INFO  | Listening for connections at: tcp://Notebook-ssw:61646 | org.apache.activemq.transport.TransportServerThreadSupport | main
2018-05-03 17:25:34,366 | INFO  | Connector openwire started | org.apache.activemq.broker.TransportConnector | main
2018-05-03 17:25:34,692 | INFO  | Network Connector DiscoveryNetworkConnector:NC:BrokerService[dynamic-broker3] started | org.apache.activemq.network.NetworkConnector | main
2018-05-03 17:25:34,694 | INFO  | Apache ActiveMQ 5.15.3 (dynamic-broker3, ID:Notebook-ssw-18259-1525335933683-0:1) started | org.apache.activemq.broker.BrokerService | main
2018-05-03 17:25:34,696 | INFO  | For help or more information please see: http://activemq.apache.org | org.apache.activemq.broker.BrokerService | main
2018-05-03 17:25:34,871 | INFO  | Establishing network connection from vm://dynamic-broker3 to tcp://Notebook-ssw:61626 | org.apache.activemq.network.DiscoveryNetworkConnector | Notifier-MulticastDiscoveryAgent-listener:DiscoveryNetworkConnector:NC:BrokerService[dynamic-broker3]
2018-05-03 17:25:34,885 | INFO  | Connector vm://dynamic-broker3 started | org.apache.activemq.broker.TransportConnector | Notifier-MulticastDiscoveryAgent-listener:DiscoveryNetworkConnector:NC:BrokerService[dynamic-broker3]
2018-05-03 17:25:34,914 | INFO  | Establishing network connection from vm://dynamic-broker3 to tcp://Notebook-ssw:61636 | org.apache.activemq.network.DiscoveryNetworkConnector | Notifier-MulticastDiscoveryAgent-listener:DiscoveryNetworkConnector:NC:BrokerService[dynamic-broker3]
2018-05-03 17:25:34,948 | INFO  | Network connection between vm://dynamic-broker3#0 and tcp://Notebook-ssw/192.168.0.113:61626@18266 (dynamic-broker1) has been established. | org.apache.activemq.network.DemandForwardingBridgeSupport | triggerStartAsyncNetworkBridgeCreation: remoteBroker=tcp://Notebook-ssw/192.168.0.113:61626@18266, localBroker= vm://dynamic-broker3#0
2018-05-03 17:25:34,951 | INFO  | Network connection between vm://dynamic-broker3#2 and tcp://Notebook-ssw/192.168.0.113:61636@18267 (dynamic-broker2) has been established. | org.apache.activemq.network.DemandForwardingBridgeSupport | triggerStartAsyncNetworkBridgeCreation: remoteBroker=tcp://Notebook-ssw/192.168.0.113:61636@18267, localBroker= vm://dynamic-broker3#2
2018-05-03 17:25:35,991 | INFO  | No Spring WebApplicationInitializer types detected on classpath | /admin | main
2018-05-03 17:25:36,164 | INFO  | ActiveMQ WebConsole available at http://0.0.0.0:8165/ | org.apache.activemq.web.WebConsoleStarter | main
2018-05-03 17:25:36,169 | INFO  | ActiveMQ Jolokia REST API available at http://0.0.0.0:8165/api/jolokia/ | org.apache.activemq.web.WebConsoleStarter | main
2018-05-03 17:25:36,299 | INFO  | Initializing Spring FrameworkServlet 'dispatcher' | /admin | main
2018-05-03 17:25:36,565 | INFO  | No Spring WebApplicationInitializer types detected on classpath | /api | main
2018-05-03 17:25:36,760 | INFO  | jolokia-agent: Using policy access restrictor classpath:/jolokia-access.xml | /api | main
2018-05-03 17:26:12,391 | WARN  | Transport Connection to: tcp://192.168.0.113:18260 failed: java.io.EOFException | org.apache.activemq.broker.TransportConnection.Transport | ActiveMQ Transport: tcp:///192.168.0.113:18260@61646
2018-05-03 17:26:12,411 | WARN  | Network connection between vm://dynamic-broker3#2 and tcp://Notebook-ssw/192.168.0.113:61636@18267 shutdown due to a remote error: {} | org.apache.activemq.network.DemandForwardingBridgeSupport | ActiveMQ Transport: tcp://Notebook-ssw/192.168.0.113:61636@18267
java.io.EOFException
	at java.io.DataInputStream.readInt(DataInputStream.java:392)[:1.8.0_151]
	at org.apache.activemq.openwire.OpenWireFormat.unmarshal(OpenWireFormat.java:268)[activemq-client-5.15.3.jar:5.15.3]
	at org.apache.activemq.transport.tcp.TcpTransport.readCommand(TcpTransport.java:240)[activemq-client-5.15.3.jar:5.15.3]
	at org.apache.activemq.transport.tcp.TcpTransport.doRun(TcpTransport.java:232)[activemq-client-5.15.3.jar:5.15.3]
	at org.apache.activemq.transport.tcp.TcpTransport.run(TcpTransport.java:215)[activemq-client-5.15.3.jar:5.15.3]
	at java.lang.Thread.run(Thread.java:748)[:1.8.0_151]
2018-05-03 17:26:12,428 | INFO  | dynamic-broker3 bridge to dynamic-broker2 stopped | org.apache.activemq.network.DemandForwardingBridgeSupport | ActiveMQ BrokerService[dynamic-broker3] Task-1
2018-05-03 17:26:20,767 | INFO  | Establishing network connection from vm://dynamic-broker3 to tcp://Notebook-ssw:61636 | org.apache.activemq.network.DiscoveryNetworkConnector | Notifier-MulticastDiscoveryAgent-listener:DiscoveryNetworkConnector:NC:BrokerService[dynamic-broker3]
2018-05-03 17:26:20,792 | INFO  | Network connection between vm://dynamic-broker3#4 and tcp://Notebook-ssw/192.168.0.113:61636@18286 (dynamic-broker2) has been established. | org.apache.activemq.network.DemandForwardingBridgeSupport | triggerStartAsyncNetworkBridgeCreation: remoteBroker=tcp://Notebook-ssw/192.168.0.113:61636@18286, localBroker= vm://dynamic-broker3#4
2018-05-03 17:44:56,339 | WARN  | Transport Connection to: tcp://127.0.0.1:18273 failed: java.net.SocketException: Connection reset | org.apache.activemq.broker.TransportConnection.Transport | ActiveMQ Transport: tcp:///127.0.0.1:18273@61646
2018-05-03 17:45:18,190 | WARN  | Transport Connection to: tcp://192.168.0.113:18288 failed: java.io.EOFException | org.apache.activemq.broker.TransportConnection.Transport | ActiveMQ Transport: tcp:///192.168.0.113:18288@61646
2018-05-03 17:45:18,215 | WARN  | Network connection between vm://dynamic-broker3#4 and tcp://Notebook-ssw/192.168.0.113:61636@18286 shutdown due to a remote error: {} | org.apache.activemq.network.DemandForwardingBridgeSupport | ActiveMQ Transport: tcp://Notebook-ssw/192.168.0.113:61636@18286
java.io.EOFException
	at java.io.DataInputStream.readInt(DataInputStream.java:392)[:1.8.0_151]
	at org.apache.activemq.openwire.OpenWireFormat.unmarshal(OpenWireFormat.java:268)[activemq-client-5.15.3.jar:5.15.3]
	at org.apache.activemq.transport.tcp.TcpTransport.readCommand(TcpTransport.java:240)[activemq-client-5.15.3.jar:5.15.3]
	at org.apache.activemq.transport.tcp.TcpTransport.doRun(TcpTransport.java:232)[activemq-client-5.15.3.jar:5.15.3]
	at org.apache.activemq.transport.tcp.TcpTransport.run(TcpTransport.java:215)[activemq-client-5.15.3.jar:5.15.3]
	at java.lang.Thread.run(Thread.java:748)[:1.8.0_151]
2018-05-03 17:45:18,224 | INFO  | dynamic-broker3 bridge to dynamic-broker2 stopped | org.apache.activemq.network.DemandForwardingBridgeSupport | ActiveMQ BrokerService[dynamic-broker3] Task-9
2018-05-03 17:45:19,957 | WARN  | Transport Connection to: tcp://192.168.0.113:18261 failed: java.io.EOFException | org.apache.activemq.broker.TransportConnection.Transport | ActiveMQ Transport: tcp:///192.168.0.113:18261@61646
2018-05-03 17:45:19,991 | WARN  | Network connection between vm://dynamic-broker3#0 and tcp://Notebook-ssw/192.168.0.113:61626@18266 shutdown due to a remote error: {} | org.apache.activemq.network.DemandForwardingBridgeSupport | ActiveMQ Transport: tcp://Notebook-ssw/192.168.0.113:61626@18266
java.io.EOFException
	at java.io.DataInputStream.readInt(DataInputStream.java:392)[:1.8.0_151]
	at org.apache.activemq.openwire.OpenWireFormat.unmarshal(OpenWireFormat.java:268)[activemq-client-5.15.3.jar:5.15.3]
	at org.apache.activemq.transport.tcp.TcpTransport.readCommand(TcpTransport.java:240)[activemq-client-5.15.3.jar:5.15.3]
	at org.apache.activemq.transport.tcp.TcpTransport.doRun(TcpTransport.java:232)[activemq-client-5.15.3.jar:5.15.3]
	at org.apache.activemq.transport.tcp.TcpTransport.run(TcpTransport.java:215)[activemq-client-5.15.3.jar:5.15.3]
	at java.lang.Thread.run(Thread.java:748)[:1.8.0_151]
2018-05-03 17:45:20,060 | INFO  | Connector vm://dynamic-broker3 stopped | org.apache.activemq.broker.TransportConnector | ActiveMQ BrokerService[dynamic-broker3] Task-9
2018-05-03 17:45:20,065 | INFO  | dynamic-broker3 bridge to dynamic-broker1 stopped | org.apache.activemq.network.DemandForwardingBridgeSupport | ActiveMQ BrokerService[dynamic-broker3] Task-9
2018-05-03 17:45:20,638 | INFO  | Apache ActiveMQ 5.15.3 (dynamic-broker3, ID:Notebook-ssw-18259-1525335933683-0:1) is shutting down | org.apache.activemq.broker.BrokerService | Thread-19
2018-05-03 17:45:20,641 | INFO  | Network Connector DiscoveryNetworkConnector:NC:BrokerService[dynamic-broker3] stopped | org.apache.activemq.network.NetworkConnector | Thread-19
2018-05-03 17:45:20,644 | INFO  | Connector openwire stopped | org.apache.activemq.broker.TransportConnector | Thread-19
2018-05-03 17:45:20,649 | INFO  | PListStore:[C:\Users\admin\Downloads\apache-activemq-5.15.3-bin(1)\apache-activemq-5.15.3\bin\cluster\dynamic-broker3\data\dynamic-broker3\tmp_storage] stopped | org.apache.activemq.store.kahadb.plist.PListStoreImpl | Thread-19
2018-05-03 17:45:20,651 | INFO  | Stopping async queue tasks | org.apache.activemq.store.kahadb.KahaDBStore | Thread-19
2018-05-03 17:45:20,652 | INFO  | Stopping async topic tasks | org.apache.activemq.store.kahadb.KahaDBStore | Thread-19
2018-05-03 17:45:20,654 | INFO  | Stopped KahaDB | org.apache.activemq.store.kahadb.KahaDBStore | Thread-19
2018-05-03 17:45:20,698 | INFO  | Apache ActiveMQ 5.15.3 (dynamic-broker3, ID:Notebook-ssw-18259-1525335933683-0:1) uptime 19 minutes | org.apache.activemq.broker.BrokerService | Thread-19
2018-05-03 17:45:20,702 | INFO  | Apache ActiveMQ 5.15.3 (dynamic-broker3, ID:Notebook-ssw-18259-1525335933683-0:1) is shutdown | org.apache.activemq.broker.BrokerService | Thread-19
2018-05-03 17:45:20,703 | INFO  | Closing org.apache.activemq.xbean.XBeanBrokerFactory$1@e45f292: startup date [Thu May 03 17:25:30 KST 2018]; root of context hierarchy | org.apache.activemq.xbean.XBeanBrokerFactory$1 | Thread-19
2018-05-03 17:45:20,727 | INFO  | Destroying Spring FrameworkServlet 'dispatcher' | /admin | Thread-19
