2018-05-03 16:46:00,565 | INFO  | Refreshing org.apache.activemq.xbean.XBeanBrokerFactory$1@5f2108b5: startup date [Thu May 03 16:46:00 KST 2018]; root of context hierarchy | org.apache.activemq.xbean.XBeanBrokerFactory$1 | main
2018-05-03 16:46:01,691 | INFO  | Using Persistence Adapter: KahaDBPersistenceAdapter[C:\Users\admin\Downloads\apache-activemq-5.15.3-bin(1)\apache-activemq-5.15.3\bin\static\broker-3\data\kahadb] | org.apache.activemq.broker.BrokerService | main
2018-05-03 16:46:01,941 | INFO  | PListStore:[C:\Users\admin\Downloads\apache-activemq-5.15.3-bin(1)\apache-activemq-5.15.3\bin\static\broker-3\data\localhost\tmp_storage] started | org.apache.activemq.store.kahadb.plist.PListStoreImpl | main
2018-05-03 16:46:02,141 | INFO  | Apache ActiveMQ 5.15.3 (localhost, ID:Notebook-ssw-17796-1525333561960-0:1) is starting | org.apache.activemq.broker.BrokerService | main
2018-05-03 16:46:02,161 | ERROR | Failed to start Apache ActiveMQ (localhost, ID:Notebook-ssw-17796-1525333561960-0:1) | org.apache.activemq.broker.BrokerService | main
java.io.IOException: Transport Connector could not be registered in JMX: java.io.IOException: Failed to bind to server socket: tcp://0.0.0.0:61616?maximumConnections=1000&wireFormat.maxFrameSize=104857600 due to: java.net.BindException: Address already in use: JVM_Bind
	at org.apache.activemq.util.IOExceptionSupport.create(IOExceptionSupport.java:28)[activemq-client-5.15.3.jar:5.15.3]
	at org.apache.activemq.broker.BrokerService.registerConnectorMBean(BrokerService.java:2264)[activemq-broker-5.15.3.jar:5.15.3]
	at org.apache.activemq.broker.BrokerService.startTransportConnector(BrokerService.java:2744)[activemq-broker-5.15.3.jar:5.15.3]
	at org.apache.activemq.broker.BrokerService.startAllConnectors(BrokerService.java:2640)[activemq-broker-5.15.3.jar:5.15.3]
	at org.apache.activemq.broker.BrokerService.doStartBroker(BrokerService.java:771)[activemq-broker-5.15.3.jar:5.15.3]
	at org.apache.activemq.broker.BrokerService.startBroker(BrokerService.java:733)[activemq-broker-5.15.3.jar:5.15.3]
	at org.apache.activemq.broker.BrokerService.start(BrokerService.java:636)[activemq-broker-5.15.3.jar:5.15.3]
	at org.apache.activemq.xbean.XBeanBrokerService.afterPropertiesSet(XBeanBrokerService.java:73)[activemq-spring-5.15.3.jar:5.15.3]
	at sun.reflect.NativeMethodAccessorImpl.invoke0(Native Method)[:1.8.0_151]
	at sun.reflect.NativeMethodAccessorImpl.invoke(NativeMethodAccessorImpl.java:62)[:1.8.0_151]
	at sun.reflect.DelegatingMethodAccessorImpl.invoke(DelegatingMethodAccessorImpl.java:43)[:1.8.0_151]
	at java.lang.reflect.Method.invoke(Method.java:498)[:1.8.0_151]
	at org.springframework.beans.factory.support.AbstractAutowireCapableBeanFactory.invokeCustomInitMethod(AbstractAutowireCapableBeanFactory.java:1758)[spring-beans-4.3.9.RELEASE.jar:4.3.9.RELEASE]
	at org.springframework.beans.factory.support.AbstractAutowireCapableBeanFactory.invokeInitMethods(AbstractAutowireCapableBeanFactory.java:1695)[spring-beans-4.3.9.RELEASE.jar:4.3.9.RELEASE]
	at org.springframework.beans.factory.support.AbstractAutowireCapableBeanFactory.initializeBean(AbstractAutowireCapableBeanFactory.java:1624)[spring-beans-4.3.9.RELEASE.jar:4.3.9.RELEASE]
	at org.springframework.beans.factory.support.AbstractAutowireCapableBeanFactory.doCreateBean(AbstractAutowireCapableBeanFactory.java:555)[spring-beans-4.3.9.RELEASE.jar:4.3.9.RELEASE]
	at org.springframework.beans.factory.support.AbstractAutowireCapableBeanFactory.createBean(AbstractAutowireCapableBeanFactory.java:483)[spring-beans-4.3.9.RELEASE.jar:4.3.9.RELEASE]
	at org.springframework.beans.factory.support.AbstractBeanFactory$1.getObject(AbstractBeanFactory.java:306)[spring-beans-4.3.9.RELEASE.jar:4.3.9.RELEASE]
	at org.springframework.beans.factory.support.DefaultSingletonBeanRegistry.getSingleton(DefaultSingletonBeanRegistry.java:230)[spring-beans-4.3.9.RELEASE.jar:4.3.9.RELEASE]
	at org.springframework.beans.factory.support.AbstractBeanFactory.doGetBean(AbstractBeanFactory.java:302)[spring-beans-4.3.9.RELEASE.jar:4.3.9.RELEASE]
	at org.springframework.beans.factory.support.AbstractBeanFactory.getBean(AbstractBeanFactory.java:197)[spring-beans-4.3.9.RELEASE.jar:4.3.9.RELEASE]
	at org.springframework.beans.factory.support.DefaultListableBeanFactory.preInstantiateSingletons(DefaultListableBeanFactory.java:761)[spring-beans-4.3.9.RELEASE.jar:4.3.9.RELEASE]
	at org.springframework.context.support.AbstractApplicationContext.finishBeanFactoryInitialization(AbstractApplicationContext.java:867)[spring-context-4.3.9.RELEASE.jar:4.3.9.RELEASE]
	at org.springframework.context.support.AbstractApplicationContext.refresh(AbstractApplicationContext.java:543)[spring-context-4.3.9.RELEASE.jar:4.3.9.RELEASE]
	at org.apache.xbean.spring.context.ResourceXmlApplicationContext.<init>(ResourceXmlApplicationContext.java:64)[xbean-spring-4.2.jar:4.2]
	at org.apache.xbean.spring.context.ResourceXmlApplicationContext.<init>(ResourceXmlApplicationContext.java:52)[xbean-spring-4.2.jar:4.2]
	at org.apache.activemq.xbean.XBeanBrokerFactory$1.<init>(XBeanBrokerFactory.java:104)[activemq-spring-5.15.3.jar:5.15.3]
	at org.apache.activemq.xbean.XBeanBrokerFactory.createApplicationContext(XBeanBrokerFactory.java:104)[activemq-spring-5.15.3.jar:5.15.3]
	at org.apache.activemq.xbean.XBeanBrokerFactory.createBroker(XBeanBrokerFactory.java:67)[activemq-spring-5.15.3.jar:5.15.3]
	at org.apache.activemq.broker.BrokerFactory.createBroker(BrokerFactory.java:71)[activemq-broker-5.15.3.jar:5.15.3]
	at org.apache.activemq.broker.BrokerFactory.createBroker(BrokerFactory.java:54)[activemq-broker-5.15.3.jar:5.15.3]
	at org.apache.activemq.console.command.StartCommand.runTask(StartCommand.java:87)[activemq-console-5.15.3.jar:5.15.3]
	at org.apache.activemq.console.command.AbstractCommand.execute(AbstractCommand.java:63)[activemq-console-5.15.3.jar:5.15.3]
	at org.apache.activemq.console.command.ShellCommand.runTask(ShellCommand.java:154)[activemq-console-5.15.3.jar:5.15.3]
	at org.apache.activemq.console.command.AbstractCommand.execute(AbstractCommand.java:63)[activemq-console-5.15.3.jar:5.15.3]
	at org.apache.activemq.console.command.ShellCommand.main(ShellCommand.java:104)[activemq-console-5.15.3.jar:5.15.3]
	at sun.reflect.NativeMethodAccessorImpl.invoke0(Native Method)[:1.8.0_151]
	at sun.reflect.NativeMethodAccessorImpl.invoke(NativeMethodAccessorImpl.java:62)[:1.8.0_151]
	at sun.reflect.DelegatingMethodAccessorImpl.invoke(DelegatingMethodAccessorImpl.java:43)[:1.8.0_151]
	at java.lang.reflect.Method.invoke(Method.java:498)[:1.8.0_151]
	at org.apache.activemq.console.Main.runTaskClass(Main.java:262)[activemq.jar:5.15.3]
	at org.apache.activemq.console.Main.main(Main.java:115)[activemq.jar:5.15.3]
2018-05-03 16:46:02,176 | INFO  | Apache ActiveMQ 5.15.3 (localhost, ID:Notebook-ssw-17796-1525333561960-0:1) is shutting down | org.apache.activemq.broker.BrokerService | main
2018-05-03 16:46:02,179 | INFO  | Connector openwire stopped | org.apache.activemq.broker.TransportConnector | main
2018-05-03 16:46:02,181 | INFO  | Connector amqp stopped | org.apache.activemq.broker.TransportConnector | main
2018-05-03 16:46:02,183 | INFO  | Connector stomp stopped | org.apache.activemq.broker.TransportConnector | main
2018-05-03 16:46:02,194 | INFO  | Connector mqtt stopped | org.apache.activemq.broker.TransportConnector | main
2018-05-03 16:46:02,196 | INFO  | Connector ws stopped | org.apache.activemq.broker.TransportConnector | main
2018-05-03 16:46:02,212 | INFO  | PListStore:[C:\Users\admin\Downloads\apache-activemq-5.15.3-bin(1)\apache-activemq-5.15.3\bin\static\broker-3\data\localhost\tmp_storage] stopped | org.apache.activemq.store.kahadb.plist.PListStoreImpl | main
2018-05-03 16:46:02,214 | INFO  | Stopping async queue tasks | org.apache.activemq.store.kahadb.KahaDBStore | main
2018-05-03 16:46:02,215 | INFO  | Stopping async topic tasks | org.apache.activemq.store.kahadb.KahaDBStore | main
2018-05-03 16:46:02,218 | INFO  | Stopped KahaDB | org.apache.activemq.store.kahadb.KahaDBStore | main
2018-05-03 16:46:02,263 | INFO  | Apache ActiveMQ 5.15.3 (localhost, ID:Notebook-ssw-17796-1525333561960-0:1) uptime 0.595 seconds | org.apache.activemq.broker.BrokerService | main
2018-05-03 16:46:02,266 | INFO  | Apache ActiveMQ 5.15.3 (localhost, ID:Notebook-ssw-17796-1525333561960-0:1) is shutdown | org.apache.activemq.broker.BrokerService | main
2018-05-03 16:46:02,268 | INFO  | Closing org.apache.activemq.xbean.XBeanBrokerFactory$1@5f2108b5: startup date [Thu May 03 16:46:00 KST 2018]; root of context hierarchy | org.apache.activemq.xbean.XBeanBrokerFactory$1 | main
2018-05-03 16:46:02,276 | WARN  | Exception thrown from LifecycleProcessor on context close | org.apache.activemq.xbean.XBeanBrokerFactory$1 | main
java.lang.IllegalStateException: LifecycleProcessor not initialized - call 'refresh' before invoking lifecycle methods via the context: org.apache.activemq.xbean.XBeanBrokerFactory$1@5f2108b5: startup date [Thu May 03 16:46:00 KST 2018]; root of context hierarchy
	at org.springframework.context.support.AbstractApplicationContext.getLifecycleProcessor(AbstractApplicationContext.java:427)[spring-context-4.3.9.RELEASE.jar:4.3.9.RELEASE]
	at org.springframework.context.support.AbstractApplicationContext.doClose(AbstractApplicationContext.java:999)[spring-context-4.3.9.RELEASE.jar:4.3.9.RELEASE]
	at org.springframework.context.support.AbstractApplicationContext.close(AbstractApplicationContext.java:958)[spring-context-4.3.9.RELEASE.jar:4.3.9.RELEASE]
	at org.apache.activemq.hooks.SpringContextHook.run(SpringContextHook.java:30)[activemq-spring-5.15.3.jar:5.15.3]
	at org.apache.activemq.broker.BrokerService.stop(BrokerService.java:903)[activemq-broker-5.15.3.jar:5.15.3]
	at org.apache.activemq.xbean.XBeanBrokerService.stop(XBeanBrokerService.java:122)[activemq-spring-5.15.3.jar:5.15.3]
	at org.apache.activemq.broker.BrokerService.start(BrokerService.java:642)[activemq-broker-5.15.3.jar:5.15.3]
	at org.apache.activemq.xbean.XBeanBrokerService.afterPropertiesSet(XBeanBrokerService.java:73)[activemq-spring-5.15.3.jar:5.15.3]
	at sun.reflect.NativeMethodAccessorImpl.invoke0(Native Method)[:1.8.0_151]
	at sun.reflect.NativeMethodAccessorImpl.invoke(NativeMethodAccessorImpl.java:62)[:1.8.0_151]
	at sun.reflect.DelegatingMethodAccessorImpl.invoke(DelegatingMethodAccessorImpl.java:43)[:1.8.0_151]
	at java.lang.reflect.Method.invoke(Method.java:498)[:1.8.0_151]
	at org.springframework.beans.factory.support.AbstractAutowireCapableBeanFactory.invokeCustomInitMethod(AbstractAutowireCapableBeanFactory.java:1758)[spring-beans-4.3.9.RELEASE.jar:4.3.9.RELEASE]
	at org.springframework.beans.factory.support.AbstractAutowireCapableBeanFactory.invokeInitMethods(AbstractAutowireCapableBeanFactory.java:1695)[spring-beans-4.3.9.RELEASE.jar:4.3.9.RELEASE]
	at org.springframework.beans.factory.support.AbstractAutowireCapableBeanFactory.initializeBean(AbstractAutowireCapableBeanFactory.java:1624)[spring-beans-4.3.9.RELEASE.jar:4.3.9.RELEASE]
	at org.springframework.beans.factory.support.AbstractAutowireCapableBeanFactory.doCreateBean(AbstractAutowireCapableBeanFactory.java:555)[spring-beans-4.3.9.RELEASE.jar:4.3.9.RELEASE]
	at org.springframework.beans.factory.support.AbstractAutowireCapableBeanFactory.createBean(AbstractAutowireCapableBeanFactory.java:483)[spring-beans-4.3.9.RELEASE.jar:4.3.9.RELEASE]
	at org.springframework.beans.factory.support.AbstractBeanFactory$1.getObject(AbstractBeanFactory.java:306)[spring-beans-4.3.9.RELEASE.jar:4.3.9.RELEASE]
	at org.springframework.beans.factory.support.DefaultSingletonBeanRegistry.getSingleton(DefaultSingletonBeanRegistry.java:230)[spring-beans-4.3.9.RELEASE.jar:4.3.9.RELEASE]
	at org.springframework.beans.factory.support.AbstractBeanFactory.doGetBean(AbstractBeanFactory.java:302)[spring-beans-4.3.9.RELEASE.jar:4.3.9.RELEASE]
	at org.springframework.beans.factory.support.AbstractBeanFactory.getBean(AbstractBeanFactory.java:197)[spring-beans-4.3.9.RELEASE.jar:4.3.9.RELEASE]
	at org.springframework.beans.factory.support.DefaultListableBeanFactory.preInstantiateSingletons(DefaultListableBeanFactory.java:761)[spring-beans-4.3.9.RELEASE.jar:4.3.9.RELEASE]
	at org.springframework.context.support.AbstractApplicationContext.finishBeanFactoryInitialization(AbstractApplicationContext.java:867)[spring-context-4.3.9.RELEASE.jar:4.3.9.RELEASE]
	at org.springframework.context.support.AbstractApplicationContext.refresh(AbstractApplicationContext.java:543)[spring-context-4.3.9.RELEASE.jar:4.3.9.RELEASE]
	at org.apache.xbean.spring.context.ResourceXmlApplicationContext.<init>(ResourceXmlApplicationContext.java:64)[xbean-spring-4.2.jar:4.2]
	at org.apache.xbean.spring.context.ResourceXmlApplicationContext.<init>(ResourceXmlApplicationContext.java:52)[xbean-spring-4.2.jar:4.2]
	at org.apache.activemq.xbean.XBeanBrokerFactory$1.<init>(XBeanBrokerFactory.java:104)[activemq-spring-5.15.3.jar:5.15.3]
	at org.apache.activemq.xbean.XBeanBrokerFactory.createApplicationContext(XBeanBrokerFactory.java:104)[activemq-spring-5.15.3.jar:5.15.3]
	at org.apache.activemq.xbean.XBeanBrokerFactory.createBroker(XBeanBrokerFactory.java:67)[activemq-spring-5.15.3.jar:5.15.3]
	at org.apache.activemq.broker.BrokerFactory.createBroker(BrokerFactory.java:71)[activemq-broker-5.15.3.jar:5.15.3]
	at org.apache.activemq.broker.BrokerFactory.createBroker(BrokerFactory.java:54)[activemq-broker-5.15.3.jar:5.15.3]
	at org.apache.activemq.console.command.StartCommand.runTask(StartCommand.java:87)[activemq-console-5.15.3.jar:5.15.3]
	at org.apache.activemq.console.command.AbstractCommand.execute(AbstractCommand.java:63)[activemq-console-5.15.3.jar:5.15.3]
	at org.apache.activemq.console.command.ShellCommand.runTask(ShellCommand.java:154)[activemq-console-5.15.3.jar:5.15.3]
	at org.apache.activemq.console.command.AbstractCommand.execute(AbstractCommand.java:63)[activemq-console-5.15.3.jar:5.15.3]
	at org.apache.activemq.console.command.ShellCommand.main(ShellCommand.java:104)[activemq-console-5.15.3.jar:5.15.3]
	at sun.reflect.NativeMethodAccessorImpl.invoke0(Native Method)[:1.8.0_151]
	at sun.reflect.NativeMethodAccessorImpl.invoke(NativeMethodAccessorImpl.java:62)[:1.8.0_151]
	at sun.reflect.DelegatingMethodAccessorImpl.invoke(DelegatingMethodAccessorImpl.java:43)[:1.8.0_151]
	at java.lang.reflect.Method.invoke(Method.java:498)[:1.8.0_151]
	at org.apache.activemq.console.Main.runTaskClass(Main.java:262)[activemq.jar:5.15.3]
	at org.apache.activemq.console.Main.main(Main.java:115)[activemq.jar:5.15.3]
2018-05-03 16:46:02,291 | WARN  | Exception encountered during context initialization - cancelling refresh attempt: org.springframework.beans.factory.BeanCreationException: Error creating bean with name 'org.apache.activemq.xbean.XBeanBrokerService#0' defined in class path resource [activemq.xml]: Invocation of init method failed; nested exception is java.io.IOException: Transport Connector could not be registered in JMX: java.io.IOException: Failed to bind to server socket: tcp://0.0.0.0:61616?maximumConnections=1000&wireFormat.maxFrameSize=104857600 due to: java.net.BindException: Address already in use: JVM_Bind | org.apache.activemq.xbean.XBeanBrokerFactory$1 | main
2018-05-03 16:46:40,975 | INFO  | Refreshing org.apache.activemq.xbean.XBeanBrokerFactory$1@e45f292: startup date [Thu May 03 16:46:40 KST 2018]; root of context hierarchy | org.apache.activemq.xbean.XBeanBrokerFactory$1 | main
2018-05-03 16:46:42,099 | INFO  | Using Persistence Adapter: KahaDBPersistenceAdapter[C:\Users\admin\Downloads\apache-activemq-5.15.3-bin(1)\apache-activemq-5.15.3\bin\static\broker-3\data\kahadb] | org.apache.activemq.broker.BrokerService | main
2018-05-03 16:46:42,165 | INFO  | KahaDB is version 6 | org.apache.activemq.store.kahadb.MessageDatabase | main
2018-05-03 16:46:42,198 | INFO  | PListStore:[C:\Users\admin\Downloads\apache-activemq-5.15.3-bin(1)\apache-activemq-5.15.3\bin\static\broker-3\data\localhost\tmp_storage] started | org.apache.activemq.store.kahadb.plist.PListStoreImpl | main
2018-05-03 16:46:42,438 | INFO  | Apache ActiveMQ 5.15.3 (localhost, ID:Notebook-ssw-17799-1525333602218-0:1) is starting | org.apache.activemq.broker.BrokerService | main
2018-05-03 16:46:42,457 | ERROR | Failed to start Apache ActiveMQ (localhost, ID:Notebook-ssw-17799-1525333602218-0:1) | org.apache.activemq.broker.BrokerService | main
java.io.IOException: Transport Connector could not be registered in JMX: java.io.IOException: Failed to bind to server socket: tcp://0.0.0.0:61616?maximumConnections=1000&wireFormat.maxFrameSize=104857600 due to: java.net.BindException: Address already in use: JVM_Bind
	at org.apache.activemq.util.IOExceptionSupport.create(IOExceptionSupport.java:28)[activemq-client-5.15.3.jar:5.15.3]
	at org.apache.activemq.broker.BrokerService.registerConnectorMBean(BrokerService.java:2264)[activemq-broker-5.15.3.jar:5.15.3]
	at org.apache.activemq.broker.BrokerService.startTransportConnector(BrokerService.java:2744)[activemq-broker-5.15.3.jar:5.15.3]
	at org.apache.activemq.broker.BrokerService.startAllConnectors(BrokerService.java:2640)[activemq-broker-5.15.3.jar:5.15.3]
	at org.apache.activemq.broker.BrokerService.doStartBroker(BrokerService.java:771)[activemq-broker-5.15.3.jar:5.15.3]
	at org.apache.activemq.broker.BrokerService.startBroker(BrokerService.java:733)[activemq-broker-5.15.3.jar:5.15.3]
	at org.apache.activemq.broker.BrokerService.start(BrokerService.java:636)[activemq-broker-5.15.3.jar:5.15.3]
	at org.apache.activemq.xbean.XBeanBrokerService.afterPropertiesSet(XBeanBrokerService.java:73)[activemq-spring-5.15.3.jar:5.15.3]
	at sun.reflect.NativeMethodAccessorImpl.invoke0(Native Method)[:1.8.0_151]
	at sun.reflect.NativeMethodAccessorImpl.invoke(NativeMethodAccessorImpl.java:62)[:1.8.0_151]
	at sun.reflect.DelegatingMethodAccessorImpl.invoke(DelegatingMethodAccessorImpl.java:43)[:1.8.0_151]
	at java.lang.reflect.Method.invoke(Method.java:498)[:1.8.0_151]
	at org.springframework.beans.factory.support.AbstractAutowireCapableBeanFactory.invokeCustomInitMethod(AbstractAutowireCapableBeanFactory.java:1758)[spring-beans-4.3.9.RELEASE.jar:4.3.9.RELEASE]
	at org.springframework.beans.factory.support.AbstractAutowireCapableBeanFactory.invokeInitMethods(AbstractAutowireCapableBeanFactory.java:1695)[spring-beans-4.3.9.RELEASE.jar:4.3.9.RELEASE]
	at org.springframework.beans.factory.support.AbstractAutowireCapableBeanFactory.initializeBean(AbstractAutowireCapableBeanFactory.java:1624)[spring-beans-4.3.9.RELEASE.jar:4.3.9.RELEASE]
	at org.springframework.beans.factory.support.AbstractAutowireCapableBeanFactory.doCreateBean(AbstractAutowireCapableBeanFactory.java:555)[spring-beans-4.3.9.RELEASE.jar:4.3.9.RELEASE]
	at org.springframework.beans.factory.support.AbstractAutowireCapableBeanFactory.createBean(AbstractAutowireCapableBeanFactory.java:483)[spring-beans-4.3.9.RELEASE.jar:4.3.9.RELEASE]
	at org.springframework.beans.factory.support.AbstractBeanFactory$1.getObject(AbstractBeanFactory.java:306)[spring-beans-4.3.9.RELEASE.jar:4.3.9.RELEASE]
	at org.springframework.beans.factory.support.DefaultSingletonBeanRegistry.getSingleton(DefaultSingletonBeanRegistry.java:230)[spring-beans-4.3.9.RELEASE.jar:4.3.9.RELEASE]
	at org.springframework.beans.factory.support.AbstractBeanFactory.doGetBean(AbstractBeanFactory.java:302)[spring-beans-4.3.9.RELEASE.jar:4.3.9.RELEASE]
	at org.springframework.beans.factory.support.AbstractBeanFactory.getBean(AbstractBeanFactory.java:197)[spring-beans-4.3.9.RELEASE.jar:4.3.9.RELEASE]
	at org.springframework.beans.factory.support.DefaultListableBeanFactory.preInstantiateSingletons(DefaultListableBeanFactory.java:761)[spring-beans-4.3.9.RELEASE.jar:4.3.9.RELEASE]
	at org.springframework.context.support.AbstractApplicationContext.finishBeanFactoryInitialization(AbstractApplicationContext.java:867)[spring-context-4.3.9.RELEASE.jar:4.3.9.RELEASE]
	at org.springframework.context.support.AbstractApplicationContext.refresh(AbstractApplicationContext.java:543)[spring-context-4.3.9.RELEASE.jar:4.3.9.RELEASE]
	at org.apache.xbean.spring.context.ResourceXmlApplicationContext.<init>(ResourceXmlApplicationContext.java:64)[xbean-spring-4.2.jar:4.2]
	at org.apache.xbean.spring.context.ResourceXmlApplicationContext.<init>(ResourceXmlApplicationContext.java:52)[xbean-spring-4.2.jar:4.2]
	at org.apache.activemq.xbean.XBeanBrokerFactory$1.<init>(XBeanBrokerFactory.java:104)[activemq-spring-5.15.3.jar:5.15.3]
	at org.apache.activemq.xbean.XBeanBrokerFactory.createApplicationContext(XBeanBrokerFactory.java:104)[activemq-spring-5.15.3.jar:5.15.3]
	at org.apache.activemq.xbean.XBeanBrokerFactory.createBroker(XBeanBrokerFactory.java:67)[activemq-spring-5.15.3.jar:5.15.3]
	at org.apache.activemq.broker.BrokerFactory.createBroker(BrokerFactory.java:71)[activemq-broker-5.15.3.jar:5.15.3]
	at org.apache.activemq.broker.BrokerFactory.createBroker(BrokerFactory.java:54)[activemq-broker-5.15.3.jar:5.15.3]
	at org.apache.activemq.console.command.StartCommand.runTask(StartCommand.java:87)[activemq-console-5.15.3.jar:5.15.3]
	at org.apache.activemq.console.command.AbstractCommand.execute(AbstractCommand.java:63)[activemq-console-5.15.3.jar:5.15.3]
	at org.apache.activemq.console.command.ShellCommand.runTask(ShellCommand.java:154)[activemq-console-5.15.3.jar:5.15.3]
	at org.apache.activemq.console.command.AbstractCommand.execute(AbstractCommand.java:63)[activemq-console-5.15.3.jar:5.15.3]
	at org.apache.activemq.console.command.ShellCommand.main(ShellCommand.java:104)[activemq-console-5.15.3.jar:5.15.3]
	at sun.reflect.NativeMethodAccessorImpl.invoke0(Native Method)[:1.8.0_151]
	at sun.reflect.NativeMethodAccessorImpl.invoke(NativeMethodAccessorImpl.java:62)[:1.8.0_151]
	at sun.reflect.DelegatingMethodAccessorImpl.invoke(DelegatingMethodAccessorImpl.java:43)[:1.8.0_151]
	at java.lang.reflect.Method.invoke(Method.java:498)[:1.8.0_151]
	at org.apache.activemq.console.Main.runTaskClass(Main.java:262)[activemq.jar:5.15.3]
	at org.apache.activemq.console.Main.main(Main.java:115)[activemq.jar:5.15.3]
2018-05-03 16:46:42,465 | INFO  | Apache ActiveMQ 5.15.3 (localhost, ID:Notebook-ssw-17799-1525333602218-0:1) is shutting down | org.apache.activemq.broker.BrokerService | main
2018-05-03 16:46:42,467 | INFO  | Connector openwire stopped | org.apache.activemq.broker.TransportConnector | main
2018-05-03 16:46:42,468 | INFO  | Connector amqp stopped | org.apache.activemq.broker.TransportConnector | main
2018-05-03 16:46:42,470 | INFO  | Connector stomp stopped | org.apache.activemq.broker.TransportConnector | main
2018-05-03 16:46:42,473 | INFO  | Connector mqtt stopped | org.apache.activemq.broker.TransportConnector | main
2018-05-03 16:46:42,485 | INFO  | Connector ws stopped | org.apache.activemq.broker.TransportConnector | main
2018-05-03 16:46:42,498 | INFO  | PListStore:[C:\Users\admin\Downloads\apache-activemq-5.15.3-bin(1)\apache-activemq-5.15.3\bin\static\broker-3\data\localhost\tmp_storage] stopped | org.apache.activemq.store.kahadb.plist.PListStoreImpl | main
2018-05-03 16:46:42,500 | INFO  | Stopping async queue tasks | org.apache.activemq.store.kahadb.KahaDBStore | main
2018-05-03 16:46:42,501 | INFO  | Stopping async topic tasks | org.apache.activemq.store.kahadb.KahaDBStore | main
2018-05-03 16:46:42,504 | INFO  | Stopped KahaDB | org.apache.activemq.store.kahadb.KahaDBStore | main
2018-05-03 16:46:42,561 | INFO  | Apache ActiveMQ 5.15.3 (localhost, ID:Notebook-ssw-17799-1525333602218-0:1) uptime 0.483 seconds | org.apache.activemq.broker.BrokerService | main
2018-05-03 16:46:42,563 | INFO  | Apache ActiveMQ 5.15.3 (localhost, ID:Notebook-ssw-17799-1525333602218-0:1) is shutdown | org.apache.activemq.broker.BrokerService | main
2018-05-03 16:46:42,565 | INFO  | Closing org.apache.activemq.xbean.XBeanBrokerFactory$1@e45f292: startup date [Thu May 03 16:46:40 KST 2018]; root of context hierarchy | org.apache.activemq.xbean.XBeanBrokerFactory$1 | main
2018-05-03 16:46:42,569 | WARN  | Exception thrown from LifecycleProcessor on context close | org.apache.activemq.xbean.XBeanBrokerFactory$1 | main
java.lang.IllegalStateException: LifecycleProcessor not initialized - call 'refresh' before invoking lifecycle methods via the context: org.apache.activemq.xbean.XBeanBrokerFactory$1@e45f292: startup date [Thu May 03 16:46:40 KST 2018]; root of context hierarchy
	at org.springframework.context.support.AbstractApplicationContext.getLifecycleProcessor(AbstractApplicationContext.java:427)[spring-context-4.3.9.RELEASE.jar:4.3.9.RELEASE]
	at org.springframework.context.support.AbstractApplicationContext.doClose(AbstractApplicationContext.java:999)[spring-context-4.3.9.RELEASE.jar:4.3.9.RELEASE]
	at org.springframework.context.support.AbstractApplicationContext.close(AbstractApplicationContext.java:958)[spring-context-4.3.9.RELEASE.jar:4.3.9.RELEASE]
	at org.apache.activemq.hooks.SpringContextHook.run(SpringContextHook.java:30)[activemq-spring-5.15.3.jar:5.15.3]
	at org.apache.activemq.broker.BrokerService.stop(BrokerService.java:903)[activemq-broker-5.15.3.jar:5.15.3]
	at org.apache.activemq.xbean.XBeanBrokerService.stop(XBeanBrokerService.java:122)[activemq-spring-5.15.3.jar:5.15.3]
	at org.apache.activemq.broker.BrokerService.start(BrokerService.java:642)[activemq-broker-5.15.3.jar:5.15.3]
	at org.apache.activemq.xbean.XBeanBrokerService.afterPropertiesSet(XBeanBrokerService.java:73)[activemq-spring-5.15.3.jar:5.15.3]
	at sun.reflect.NativeMethodAccessorImpl.invoke0(Native Method)[:1.8.0_151]
	at sun.reflect.NativeMethodAccessorImpl.invoke(NativeMethodAccessorImpl.java:62)[:1.8.0_151]
	at sun.reflect.DelegatingMethodAccessorImpl.invoke(DelegatingMethodAccessorImpl.java:43)[:1.8.0_151]
	at java.lang.reflect.Method.invoke(Method.java:498)[:1.8.0_151]
	at org.springframework.beans.factory.support.AbstractAutowireCapableBeanFactory.invokeCustomInitMethod(AbstractAutowireCapableBeanFactory.java:1758)[spring-beans-4.3.9.RELEASE.jar:4.3.9.RELEASE]
	at org.springframework.beans.factory.support.AbstractAutowireCapableBeanFactory.invokeInitMethods(AbstractAutowireCapableBeanFactory.java:1695)[spring-beans-4.3.9.RELEASE.jar:4.3.9.RELEASE]
	at org.springframework.beans.factory.support.AbstractAutowireCapableBeanFactory.initializeBean(AbstractAutowireCapableBeanFactory.java:1624)[spring-beans-4.3.9.RELEASE.jar:4.3.9.RELEASE]
	at org.springframework.beans.factory.support.AbstractAutowireCapableBeanFactory.doCreateBean(AbstractAutowireCapableBeanFactory.java:555)[spring-beans-4.3.9.RELEASE.jar:4.3.9.RELEASE]
	at org.springframework.beans.factory.support.AbstractAutowireCapableBeanFactory.createBean(AbstractAutowireCapableBeanFactory.java:483)[spring-beans-4.3.9.RELEASE.jar:4.3.9.RELEASE]
	at org.springframework.beans.factory.support.AbstractBeanFactory$1.getObject(AbstractBeanFactory.java:306)[spring-beans-4.3.9.RELEASE.jar:4.3.9.RELEASE]
	at org.springframework.beans.factory.support.DefaultSingletonBeanRegistry.getSingleton(DefaultSingletonBeanRegistry.java:230)[spring-beans-4.3.9.RELEASE.jar:4.3.9.RELEASE]
	at org.springframework.beans.factory.support.AbstractBeanFactory.doGetBean(AbstractBeanFactory.java:302)[spring-beans-4.3.9.RELEASE.jar:4.3.9.RELEASE]
	at org.springframework.beans.factory.support.AbstractBeanFactory.getBean(AbstractBeanFactory.java:197)[spring-beans-4.3.9.RELEASE.jar:4.3.9.RELEASE]
	at org.springframework.beans.factory.support.DefaultListableBeanFactory.preInstantiateSingletons(DefaultListableBeanFactory.java:761)[spring-beans-4.3.9.RELEASE.jar:4.3.9.RELEASE]
	at org.springframework.context.support.AbstractApplicationContext.finishBeanFactoryInitialization(AbstractApplicationContext.java:867)[spring-context-4.3.9.RELEASE.jar:4.3.9.RELEASE]
	at org.springframework.context.support.AbstractApplicationContext.refresh(AbstractApplicationContext.java:543)[spring-context-4.3.9.RELEASE.jar:4.3.9.RELEASE]
	at org.apache.xbean.spring.context.ResourceXmlApplicationContext.<init>(ResourceXmlApplicationContext.java:64)[xbean-spring-4.2.jar:4.2]
	at org.apache.xbean.spring.context.ResourceXmlApplicationContext.<init>(ResourceXmlApplicationContext.java:52)[xbean-spring-4.2.jar:4.2]
	at org.apache.activemq.xbean.XBeanBrokerFactory$1.<init>(XBeanBrokerFactory.java:104)[activemq-spring-5.15.3.jar:5.15.3]
	at org.apache.activemq.xbean.XBeanBrokerFactory.createApplicationContext(XBeanBrokerFactory.java:104)[activemq-spring-5.15.3.jar:5.15.3]
	at org.apache.activemq.xbean.XBeanBrokerFactory.createBroker(XBeanBrokerFactory.java:67)[activemq-spring-5.15.3.jar:5.15.3]
	at org.apache.activemq.broker.BrokerFactory.createBroker(BrokerFactory.java:71)[activemq-broker-5.15.3.jar:5.15.3]
	at org.apache.activemq.broker.BrokerFactory.createBroker(BrokerFactory.java:54)[activemq-broker-5.15.3.jar:5.15.3]
	at org.apache.activemq.console.command.StartCommand.runTask(StartCommand.java:87)[activemq-console-5.15.3.jar:5.15.3]
	at org.apache.activemq.console.command.AbstractCommand.execute(AbstractCommand.java:63)[activemq-console-5.15.3.jar:5.15.3]
	at org.apache.activemq.console.command.ShellCommand.runTask(ShellCommand.java:154)[activemq-console-5.15.3.jar:5.15.3]
	at org.apache.activemq.console.command.AbstractCommand.execute(AbstractCommand.java:63)[activemq-console-5.15.3.jar:5.15.3]
	at org.apache.activemq.console.command.ShellCommand.main(ShellCommand.java:104)[activemq-console-5.15.3.jar:5.15.3]
	at sun.reflect.NativeMethodAccessorImpl.invoke0(Native Method)[:1.8.0_151]
	at sun.reflect.NativeMethodAccessorImpl.invoke(NativeMethodAccessorImpl.java:62)[:1.8.0_151]
	at sun.reflect.DelegatingMethodAccessorImpl.invoke(DelegatingMethodAccessorImpl.java:43)[:1.8.0_151]
	at java.lang.reflect.Method.invoke(Method.java:498)[:1.8.0_151]
	at org.apache.activemq.console.Main.runTaskClass(Main.java:262)[activemq.jar:5.15.3]
	at org.apache.activemq.console.Main.main(Main.java:115)[activemq.jar:5.15.3]
2018-05-03 16:46:42,579 | WARN  | Exception encountered during context initialization - cancelling refresh attempt: org.springframework.beans.factory.BeanCreationException: Error creating bean with name 'org.apache.activemq.xbean.XBeanBrokerService#0' defined in class path resource [activemq.xml]: Invocation of init method failed; nested exception is java.io.IOException: Transport Connector could not be registered in JMX: java.io.IOException: Failed to bind to server socket: tcp://0.0.0.0:61616?maximumConnections=1000&wireFormat.maxFrameSize=104857600 due to: java.net.BindException: Address already in use: JVM_Bind | org.apache.activemq.xbean.XBeanBrokerFactory$1 | main
2018-05-03 16:47:30,166 | INFO  | Refreshing org.apache.activemq.xbean.XBeanBrokerFactory$1@e45f292: startup date [Thu May 03 16:47:30 KST 2018]; root of context hierarchy | org.apache.activemq.xbean.XBeanBrokerFactory$1 | main
2018-05-03 16:47:31,356 | INFO  | Using Persistence Adapter: KahaDBPersistenceAdapter[C:\Users\admin\Downloads\apache-activemq-5.15.3-bin(1)\apache-activemq-5.15.3\bin\static\broker-3\data\kahadb] | org.apache.activemq.broker.BrokerService | main
2018-05-03 16:47:31,434 | INFO  | KahaDB is version 6 | org.apache.activemq.store.kahadb.MessageDatabase | main
2018-05-03 16:47:31,490 | INFO  | PListStore:[C:\Users\admin\Downloads\apache-activemq-5.15.3-bin(1)\apache-activemq-5.15.3\bin\static\broker-3\data\broker2\tmp_storage] started | org.apache.activemq.store.kahadb.plist.PListStoreImpl | main
2018-05-03 16:47:31,718 | INFO  | Apache ActiveMQ 5.15.3 (broker2, ID:Notebook-ssw-17801-1525333651507-0:1) is starting | org.apache.activemq.broker.BrokerService | main
2018-05-03 16:47:31,739 | INFO  | Listening for connections at: tcp://Notebook-ssw:61516 | org.apache.activemq.transport.TransportServerThreadSupport | main
2018-05-03 16:47:31,741 | INFO  | Connector openwire started | org.apache.activemq.broker.TransportConnector | main
2018-05-03 16:47:31,743 | INFO  | Establishing network connection from vm://broker2 to failover:(tcp://0.0.0.0:61816,tcp://0.0.0.0:61826) | org.apache.activemq.network.DiscoveryNetworkConnector | main
2018-05-03 16:47:31,776 | INFO  | Connector vm://broker2 started | org.apache.activemq.broker.TransportConnector | main
2018-05-03 16:47:31,793 | INFO  | Network Connector DiscoveryNetworkConnector:amq3-nc:BrokerService[broker2] started | org.apache.activemq.network.NetworkConnector | main
2018-05-03 16:47:31,800 | INFO  | Apache ActiveMQ 5.15.3 (broker2, ID:Notebook-ssw-17801-1525333651507-0:1) started | org.apache.activemq.broker.BrokerService | main
2018-05-03 16:47:31,804 | INFO  | For help or more information please see: http://activemq.apache.org | org.apache.activemq.broker.BrokerService | main
2018-05-03 16:47:32,724 | INFO  | No Spring WebApplicationInitializer types detected on classpath | /admin | main
2018-05-03 16:47:33,109 | INFO  | ActiveMQ WebConsole available at http://0.0.0.0:5161/ | org.apache.activemq.web.WebConsoleStarter | main
2018-05-03 16:47:33,110 | INFO  | ActiveMQ Jolokia REST API available at http://0.0.0.0:5161/api/jolokia/ | org.apache.activemq.web.WebConsoleStarter | main
2018-05-03 16:47:33,242 | INFO  | Initializing Spring FrameworkServlet 'dispatcher' | /admin | main
2018-05-03 16:47:33,533 | INFO  | No Spring WebApplicationInitializer types detected on classpath | /api | main
2018-05-03 16:47:33,798 | INFO  | jolokia-agent: Using policy access restrictor classpath:/jolokia-access.xml | /api | main
2018-05-03 16:47:57,075 | WARN  | Failed to connect to [tcp://0.0.0.0:61816, tcp://0.0.0.0:61826] after: 10 attempt(s) continuing to retry. | org.apache.activemq.transport.failover.FailoverTransport | ActiveMQ Task-1
2018-05-03 16:52:23,008 | WARN  | Failed to connect to [tcp://0.0.0.0:61816, tcp://0.0.0.0:61826] after: 20 attempt(s) continuing to retry. | org.apache.activemq.transport.failover.FailoverTransport | ActiveMQ Task-1
2018-05-03 16:55:24,260 | INFO  | Apache ActiveMQ 5.15.3 (broker2, ID:Notebook-ssw-17801-1525333651507-0:1) is shutting down | org.apache.activemq.broker.BrokerService | ActiveMQ ShutdownHook
2018-05-03 16:55:24,266 | WARN  | Transport Connection to: vm://broker2#0 failed: org.apache.activemq.transport.TransportDisposedIOException: peer (vm://broker2#0) stopped. | org.apache.activemq.broker.TransportConnection.Transport | ActiveMQ ShutdownHook
2018-05-03 16:55:24,269 | WARN  | Transport Connection to: vm://broker2#2 failed: org.apache.activemq.transport.TransportDisposedIOException: peer (vm://broker2#2) stopped. | org.apache.activemq.broker.TransportConnection.Transport | ActiveMQ ShutdownHook
2018-05-03 16:55:24,271 | INFO  | Connector vm://broker2 stopped | org.apache.activemq.broker.TransportConnector | ActiveMQ ShutdownHook
2018-05-03 16:55:24,272 | INFO  | broker2 bridge to Unknown stopped | org.apache.activemq.network.DemandForwardingBridgeSupport | ActiveMQ ShutdownHook
2018-05-03 16:55:24,274 | INFO  | Network Connector DiscoveryNetworkConnector:amq3-nc:BrokerService[broker2] stopped | org.apache.activemq.network.NetworkConnector | ActiveMQ ShutdownHook
2018-05-03 16:55:24,275 | INFO  | Connector openwire stopped | org.apache.activemq.broker.TransportConnector | ActiveMQ ShutdownHook
2018-05-03 16:55:24,282 | INFO  | PListStore:[C:\Users\admin\Downloads\apache-activemq-5.15.3-bin(1)\apache-activemq-5.15.3\bin\static\broker-3\data\broker2\tmp_storage] stopped | org.apache.activemq.store.kahadb.plist.PListStoreImpl | ActiveMQ ShutdownHook
2018-05-03 16:55:24,283 | INFO  | Stopping async queue tasks | org.apache.activemq.store.kahadb.KahaDBStore | ActiveMQ ShutdownHook
2018-05-03 16:55:24,284 | INFO  | Stopping async topic tasks | org.apache.activemq.store.kahadb.KahaDBStore | ActiveMQ ShutdownHook
2018-05-03 16:55:24,285 | INFO  | Stopped KahaDB | org.apache.activemq.store.kahadb.KahaDBStore | ActiveMQ ShutdownHook
2018-05-03 16:55:24,308 | INFO  | Apache ActiveMQ 5.15.3 (broker2, ID:Notebook-ssw-17801-1525333651507-0:1) uptime 7 minutes | org.apache.activemq.broker.BrokerService | ActiveMQ ShutdownHook
2018-05-03 16:55:24,313 | INFO  | Apache ActiveMQ 5.15.3 (broker2, ID:Notebook-ssw-17801-1525333651507-0:1) is shutdown | org.apache.activemq.broker.BrokerService | ActiveMQ ShutdownHook
2018-05-03 16:55:24,317 | INFO  | Closing org.apache.activemq.xbean.XBeanBrokerFactory$1@e45f292: startup date [Thu May 03 16:47:30 KST 2018]; root of context hierarchy | org.apache.activemq.xbean.XBeanBrokerFactory$1 | ActiveMQ ShutdownHook
2018-05-03 16:55:24,329 | INFO  | Destroying Spring FrameworkServlet 'dispatcher' | /admin | ActiveMQ ShutdownHook
2018-05-03 16:56:25,645 | INFO  | Refreshing org.apache.activemq.xbean.XBeanBrokerFactory$1@e45f292: startup date [Thu May 03 16:56:25 KST 2018]; root of context hierarchy | org.apache.activemq.xbean.XBeanBrokerFactory$1 | main
2018-05-03 16:56:26,842 | INFO  | Using Persistence Adapter: KahaDBPersistenceAdapter[C:\Users\admin\Downloads\apache-activemq-5.15.3-bin(1)\apache-activemq-5.15.3\bin\static\broker-3\data\kahadb] | org.apache.activemq.broker.BrokerService | main
2018-05-03 16:56:26,955 | INFO  | KahaDB is version 6 | org.apache.activemq.store.kahadb.MessageDatabase | main
2018-05-03 16:56:26,987 | INFO  | PListStore:[C:\Users\admin\Downloads\apache-activemq-5.15.3-bin(1)\apache-activemq-5.15.3\bin\static\broker-3\data\broker2\tmp_storage] started | org.apache.activemq.store.kahadb.plist.PListStoreImpl | main
2018-05-03 16:56:27,230 | INFO  | Apache ActiveMQ 5.15.3 (broker2, ID:Notebook-ssw-18029-1525334187016-0:1) is starting | org.apache.activemq.broker.BrokerService | main
2018-05-03 16:56:27,252 | INFO  | Listening for connections at: tcp://Notebook-ssw:61516 | org.apache.activemq.transport.TransportServerThreadSupport | main
2018-05-03 16:56:27,254 | INFO  | Connector openwire started | org.apache.activemq.broker.TransportConnector | main
2018-05-03 16:56:27,263 | INFO  | Establishing network connection from vm://broker2 to failover:(tcp://0.0.0.0:61816,tcp://0.0.0.0:61826) | org.apache.activemq.network.DiscoveryNetworkConnector | main
2018-05-03 16:56:27,293 | INFO  | Connector vm://broker2 started | org.apache.activemq.broker.TransportConnector | main
2018-05-03 16:56:27,310 | INFO  | Network Connector DiscoveryNetworkConnector:amq3-nc:BrokerService[broker2] started | org.apache.activemq.network.NetworkConnector | main
2018-05-03 16:56:27,314 | INFO  | Apache ActiveMQ 5.15.3 (broker2, ID:Notebook-ssw-18029-1525334187016-0:1) started | org.apache.activemq.broker.BrokerService | main
2018-05-03 16:56:27,320 | INFO  | For help or more information please see: http://activemq.apache.org | org.apache.activemq.broker.BrokerService | main
2018-05-03 16:56:27,376 | INFO  | Successfully connected to tcp://0.0.0.0:61816 | org.apache.activemq.transport.failover.FailoverTransport | ActiveMQ Task-1
2018-05-03 16:56:27,491 | INFO  | Network connection between vm://broker2#0 and tcp://0.0.0.0:61816 (broker1) has been established. | org.apache.activemq.network.DemandForwardingBridgeSupport | triggerStartAsyncNetworkBridgeCreation: remoteBroker=unconnected, localBroker= vm://broker2#0
2018-05-03 16:56:28,376 | INFO  | No Spring WebApplicationInitializer types detected on classpath | /admin | main
2018-05-03 16:56:28,749 | INFO  | ActiveMQ WebConsole available at http://0.0.0.0:5161/ | org.apache.activemq.web.WebConsoleStarter | main
2018-05-03 16:56:28,750 | INFO  | ActiveMQ Jolokia REST API available at http://0.0.0.0:5161/api/jolokia/ | org.apache.activemq.web.WebConsoleStarter | main
2018-05-03 16:56:28,898 | INFO  | Initializing Spring FrameworkServlet 'dispatcher' | /admin | main
2018-05-03 16:56:29,266 | INFO  | No Spring WebApplicationInitializer types detected on classpath | /api | main
2018-05-03 16:56:29,501 | INFO  | jolokia-agent: Using policy access restrictor classpath:/jolokia-access.xml | /api | main
2018-05-03 17:01:29,699 | WARN  | Transport (tcp://0.0.0.0:61816) failed , attempting to automatically reconnect: {} | org.apache.activemq.transport.failover.FailoverTransport | ActiveMQ Transport: tcp:///0.0.0.0:61816@18030
java.io.EOFException
	at java.io.DataInputStream.readInt(DataInputStream.java:392)[:1.8.0_151]
	at org.apache.activemq.openwire.OpenWireFormat.unmarshal(OpenWireFormat.java:268)[activemq-client-5.15.3.jar:5.15.3]
	at org.apache.activemq.transport.tcp.TcpTransport.readCommand(TcpTransport.java:240)[activemq-client-5.15.3.jar:5.15.3]
	at org.apache.activemq.transport.tcp.TcpTransport.doRun(TcpTransport.java:232)[activemq-client-5.15.3.jar:5.15.3]
	at org.apache.activemq.transport.tcp.TcpTransport.run(TcpTransport.java:215)[activemq-client-5.15.3.jar:5.15.3]
	at java.lang.Thread.run(Thread.java:748)[:1.8.0_151]
2018-05-03 17:01:31,857 | INFO  | Successfully reconnected to tcp://0.0.0.0:61826 | org.apache.activemq.transport.failover.FailoverTransport | ActiveMQ Task-3
2018-05-03 17:01:32,071 | WARN  | Transport (tcp://0.0.0.0:61826) failed , attempting to automatically reconnect: {} | org.apache.activemq.transport.failover.FailoverTransport | ActiveMQ Transport: tcp:///0.0.0.0:61826@18043
java.io.EOFException
	at java.io.DataInputStream.readInt(DataInputStream.java:392)[:1.8.0_151]
	at org.apache.activemq.openwire.OpenWireFormat.unmarshal(OpenWireFormat.java:268)[activemq-client-5.15.3.jar:5.15.3]
	at org.apache.activemq.transport.tcp.TcpTransport.readCommand(TcpTransport.java:240)[activemq-client-5.15.3.jar:5.15.3]
	at org.apache.activemq.transport.tcp.TcpTransport.doRun(TcpTransport.java:232)[activemq-client-5.15.3.jar:5.15.3]
	at org.apache.activemq.transport.tcp.TcpTransport.run(TcpTransport.java:215)[activemq-client-5.15.3.jar:5.15.3]
	at java.lang.Thread.run(Thread.java:748)[:1.8.0_151]
2018-05-03 17:01:34,276 | INFO  | Apache ActiveMQ 5.15.3 (broker2, ID:Notebook-ssw-18029-1525334187016-0:1) is shutting down | org.apache.activemq.broker.BrokerService | Thread-16
2018-05-03 17:01:36,128 | WARN  | Transport Connection to: vm://broker2#0 failed: org.apache.activemq.transport.TransportDisposedIOException: peer (vm://broker2#0) stopped. | org.apache.activemq.broker.TransportConnection.Transport | Thread-16
2018-05-03 17:01:36,130 | WARN  | Transport Connection to: vm://broker2#2 failed: org.apache.activemq.transport.TransportDisposedIOException: peer (vm://broker2#2) stopped. | org.apache.activemq.broker.TransportConnection.Transport | Thread-16
2018-05-03 17:01:36,133 | INFO  | Connector vm://broker2 stopped | org.apache.activemq.broker.TransportConnector | Thread-16
2018-05-03 17:01:36,135 | INFO  | broker2 bridge to broker1 stopped | org.apache.activemq.network.DemandForwardingBridgeSupport | Thread-16
2018-05-03 17:01:36,137 | INFO  | Network Connector DiscoveryNetworkConnector:amq3-nc:BrokerService[broker2] stopped | org.apache.activemq.network.NetworkConnector | Thread-16
2018-05-03 17:01:36,139 | INFO  | Connector openwire stopped | org.apache.activemq.broker.TransportConnector | Thread-16
2018-05-03 17:01:36,142 | INFO  | PListStore:[C:\Users\admin\Downloads\apache-activemq-5.15.3-bin(1)\apache-activemq-5.15.3\bin\static\broker-3\data\broker2\tmp_storage] stopped | org.apache.activemq.store.kahadb.plist.PListStoreImpl | Thread-16
2018-05-03 17:01:36,144 | INFO  | Stopping async queue tasks | org.apache.activemq.store.kahadb.KahaDBStore | Thread-16
2018-05-03 17:01:36,145 | INFO  | Stopping async topic tasks | org.apache.activemq.store.kahadb.KahaDBStore | Thread-16
2018-05-03 17:01:36,147 | INFO  | Stopped KahaDB | org.apache.activemq.store.kahadb.KahaDBStore | Thread-16
2018-05-03 17:01:36,178 | INFO  | Apache ActiveMQ 5.15.3 (broker2, ID:Notebook-ssw-18029-1525334187016-0:1) uptime 5 minutes | org.apache.activemq.broker.BrokerService | Thread-16
2018-05-03 17:01:36,183 | INFO  | Apache ActiveMQ 5.15.3 (broker2, ID:Notebook-ssw-18029-1525334187016-0:1) is shutdown | org.apache.activemq.broker.BrokerService | Thread-16
2018-05-03 17:01:36,184 | INFO  | Closing org.apache.activemq.xbean.XBeanBrokerFactory$1@e45f292: startup date [Thu May 03 16:56:25 KST 2018]; root of context hierarchy | org.apache.activemq.xbean.XBeanBrokerFactory$1 | Thread-16
2018-05-03 17:01:36,209 | INFO  | Destroying Spring FrameworkServlet 'dispatcher' | /admin | Thread-16
