2018-05-03 13:56:13,042 | INFO  | Refreshing org.apache.activemq.xbean.XBeanBrokerFactory$1@5f2108b5: startup date [Thu May 03 13:56:13 KST 2018]; root of context hierarchy | org.apache.activemq.xbean.XBeanBrokerFactory$1 | main
2018-05-03 13:56:14,015 | INFO  | Using Persistence Adapter: KahaDBPersistenceAdapter[C:\Users\admin\Downloads\apache-activemq-5.15.3-bin(1)\apache-activemq-5.15.3\bin\standalone\broker2\data\kahadb] | org.apache.activemq.broker.BrokerService | main
2018-05-03 13:56:14,261 | INFO  | PListStore:[C:\Users\admin\Downloads\apache-activemq-5.15.3-bin(1)\apache-activemq-5.15.3\bin\standalone\broker2\data\localhost\tmp_storage] started | org.apache.activemq.store.kahadb.plist.PListStoreImpl | main
2018-05-03 13:56:14,400 | INFO  | Apache ActiveMQ 5.15.3 (localhost, ID:Notebook-ssw-15933-1525323374275-0:1) is starting | org.apache.activemq.broker.BrokerService | main
2018-05-03 13:56:14,467 | INFO  | Listening for connections at: tcp://Notebook-ssw:61616?maximumConnections=1000&wireFormat.maxFrameSize=104857600 | org.apache.activemq.transport.TransportServerThreadSupport | main
2018-05-03 13:56:14,469 | INFO  | Connector openwire started | org.apache.activemq.broker.TransportConnector | main
2018-05-03 13:56:14,476 | INFO  | Listening for connections at: amqp://Notebook-ssw:5672?maximumConnections=1000&wireFormat.maxFrameSize=104857600 | org.apache.activemq.transport.TransportServerThreadSupport | main
2018-05-03 13:56:14,478 | INFO  | Connector amqp started | org.apache.activemq.broker.TransportConnector | main
2018-05-03 13:56:14,488 | INFO  | Listening for connections at: stomp://Notebook-ssw:61613?maximumConnections=1000&wireFormat.maxFrameSize=104857600 | org.apache.activemq.transport.TransportServerThreadSupport | main
2018-05-03 13:56:14,493 | INFO  | Connector stomp started | org.apache.activemq.broker.TransportConnector | main
2018-05-03 13:56:14,503 | INFO  | Listening for connections at: mqtt://Notebook-ssw:1883?maximumConnections=1000&wireFormat.maxFrameSize=104857600 | org.apache.activemq.transport.TransportServerThreadSupport | main
2018-05-03 13:56:14,511 | INFO  | Connector mqtt started | org.apache.activemq.broker.TransportConnector | main
2018-05-03 13:56:14,637 | WARN  | ServletContext@o.e.j.s.ServletContextHandler@4278284b{/,null,STARTING} has uncovered http methods for path: / | org.eclipse.jetty.security.SecurityHandler | main
2018-05-03 13:56:14,692 | INFO  | Listening for connections at ws://Notebook-ssw:61614?maximumConnections=1000&wireFormat.maxFrameSize=104857600 | org.apache.activemq.transport.ws.WSTransportServer | main
2018-05-03 13:56:14,693 | INFO  | Connector ws started | org.apache.activemq.broker.TransportConnector | main
2018-05-03 13:56:14,694 | INFO  | Apache ActiveMQ 5.15.3 (localhost, ID:Notebook-ssw-15933-1525323374275-0:1) started | org.apache.activemq.broker.BrokerService | main
2018-05-03 13:56:14,696 | INFO  | For help or more information please see: http://activemq.apache.org | org.apache.activemq.broker.BrokerService | main
2018-05-03 13:56:15,399 | INFO  | No Spring WebApplicationInitializer types detected on classpath | /admin | main
2018-05-03 13:56:15,693 | INFO  | ActiveMQ WebConsole available at http://0.0.0.0:8161/ | org.apache.activemq.web.WebConsoleStarter | main
2018-05-03 13:56:15,694 | INFO  | ActiveMQ Jolokia REST API available at http://0.0.0.0:8161/api/jolokia/ | org.apache.activemq.web.WebConsoleStarter | main
2018-05-03 13:56:15,779 | INFO  | Initializing Spring FrameworkServlet 'dispatcher' | /admin | main
2018-05-03 13:56:15,990 | INFO  | No Spring WebApplicationInitializer types detected on classpath | /api | main
2018-05-03 13:56:16,155 | INFO  | jolokia-agent: Using policy access restrictor classpath:/jolokia-access.xml | /api | main
2018-05-03 13:56:35,578 | INFO  | Apache ActiveMQ 5.15.3 (localhost, ID:Notebook-ssw-15933-1525323374275-0:1) is shutting down | org.apache.activemq.broker.BrokerService | Thread-23
2018-05-03 13:56:35,580 | INFO  | Connector openwire stopped | org.apache.activemq.broker.TransportConnector | Thread-23
2018-05-03 13:56:35,582 | INFO  | Connector amqp stopped | org.apache.activemq.broker.TransportConnector | Thread-23
2018-05-03 13:56:35,583 | INFO  | Connector stomp stopped | org.apache.activemq.broker.TransportConnector | Thread-23
2018-05-03 13:56:35,585 | INFO  | Connector mqtt stopped | org.apache.activemq.broker.TransportConnector | Thread-23
2018-05-03 13:56:35,590 | INFO  | Connector ws stopped | org.apache.activemq.broker.TransportConnector | Thread-23
2018-05-03 13:56:35,594 | INFO  | PListStore:[C:\Users\admin\Downloads\apache-activemq-5.15.3-bin(1)\apache-activemq-5.15.3\bin\standalone\broker2\data\localhost\tmp_storage] stopped | org.apache.activemq.store.kahadb.plist.PListStoreImpl | Thread-23
2018-05-03 13:56:35,595 | INFO  | Stopping async queue tasks | org.apache.activemq.store.kahadb.KahaDBStore | Thread-23
2018-05-03 13:56:35,598 | INFO  | Stopping async topic tasks | org.apache.activemq.store.kahadb.KahaDBStore | Thread-23
2018-05-03 13:56:35,600 | INFO  | Stopped KahaDB | org.apache.activemq.store.kahadb.KahaDBStore | Thread-23
2018-05-03 13:56:35,756 | INFO  | Apache ActiveMQ 5.15.3 (localhost, ID:Notebook-ssw-15933-1525323374275-0:1) uptime 21.762 seconds | org.apache.activemq.broker.BrokerService | Thread-23
2018-05-03 13:56:35,759 | INFO  | Apache ActiveMQ 5.15.3 (localhost, ID:Notebook-ssw-15933-1525323374275-0:1) is shutdown | org.apache.activemq.broker.BrokerService | Thread-23
2018-05-03 13:56:35,762 | INFO  | Closing org.apache.activemq.xbean.XBeanBrokerFactory$1@5f2108b5: startup date [Thu May 03 13:56:13 KST 2018]; root of context hierarchy | org.apache.activemq.xbean.XBeanBrokerFactory$1 | Thread-23
2018-05-03 13:56:35,778 | INFO  | Destroying Spring FrameworkServlet 'dispatcher' | /admin | Thread-23
2018-05-03 13:56:55,748 | INFO  | Refreshing org.apache.activemq.xbean.XBeanBrokerFactory$1@e45f292: startup date [Thu May 03 13:56:55 KST 2018]; root of context hierarchy | org.apache.activemq.xbean.XBeanBrokerFactory$1 | main
2018-05-03 13:56:56,735 | INFO  | Using Persistence Adapter: KahaDBPersistenceAdapter[C:\Users\admin\Downloads\apache-activemq-5.15.3-bin(1)\apache-activemq-5.15.3\bin\standalone\broker2\data\kahadb] | org.apache.activemq.broker.BrokerService | main
2018-05-03 13:56:56,801 | INFO  | KahaDB is version 6 | org.apache.activemq.store.kahadb.MessageDatabase | main
2018-05-03 13:56:56,831 | INFO  | PListStore:[C:\Users\admin\Downloads\apache-activemq-5.15.3-bin(1)\apache-activemq-5.15.3\bin\standalone\broker2\data\localhost\tmp_storage] started | org.apache.activemq.store.kahadb.plist.PListStoreImpl | main
2018-05-03 13:56:57,018 | INFO  | Apache ActiveMQ 5.15.3 (localhost, ID:Notebook-ssw-15955-1525323416846-0:1) is starting | org.apache.activemq.broker.BrokerService | main
2018-05-03 13:56:57,035 | ERROR | Failed to start Apache ActiveMQ (localhost, ID:Notebook-ssw-15955-1525323416846-0:1) | org.apache.activemq.broker.BrokerService | main
java.io.IOException: Transport Connector could not be registered in JMX: java.io.IOException: Failed to bind to server socket: tcp://0.0.0.0:61616?maximumConnections=1000&wireFormat.maxFrameSize=104857600 due to: java.net.BindException: Address already in use: JVM_Bind
	at org.apache.activemq.util.IOExceptionSupport.create(IOExceptionSupport.java:28)[activemq-client-5.15.3.jar:5.15.3]
	at org.apache.activemq.broker.BrokerService.registerConnectorMBean(BrokerService.java:2264)[activemq-broker-5.15.3.jar:5.15.3]
	at org.apache.activemq.broker.BrokerService.startTransportConnector(BrokerService.java:2744)[activemq-broker-5.15.3.jar:5.15.3]
	at org.apache.activemq.broker.BrokerService.startAllConnectors(BrokerService.java:2640)[activemq-broker-5.15.3.jar:5.15.3]
	at org.apache.activemq.broker.BrokerService.doStartBroker(BrokerService.java:771)[activemq-broker-5.15.3.jar:5.15.3]
	at org.apache.activemq.broker.BrokerService.startBroker(BrokerService.java:733)[activemq-broker-5.15.3.jar:5.15.3]
	at org.apache.activemq.broker.BrokerService.start(BrokerService.java:636)[activemq-broker-5.15.3.jar:5.15.3]
	at org.apache.activemq.xbean.XBeanBrokerService.afterPropertiesSet(XBeanBrokerService.java:73)[activemq-spring-5.15.3.jar:5.15.3]
	at sun.reflect.NativeMethodAccessorImpl.invoke0(Native Method)[:1.8.0_151]
	at sun.reflect.NativeMethodAccessorImpl.invoke(NativeMethodAccessorImpl.java:62)[:1.8.0_151]
	at sun.reflect.DelegatingMethodAccessorImpl.invoke(DelegatingMethodAccessorImpl.java:43)[:1.8.0_151]
	at java.lang.reflect.Method.invoke(Method.java:498)[:1.8.0_151]
	at org.springframework.beans.factory.support.AbstractAutowireCapableBeanFactory.invokeCustomInitMethod(AbstractAutowireCapableBeanFactory.java:1758)[spring-beans-4.3.9.RELEASE.jar:4.3.9.RELEASE]
	at org.springframework.beans.factory.support.AbstractAutowireCapableBeanFactory.invokeInitMethods(AbstractAutowireCapableBeanFactory.java:1695)[spring-beans-4.3.9.RELEASE.jar:4.3.9.RELEASE]
	at org.springframework.beans.factory.support.AbstractAutowireCapableBeanFactory.initializeBean(AbstractAutowireCapableBeanFactory.java:1624)[spring-beans-4.3.9.RELEASE.jar:4.3.9.RELEASE]
	at org.springframework.beans.factory.support.AbstractAutowireCapableBeanFactory.doCreateBean(AbstractAutowireCapableBeanFactory.java:555)[spring-beans-4.3.9.RELEASE.jar:4.3.9.RELEASE]
	at org.springframework.beans.factory.support.AbstractAutowireCapableBeanFactory.createBean(AbstractAutowireCapableBeanFactory.java:483)[spring-beans-4.3.9.RELEASE.jar:4.3.9.RELEASE]
	at org.springframework.beans.factory.support.AbstractBeanFactory$1.getObject(AbstractBeanFactory.java:306)[spring-beans-4.3.9.RELEASE.jar:4.3.9.RELEASE]
	at org.springframework.beans.factory.support.DefaultSingletonBeanRegistry.getSingleton(DefaultSingletonBeanRegistry.java:230)[spring-beans-4.3.9.RELEASE.jar:4.3.9.RELEASE]
	at org.springframework.beans.factory.support.AbstractBeanFactory.doGetBean(AbstractBeanFactory.java:302)[spring-beans-4.3.9.RELEASE.jar:4.3.9.RELEASE]
	at org.springframework.beans.factory.support.AbstractBeanFactory.getBean(AbstractBeanFactory.java:197)[spring-beans-4.3.9.RELEASE.jar:4.3.9.RELEASE]
	at org.springframework.beans.factory.support.DefaultListableBeanFactory.preInstantiateSingletons(DefaultListableBeanFactory.java:761)[spring-beans-4.3.9.RELEASE.jar:4.3.9.RELEASE]
	at org.springframework.context.support.AbstractApplicationContext.finishBeanFactoryInitialization(AbstractApplicationContext.java:867)[spring-context-4.3.9.RELEASE.jar:4.3.9.RELEASE]
	at org.springframework.context.support.AbstractApplicationContext.refresh(AbstractApplicationContext.java:543)[spring-context-4.3.9.RELEASE.jar:4.3.9.RELEASE]
	at org.apache.xbean.spring.context.ResourceXmlApplicationContext.<init>(ResourceXmlApplicationContext.java:64)[xbean-spring-4.2.jar:4.2]
	at org.apache.xbean.spring.context.ResourceXmlApplicationContext.<init>(ResourceXmlApplicationContext.java:52)[xbean-spring-4.2.jar:4.2]
	at org.apache.activemq.xbean.XBeanBrokerFactory$1.<init>(XBeanBrokerFactory.java:104)[activemq-spring-5.15.3.jar:5.15.3]
	at org.apache.activemq.xbean.XBeanBrokerFactory.createApplicationContext(XBeanBrokerFactory.java:104)[activemq-spring-5.15.3.jar:5.15.3]
	at org.apache.activemq.xbean.XBeanBrokerFactory.createBroker(XBeanBrokerFactory.java:67)[activemq-spring-5.15.3.jar:5.15.3]
	at org.apache.activemq.broker.BrokerFactory.createBroker(BrokerFactory.java:71)[activemq-broker-5.15.3.jar:5.15.3]
	at org.apache.activemq.broker.BrokerFactory.createBroker(BrokerFactory.java:54)[activemq-broker-5.15.3.jar:5.15.3]
	at org.apache.activemq.console.command.StartCommand.runTask(StartCommand.java:87)[activemq-console-5.15.3.jar:5.15.3]
	at org.apache.activemq.console.command.AbstractCommand.execute(AbstractCommand.java:63)[activemq-console-5.15.3.jar:5.15.3]
	at org.apache.activemq.console.command.ShellCommand.runTask(ShellCommand.java:154)[activemq-console-5.15.3.jar:5.15.3]
	at org.apache.activemq.console.command.AbstractCommand.execute(AbstractCommand.java:63)[activemq-console-5.15.3.jar:5.15.3]
	at org.apache.activemq.console.command.ShellCommand.main(ShellCommand.java:104)[activemq-console-5.15.3.jar:5.15.3]
	at sun.reflect.NativeMethodAccessorImpl.invoke0(Native Method)[:1.8.0_151]
	at sun.reflect.NativeMethodAccessorImpl.invoke(NativeMethodAccessorImpl.java:62)[:1.8.0_151]
	at sun.reflect.DelegatingMethodAccessorImpl.invoke(DelegatingMethodAccessorImpl.java:43)[:1.8.0_151]
	at java.lang.reflect.Method.invoke(Method.java:498)[:1.8.0_151]
	at org.apache.activemq.console.Main.runTaskClass(Main.java:262)[activemq.jar:5.15.3]
	at org.apache.activemq.console.Main.main(Main.java:115)[activemq.jar:5.15.3]
2018-05-03 13:56:57,043 | INFO  | Apache ActiveMQ 5.15.3 (localhost, ID:Notebook-ssw-15955-1525323416846-0:1) is shutting down | org.apache.activemq.broker.BrokerService | main
2018-05-03 13:56:57,044 | INFO  | Connector openwire stopped | org.apache.activemq.broker.TransportConnector | main
2018-05-03 13:56:57,046 | INFO  | Connector amqp stopped | org.apache.activemq.broker.TransportConnector | main
2018-05-03 13:56:57,048 | INFO  | Connector stomp stopped | org.apache.activemq.broker.TransportConnector | main
2018-05-03 13:56:57,050 | INFO  | Connector mqtt stopped | org.apache.activemq.broker.TransportConnector | main
2018-05-03 13:56:57,052 | INFO  | Connector ws stopped | org.apache.activemq.broker.TransportConnector | main
2018-05-03 13:56:57,062 | INFO  | PListStore:[C:\Users\admin\Downloads\apache-activemq-5.15.3-bin(1)\apache-activemq-5.15.3\bin\standalone\broker2\data\localhost\tmp_storage] stopped | org.apache.activemq.store.kahadb.plist.PListStoreImpl | main
2018-05-03 13:56:57,065 | INFO  | Stopping async queue tasks | org.apache.activemq.store.kahadb.KahaDBStore | main
2018-05-03 13:56:57,067 | INFO  | Stopping async topic tasks | org.apache.activemq.store.kahadb.KahaDBStore | main
2018-05-03 13:56:57,070 | INFO  | Stopped KahaDB | org.apache.activemq.store.kahadb.KahaDBStore | main
2018-05-03 13:56:57,093 | INFO  | Apache ActiveMQ 5.15.3 (localhost, ID:Notebook-ssw-15955-1525323416846-0:1) uptime 0.377 seconds | org.apache.activemq.broker.BrokerService | main
2018-05-03 13:56:57,096 | INFO  | Apache ActiveMQ 5.15.3 (localhost, ID:Notebook-ssw-15955-1525323416846-0:1) is shutdown | org.apache.activemq.broker.BrokerService | main
2018-05-03 13:56:57,097 | INFO  | Closing org.apache.activemq.xbean.XBeanBrokerFactory$1@e45f292: startup date [Thu May 03 13:56:55 KST 2018]; root of context hierarchy | org.apache.activemq.xbean.XBeanBrokerFactory$1 | main
2018-05-03 13:56:57,100 | WARN  | Exception thrown from LifecycleProcessor on context close | org.apache.activemq.xbean.XBeanBrokerFactory$1 | main
java.lang.IllegalStateException: LifecycleProcessor not initialized - call 'refresh' before invoking lifecycle methods via the context: org.apache.activemq.xbean.XBeanBrokerFactory$1@e45f292: startup date [Thu May 03 13:56:55 KST 2018]; root of context hierarchy
	at org.springframework.context.support.AbstractApplicationContext.getLifecycleProcessor(AbstractApplicationContext.java:427)[spring-context-4.3.9.RELEASE.jar:4.3.9.RELEASE]
	at org.springframework.context.support.AbstractApplicationContext.doClose(AbstractApplicationContext.java:999)[spring-context-4.3.9.RELEASE.jar:4.3.9.RELEASE]
	at org.springframework.context.support.AbstractApplicationContext.close(AbstractApplicationContext.java:958)[spring-context-4.3.9.RELEASE.jar:4.3.9.RELEASE]
	at org.apache.activemq.hooks.SpringContextHook.run(SpringContextHook.java:30)[activemq-spring-5.15.3.jar:5.15.3]
	at org.apache.activemq.broker.BrokerService.stop(BrokerService.java:903)[activemq-broker-5.15.3.jar:5.15.3]
	at org.apache.activemq.xbean.XBeanBrokerService.stop(XBeanBrokerService.java:122)[activemq-spring-5.15.3.jar:5.15.3]
	at org.apache.activemq.broker.BrokerService.start(BrokerService.java:642)[activemq-broker-5.15.3.jar:5.15.3]
	at org.apache.activemq.xbean.XBeanBrokerService.afterPropertiesSet(XBeanBrokerService.java:73)[activemq-spring-5.15.3.jar:5.15.3]
	at sun.reflect.NativeMethodAccessorImpl.invoke0(Native Method)[:1.8.0_151]
	at sun.reflect.NativeMethodAccessorImpl.invoke(NativeMethodAccessorImpl.java:62)[:1.8.0_151]
	at sun.reflect.DelegatingMethodAccessorImpl.invoke(DelegatingMethodAccessorImpl.java:43)[:1.8.0_151]
	at java.lang.reflect.Method.invoke(Method.java:498)[:1.8.0_151]
	at org.springframework.beans.factory.support.AbstractAutowireCapableBeanFactory.invokeCustomInitMethod(AbstractAutowireCapableBeanFactory.java:1758)[spring-beans-4.3.9.RELEASE.jar:4.3.9.RELEASE]
	at org.springframework.beans.factory.support.AbstractAutowireCapableBeanFactory.invokeInitMethods(AbstractAutowireCapableBeanFactory.java:1695)[spring-beans-4.3.9.RELEASE.jar:4.3.9.RELEASE]
	at org.springframework.beans.factory.support.AbstractAutowireCapableBeanFactory.initializeBean(AbstractAutowireCapableBeanFactory.java:1624)[spring-beans-4.3.9.RELEASE.jar:4.3.9.RELEASE]
	at org.springframework.beans.factory.support.AbstractAutowireCapableBeanFactory.doCreateBean(AbstractAutowireCapableBeanFactory.java:555)[spring-beans-4.3.9.RELEASE.jar:4.3.9.RELEASE]
	at org.springframework.beans.factory.support.AbstractAutowireCapableBeanFactory.createBean(AbstractAutowireCapableBeanFactory.java:483)[spring-beans-4.3.9.RELEASE.jar:4.3.9.RELEASE]
	at org.springframework.beans.factory.support.AbstractBeanFactory$1.getObject(AbstractBeanFactory.java:306)[spring-beans-4.3.9.RELEASE.jar:4.3.9.RELEASE]
	at org.springframework.beans.factory.support.DefaultSingletonBeanRegistry.getSingleton(DefaultSingletonBeanRegistry.java:230)[spring-beans-4.3.9.RELEASE.jar:4.3.9.RELEASE]
	at org.springframework.beans.factory.support.AbstractBeanFactory.doGetBean(AbstractBeanFactory.java:302)[spring-beans-4.3.9.RELEASE.jar:4.3.9.RELEASE]
	at org.springframework.beans.factory.support.AbstractBeanFactory.getBean(AbstractBeanFactory.java:197)[spring-beans-4.3.9.RELEASE.jar:4.3.9.RELEASE]
	at org.springframework.beans.factory.support.DefaultListableBeanFactory.preInstantiateSingletons(DefaultListableBeanFactory.java:761)[spring-beans-4.3.9.RELEASE.jar:4.3.9.RELEASE]
	at org.springframework.context.support.AbstractApplicationContext.finishBeanFactoryInitialization(AbstractApplicationContext.java:867)[spring-context-4.3.9.RELEASE.jar:4.3.9.RELEASE]
	at org.springframework.context.support.AbstractApplicationContext.refresh(AbstractApplicationContext.java:543)[spring-context-4.3.9.RELEASE.jar:4.3.9.RELEASE]
	at org.apache.xbean.spring.context.ResourceXmlApplicationContext.<init>(ResourceXmlApplicationContext.java:64)[xbean-spring-4.2.jar:4.2]
	at org.apache.xbean.spring.context.ResourceXmlApplicationContext.<init>(ResourceXmlApplicationContext.java:52)[xbean-spring-4.2.jar:4.2]
	at org.apache.activemq.xbean.XBeanBrokerFactory$1.<init>(XBeanBrokerFactory.java:104)[activemq-spring-5.15.3.jar:5.15.3]
	at org.apache.activemq.xbean.XBeanBrokerFactory.createApplicationContext(XBeanBrokerFactory.java:104)[activemq-spring-5.15.3.jar:5.15.3]
	at org.apache.activemq.xbean.XBeanBrokerFactory.createBroker(XBeanBrokerFactory.java:67)[activemq-spring-5.15.3.jar:5.15.3]
	at org.apache.activemq.broker.BrokerFactory.createBroker(BrokerFactory.java:71)[activemq-broker-5.15.3.jar:5.15.3]
	at org.apache.activemq.broker.BrokerFactory.createBroker(BrokerFactory.java:54)[activemq-broker-5.15.3.jar:5.15.3]
	at org.apache.activemq.console.command.StartCommand.runTask(StartCommand.java:87)[activemq-console-5.15.3.jar:5.15.3]
	at org.apache.activemq.console.command.AbstractCommand.execute(AbstractCommand.java:63)[activemq-console-5.15.3.jar:5.15.3]
	at org.apache.activemq.console.command.ShellCommand.runTask(ShellCommand.java:154)[activemq-console-5.15.3.jar:5.15.3]
	at org.apache.activemq.console.command.AbstractCommand.execute(AbstractCommand.java:63)[activemq-console-5.15.3.jar:5.15.3]
	at org.apache.activemq.console.command.ShellCommand.main(ShellCommand.java:104)[activemq-console-5.15.3.jar:5.15.3]
	at sun.reflect.NativeMethodAccessorImpl.invoke0(Native Method)[:1.8.0_151]
	at sun.reflect.NativeMethodAccessorImpl.invoke(NativeMethodAccessorImpl.java:62)[:1.8.0_151]
	at sun.reflect.DelegatingMethodAccessorImpl.invoke(DelegatingMethodAccessorImpl.java:43)[:1.8.0_151]
	at java.lang.reflect.Method.invoke(Method.java:498)[:1.8.0_151]
	at org.apache.activemq.console.Main.runTaskClass(Main.java:262)[activemq.jar:5.15.3]
	at org.apache.activemq.console.Main.main(Main.java:115)[activemq.jar:5.15.3]
2018-05-03 13:56:57,110 | WARN  | Exception encountered during context initialization - cancelling refresh attempt: org.springframework.beans.factory.BeanCreationException: Error creating bean with name 'org.apache.activemq.xbean.XBeanBrokerService#0' defined in class path resource [activemq.xml]: Invocation of init method failed; nested exception is java.io.IOException: Transport Connector could not be registered in JMX: java.io.IOException: Failed to bind to server socket: tcp://0.0.0.0:61616?maximumConnections=1000&wireFormat.maxFrameSize=104857600 due to: java.net.BindException: Address already in use: JVM_Bind | org.apache.activemq.xbean.XBeanBrokerFactory$1 | main
2018-05-03 14:00:17,264 | INFO  | Refreshing org.apache.activemq.xbean.XBeanBrokerFactory$1@e45f292: startup date [Thu May 03 14:00:17 KST 2018]; root of context hierarchy | org.apache.activemq.xbean.XBeanBrokerFactory$1 | main
2018-05-03 14:00:18,311 | INFO  | Using Persistence Adapter: KahaDBPersistenceAdapter[C:\Users\admin\Downloads\apache-activemq-5.15.3-bin(1)\apache-activemq-5.15.3\bin\standalone\broker2\data\kahadb] | org.apache.activemq.broker.BrokerService | main
2018-05-03 14:00:18,387 | INFO  | KahaDB is version 6 | org.apache.activemq.store.kahadb.MessageDatabase | main
2018-05-03 14:00:18,418 | INFO  | PListStore:[C:\Users\admin\Downloads\apache-activemq-5.15.3-bin(1)\apache-activemq-5.15.3\bin\standalone\broker2\data\broker2\tmp_storage] started | org.apache.activemq.store.kahadb.plist.PListStoreImpl | main
2018-05-03 14:00:18,654 | INFO  | Apache ActiveMQ 5.15.3 (broker2, ID:Notebook-ssw-16068-1525323618439-0:1) is starting | org.apache.activemq.broker.BrokerService | main
2018-05-03 14:00:18,674 | INFO  | Listening for connections at: tcp://Notebook-ssw:61626?maximumConnections=1000&wireFormat.maxFrameSize=104857600 | org.apache.activemq.transport.TransportServerThreadSupport | main
2018-05-03 14:00:18,675 | INFO  | Connector openwire started | org.apache.activemq.broker.TransportConnector | main
2018-05-03 14:00:18,681 | ERROR | Failed to start Apache ActiveMQ (broker2, ID:Notebook-ssw-16068-1525323618439-0:1) | org.apache.activemq.broker.BrokerService | main
java.io.IOException: Transport Connector could not be registered in JMX: java.io.IOException: Failed to bind to server socket: amqp://0.0.0.0:5672?maximumConnections=1000&wireFormat.maxFrameSize=104857600 due to: java.net.BindException: Address already in use: JVM_Bind
	at org.apache.activemq.util.IOExceptionSupport.create(IOExceptionSupport.java:28)[activemq-client-5.15.3.jar:5.15.3]
	at org.apache.activemq.broker.BrokerService.registerConnectorMBean(BrokerService.java:2264)[activemq-broker-5.15.3.jar:5.15.3]
	at org.apache.activemq.broker.BrokerService.startTransportConnector(BrokerService.java:2744)[activemq-broker-5.15.3.jar:5.15.3]
	at org.apache.activemq.broker.BrokerService.startAllConnectors(BrokerService.java:2640)[activemq-broker-5.15.3.jar:5.15.3]
	at org.apache.activemq.broker.BrokerService.doStartBroker(BrokerService.java:771)[activemq-broker-5.15.3.jar:5.15.3]
	at org.apache.activemq.broker.BrokerService.startBroker(BrokerService.java:733)[activemq-broker-5.15.3.jar:5.15.3]
	at org.apache.activemq.broker.BrokerService.start(BrokerService.java:636)[activemq-broker-5.15.3.jar:5.15.3]
	at org.apache.activemq.xbean.XBeanBrokerService.afterPropertiesSet(XBeanBrokerService.java:73)[activemq-spring-5.15.3.jar:5.15.3]
	at sun.reflect.NativeMethodAccessorImpl.invoke0(Native Method)[:1.8.0_151]
	at sun.reflect.NativeMethodAccessorImpl.invoke(NativeMethodAccessorImpl.java:62)[:1.8.0_151]
	at sun.reflect.DelegatingMethodAccessorImpl.invoke(DelegatingMethodAccessorImpl.java:43)[:1.8.0_151]
	at java.lang.reflect.Method.invoke(Method.java:498)[:1.8.0_151]
	at org.springframework.beans.factory.support.AbstractAutowireCapableBeanFactory.invokeCustomInitMethod(AbstractAutowireCapableBeanFactory.java:1758)[spring-beans-4.3.9.RELEASE.jar:4.3.9.RELEASE]
	at org.springframework.beans.factory.support.AbstractAutowireCapableBeanFactory.invokeInitMethods(AbstractAutowireCapableBeanFactory.java:1695)[spring-beans-4.3.9.RELEASE.jar:4.3.9.RELEASE]
	at org.springframework.beans.factory.support.AbstractAutowireCapableBeanFactory.initializeBean(AbstractAutowireCapableBeanFactory.java:1624)[spring-beans-4.3.9.RELEASE.jar:4.3.9.RELEASE]
	at org.springframework.beans.factory.support.AbstractAutowireCapableBeanFactory.doCreateBean(AbstractAutowireCapableBeanFactory.java:555)[spring-beans-4.3.9.RELEASE.jar:4.3.9.RELEASE]
	at org.springframework.beans.factory.support.AbstractAutowireCapableBeanFactory.createBean(AbstractAutowireCapableBeanFactory.java:483)[spring-beans-4.3.9.RELEASE.jar:4.3.9.RELEASE]
	at org.springframework.beans.factory.support.AbstractBeanFactory$1.getObject(AbstractBeanFactory.java:306)[spring-beans-4.3.9.RELEASE.jar:4.3.9.RELEASE]
	at org.springframework.beans.factory.support.DefaultSingletonBeanRegistry.getSingleton(DefaultSingletonBeanRegistry.java:230)[spring-beans-4.3.9.RELEASE.jar:4.3.9.RELEASE]
	at org.springframework.beans.factory.support.AbstractBeanFactory.doGetBean(AbstractBeanFactory.java:302)[spring-beans-4.3.9.RELEASE.jar:4.3.9.RELEASE]
	at org.springframework.beans.factory.support.AbstractBeanFactory.getBean(AbstractBeanFactory.java:197)[spring-beans-4.3.9.RELEASE.jar:4.3.9.RELEASE]
	at org.springframework.beans.factory.support.DefaultListableBeanFactory.preInstantiateSingletons(DefaultListableBeanFactory.java:761)[spring-beans-4.3.9.RELEASE.jar:4.3.9.RELEASE]
	at org.springframework.context.support.AbstractApplicationContext.finishBeanFactoryInitialization(AbstractApplicationContext.java:867)[spring-context-4.3.9.RELEASE.jar:4.3.9.RELEASE]
	at org.springframework.context.support.AbstractApplicationContext.refresh(AbstractApplicationContext.java:543)[spring-context-4.3.9.RELEASE.jar:4.3.9.RELEASE]
	at org.apache.xbean.spring.context.ResourceXmlApplicationContext.<init>(ResourceXmlApplicationContext.java:64)[xbean-spring-4.2.jar:4.2]
	at org.apache.xbean.spring.context.ResourceXmlApplicationContext.<init>(ResourceXmlApplicationContext.java:52)[xbean-spring-4.2.jar:4.2]
	at org.apache.activemq.xbean.XBeanBrokerFactory$1.<init>(XBeanBrokerFactory.java:104)[activemq-spring-5.15.3.jar:5.15.3]
	at org.apache.activemq.xbean.XBeanBrokerFactory.createApplicationContext(XBeanBrokerFactory.java:104)[activemq-spring-5.15.3.jar:5.15.3]
	at org.apache.activemq.xbean.XBeanBrokerFactory.createBroker(XBeanBrokerFactory.java:67)[activemq-spring-5.15.3.jar:5.15.3]
	at org.apache.activemq.broker.BrokerFactory.createBroker(BrokerFactory.java:71)[activemq-broker-5.15.3.jar:5.15.3]
	at org.apache.activemq.broker.BrokerFactory.createBroker(BrokerFactory.java:54)[activemq-broker-5.15.3.jar:5.15.3]
	at org.apache.activemq.console.command.StartCommand.runTask(StartCommand.java:87)[activemq-console-5.15.3.jar:5.15.3]
	at org.apache.activemq.console.command.AbstractCommand.execute(AbstractCommand.java:63)[activemq-console-5.15.3.jar:5.15.3]
	at org.apache.activemq.console.command.ShellCommand.runTask(ShellCommand.java:154)[activemq-console-5.15.3.jar:5.15.3]
	at org.apache.activemq.console.command.AbstractCommand.execute(AbstractCommand.java:63)[activemq-console-5.15.3.jar:5.15.3]
	at org.apache.activemq.console.command.ShellCommand.main(ShellCommand.java:104)[activemq-console-5.15.3.jar:5.15.3]
	at sun.reflect.NativeMethodAccessorImpl.invoke0(Native Method)[:1.8.0_151]
	at sun.reflect.NativeMethodAccessorImpl.invoke(NativeMethodAccessorImpl.java:62)[:1.8.0_151]
	at sun.reflect.DelegatingMethodAccessorImpl.invoke(DelegatingMethodAccessorImpl.java:43)[:1.8.0_151]
	at java.lang.reflect.Method.invoke(Method.java:498)[:1.8.0_151]
	at org.apache.activemq.console.Main.runTaskClass(Main.java:262)[activemq.jar:5.15.3]
	at org.apache.activemq.console.Main.main(Main.java:115)[activemq.jar:5.15.3]
2018-05-03 14:00:18,691 | INFO  | Apache ActiveMQ 5.15.3 (broker2, ID:Notebook-ssw-16068-1525323618439-0:1) is shutting down | org.apache.activemq.broker.BrokerService | main
2018-05-03 14:00:18,694 | INFO  | Connector openwire stopped | org.apache.activemq.broker.TransportConnector | main
2018-05-03 14:00:18,696 | INFO  | Connector amqp stopped | org.apache.activemq.broker.TransportConnector | main
2018-05-03 14:00:18,703 | INFO  | Connector stomp stopped | org.apache.activemq.broker.TransportConnector | main
2018-05-03 14:00:18,707 | INFO  | Connector mqtt stopped | org.apache.activemq.broker.TransportConnector | main
2018-05-03 14:00:18,709 | INFO  | Connector ws stopped | org.apache.activemq.broker.TransportConnector | main
2018-05-03 14:00:18,719 | INFO  | PListStore:[C:\Users\admin\Downloads\apache-activemq-5.15.3-bin(1)\apache-activemq-5.15.3\bin\standalone\broker2\data\broker2\tmp_storage] stopped | org.apache.activemq.store.kahadb.plist.PListStoreImpl | main
2018-05-03 14:00:18,720 | INFO  | Stopping async queue tasks | org.apache.activemq.store.kahadb.KahaDBStore | main
2018-05-03 14:00:18,722 | INFO  | Stopping async topic tasks | org.apache.activemq.store.kahadb.KahaDBStore | main
2018-05-03 14:00:18,726 | INFO  | Stopped KahaDB | org.apache.activemq.store.kahadb.KahaDBStore | main
2018-05-03 14:00:18,754 | INFO  | Apache ActiveMQ 5.15.3 (broker2, ID:Notebook-ssw-16068-1525323618439-0:1) uptime 0.462 seconds | org.apache.activemq.broker.BrokerService | main
2018-05-03 14:00:18,756 | INFO  | Apache ActiveMQ 5.15.3 (broker2, ID:Notebook-ssw-16068-1525323618439-0:1) is shutdown | org.apache.activemq.broker.BrokerService | main
2018-05-03 14:00:18,757 | INFO  | Closing org.apache.activemq.xbean.XBeanBrokerFactory$1@e45f292: startup date [Thu May 03 14:00:17 KST 2018]; root of context hierarchy | org.apache.activemq.xbean.XBeanBrokerFactory$1 | main
2018-05-03 14:00:18,761 | WARN  | Exception thrown from LifecycleProcessor on context close | org.apache.activemq.xbean.XBeanBrokerFactory$1 | main
java.lang.IllegalStateException: LifecycleProcessor not initialized - call 'refresh' before invoking lifecycle methods via the context: org.apache.activemq.xbean.XBeanBrokerFactory$1@e45f292: startup date [Thu May 03 14:00:17 KST 2018]; root of context hierarchy
	at org.springframework.context.support.AbstractApplicationContext.getLifecycleProcessor(AbstractApplicationContext.java:427)[spring-context-4.3.9.RELEASE.jar:4.3.9.RELEASE]
	at org.springframework.context.support.AbstractApplicationContext.doClose(AbstractApplicationContext.java:999)[spring-context-4.3.9.RELEASE.jar:4.3.9.RELEASE]
	at org.springframework.context.support.AbstractApplicationContext.close(AbstractApplicationContext.java:958)[spring-context-4.3.9.RELEASE.jar:4.3.9.RELEASE]
	at org.apache.activemq.hooks.SpringContextHook.run(SpringContextHook.java:30)[activemq-spring-5.15.3.jar:5.15.3]
	at org.apache.activemq.broker.BrokerService.stop(BrokerService.java:903)[activemq-broker-5.15.3.jar:5.15.3]
	at org.apache.activemq.xbean.XBeanBrokerService.stop(XBeanBrokerService.java:122)[activemq-spring-5.15.3.jar:5.15.3]
	at org.apache.activemq.broker.BrokerService.start(BrokerService.java:642)[activemq-broker-5.15.3.jar:5.15.3]
	at org.apache.activemq.xbean.XBeanBrokerService.afterPropertiesSet(XBeanBrokerService.java:73)[activemq-spring-5.15.3.jar:5.15.3]
	at sun.reflect.NativeMethodAccessorImpl.invoke0(Native Method)[:1.8.0_151]
	at sun.reflect.NativeMethodAccessorImpl.invoke(NativeMethodAccessorImpl.java:62)[:1.8.0_151]
	at sun.reflect.DelegatingMethodAccessorImpl.invoke(DelegatingMethodAccessorImpl.java:43)[:1.8.0_151]
	at java.lang.reflect.Method.invoke(Method.java:498)[:1.8.0_151]
	at org.springframework.beans.factory.support.AbstractAutowireCapableBeanFactory.invokeCustomInitMethod(AbstractAutowireCapableBeanFactory.java:1758)[spring-beans-4.3.9.RELEASE.jar:4.3.9.RELEASE]
	at org.springframework.beans.factory.support.AbstractAutowireCapableBeanFactory.invokeInitMethods(AbstractAutowireCapableBeanFactory.java:1695)[spring-beans-4.3.9.RELEASE.jar:4.3.9.RELEASE]
	at org.springframework.beans.factory.support.AbstractAutowireCapableBeanFactory.initializeBean(AbstractAutowireCapableBeanFactory.java:1624)[spring-beans-4.3.9.RELEASE.jar:4.3.9.RELEASE]
	at org.springframework.beans.factory.support.AbstractAutowireCapableBeanFactory.doCreateBean(AbstractAutowireCapableBeanFactory.java:555)[spring-beans-4.3.9.RELEASE.jar:4.3.9.RELEASE]
	at org.springframework.beans.factory.support.AbstractAutowireCapableBeanFactory.createBean(AbstractAutowireCapableBeanFactory.java:483)[spring-beans-4.3.9.RELEASE.jar:4.3.9.RELEASE]
	at org.springframework.beans.factory.support.AbstractBeanFactory$1.getObject(AbstractBeanFactory.java:306)[spring-beans-4.3.9.RELEASE.jar:4.3.9.RELEASE]
	at org.springframework.beans.factory.support.DefaultSingletonBeanRegistry.getSingleton(DefaultSingletonBeanRegistry.java:230)[spring-beans-4.3.9.RELEASE.jar:4.3.9.RELEASE]
	at org.springframework.beans.factory.support.AbstractBeanFactory.doGetBean(AbstractBeanFactory.java:302)[spring-beans-4.3.9.RELEASE.jar:4.3.9.RELEASE]
	at org.springframework.beans.factory.support.AbstractBeanFactory.getBean(AbstractBeanFactory.java:197)[spring-beans-4.3.9.RELEASE.jar:4.3.9.RELEASE]
	at org.springframework.beans.factory.support.DefaultListableBeanFactory.preInstantiateSingletons(DefaultListableBeanFactory.java:761)[spring-beans-4.3.9.RELEASE.jar:4.3.9.RELEASE]
	at org.springframework.context.support.AbstractApplicationContext.finishBeanFactoryInitialization(AbstractApplicationContext.java:867)[spring-context-4.3.9.RELEASE.jar:4.3.9.RELEASE]
	at org.springframework.context.support.AbstractApplicationContext.refresh(AbstractApplicationContext.java:543)[spring-context-4.3.9.RELEASE.jar:4.3.9.RELEASE]
	at org.apache.xbean.spring.context.ResourceXmlApplicationContext.<init>(ResourceXmlApplicationContext.java:64)[xbean-spring-4.2.jar:4.2]
	at org.apache.xbean.spring.context.ResourceXmlApplicationContext.<init>(ResourceXmlApplicationContext.java:52)[xbean-spring-4.2.jar:4.2]
	at org.apache.activemq.xbean.XBeanBrokerFactory$1.<init>(XBeanBrokerFactory.java:104)[activemq-spring-5.15.3.jar:5.15.3]
	at org.apache.activemq.xbean.XBeanBrokerFactory.createApplicationContext(XBeanBrokerFactory.java:104)[activemq-spring-5.15.3.jar:5.15.3]
	at org.apache.activemq.xbean.XBeanBrokerFactory.createBroker(XBeanBrokerFactory.java:67)[activemq-spring-5.15.3.jar:5.15.3]
	at org.apache.activemq.broker.BrokerFactory.createBroker(BrokerFactory.java:71)[activemq-broker-5.15.3.jar:5.15.3]
	at org.apache.activemq.broker.BrokerFactory.createBroker(BrokerFactory.java:54)[activemq-broker-5.15.3.jar:5.15.3]
	at org.apache.activemq.console.command.StartCommand.runTask(StartCommand.java:87)[activemq-console-5.15.3.jar:5.15.3]
	at org.apache.activemq.console.command.AbstractCommand.execute(AbstractCommand.java:63)[activemq-console-5.15.3.jar:5.15.3]
	at org.apache.activemq.console.command.ShellCommand.runTask(ShellCommand.java:154)[activemq-console-5.15.3.jar:5.15.3]
	at org.apache.activemq.console.command.AbstractCommand.execute(AbstractCommand.java:63)[activemq-console-5.15.3.jar:5.15.3]
	at org.apache.activemq.console.command.ShellCommand.main(ShellCommand.java:104)[activemq-console-5.15.3.jar:5.15.3]
	at sun.reflect.NativeMethodAccessorImpl.invoke0(Native Method)[:1.8.0_151]
	at sun.reflect.NativeMethodAccessorImpl.invoke(NativeMethodAccessorImpl.java:62)[:1.8.0_151]
	at sun.reflect.DelegatingMethodAccessorImpl.invoke(DelegatingMethodAccessorImpl.java:43)[:1.8.0_151]
	at java.lang.reflect.Method.invoke(Method.java:498)[:1.8.0_151]
	at org.apache.activemq.console.Main.runTaskClass(Main.java:262)[activemq.jar:5.15.3]
	at org.apache.activemq.console.Main.main(Main.java:115)[activemq.jar:5.15.3]
2018-05-03 14:00:18,772 | WARN  | Exception encountered during context initialization - cancelling refresh attempt: org.springframework.beans.factory.BeanCreationException: Error creating bean with name 'org.apache.activemq.xbean.XBeanBrokerService#0' defined in class path resource [activemq.xml]: Invocation of init method failed; nested exception is java.io.IOException: Transport Connector could not be registered in JMX: java.io.IOException: Failed to bind to server socket: amqp://0.0.0.0:5672?maximumConnections=1000&wireFormat.maxFrameSize=104857600 due to: java.net.BindException: Address already in use: JVM_Bind | org.apache.activemq.xbean.XBeanBrokerFactory$1 | main
2018-05-03 14:00:56,854 | INFO  | Refreshing org.apache.activemq.xbean.XBeanBrokerFactory$1@e45f292: startup date [Thu May 03 14:00:56 KST 2018]; root of context hierarchy | org.apache.activemq.xbean.XBeanBrokerFactory$1 | main
2018-05-03 14:00:57,832 | INFO  | Using Persistence Adapter: KahaDBPersistenceAdapter[C:\Users\admin\Downloads\apache-activemq-5.15.3-bin(1)\apache-activemq-5.15.3\bin\standalone\broker2\data\kahadb] | org.apache.activemq.broker.BrokerService | main
2018-05-03 14:00:57,894 | INFO  | KahaDB is version 6 | org.apache.activemq.store.kahadb.MessageDatabase | main
2018-05-03 14:00:57,928 | INFO  | PListStore:[C:\Users\admin\Downloads\apache-activemq-5.15.3-bin(1)\apache-activemq-5.15.3\bin\standalone\broker2\data\broker2\tmp_storage] started | org.apache.activemq.store.kahadb.plist.PListStoreImpl | main
2018-05-03 14:00:58,114 | INFO  | Apache ActiveMQ 5.15.3 (broker2, ID:Notebook-ssw-16070-1525323657944-0:1) is starting | org.apache.activemq.broker.BrokerService | main
2018-05-03 14:00:58,134 | INFO  | Listening for connections at: tcp://Notebook-ssw:61626?maximumConnections=1000&wireFormat.maxFrameSize=104857600 | org.apache.activemq.transport.TransportServerThreadSupport | main
2018-05-03 14:00:58,136 | INFO  | Connector openwire started | org.apache.activemq.broker.TransportConnector | main
2018-05-03 14:00:58,140 | INFO  | Listening for connections at: amqp://Notebook-ssw:5673?maximumConnections=1000&wireFormat.maxFrameSize=104857600 | org.apache.activemq.transport.TransportServerThreadSupport | main
2018-05-03 14:00:58,144 | INFO  | Connector amqp started | org.apache.activemq.broker.TransportConnector | main
2018-05-03 14:00:58,151 | ERROR | Failed to start Apache ActiveMQ (broker2, ID:Notebook-ssw-16070-1525323657944-0:1) | org.apache.activemq.broker.BrokerService | main
java.io.IOException: Transport Connector could not be registered in JMX: java.io.IOException: Failed to bind to server socket: stomp://0.0.0.0:61614?maximumConnections=1000&wireFormat.maxFrameSize=104857600 due to: java.net.BindException: Address already in use: JVM_Bind
	at org.apache.activemq.util.IOExceptionSupport.create(IOExceptionSupport.java:28)[activemq-client-5.15.3.jar:5.15.3]
	at org.apache.activemq.broker.BrokerService.registerConnectorMBean(BrokerService.java:2264)[activemq-broker-5.15.3.jar:5.15.3]
	at org.apache.activemq.broker.BrokerService.startTransportConnector(BrokerService.java:2744)[activemq-broker-5.15.3.jar:5.15.3]
	at org.apache.activemq.broker.BrokerService.startAllConnectors(BrokerService.java:2640)[activemq-broker-5.15.3.jar:5.15.3]
	at org.apache.activemq.broker.BrokerService.doStartBroker(BrokerService.java:771)[activemq-broker-5.15.3.jar:5.15.3]
	at org.apache.activemq.broker.BrokerService.startBroker(BrokerService.java:733)[activemq-broker-5.15.3.jar:5.15.3]
	at org.apache.activemq.broker.BrokerService.start(BrokerService.java:636)[activemq-broker-5.15.3.jar:5.15.3]
	at org.apache.activemq.xbean.XBeanBrokerService.afterPropertiesSet(XBeanBrokerService.java:73)[activemq-spring-5.15.3.jar:5.15.3]
	at sun.reflect.NativeMethodAccessorImpl.invoke0(Native Method)[:1.8.0_151]
	at sun.reflect.NativeMethodAccessorImpl.invoke(NativeMethodAccessorImpl.java:62)[:1.8.0_151]
	at sun.reflect.DelegatingMethodAccessorImpl.invoke(DelegatingMethodAccessorImpl.java:43)[:1.8.0_151]
	at java.lang.reflect.Method.invoke(Method.java:498)[:1.8.0_151]
	at org.springframework.beans.factory.support.AbstractAutowireCapableBeanFactory.invokeCustomInitMethod(AbstractAutowireCapableBeanFactory.java:1758)[spring-beans-4.3.9.RELEASE.jar:4.3.9.RELEASE]
	at org.springframework.beans.factory.support.AbstractAutowireCapableBeanFactory.invokeInitMethods(AbstractAutowireCapableBeanFactory.java:1695)[spring-beans-4.3.9.RELEASE.jar:4.3.9.RELEASE]
	at org.springframework.beans.factory.support.AbstractAutowireCapableBeanFactory.initializeBean(AbstractAutowireCapableBeanFactory.java:1624)[spring-beans-4.3.9.RELEASE.jar:4.3.9.RELEASE]
	at org.springframework.beans.factory.support.AbstractAutowireCapableBeanFactory.doCreateBean(AbstractAutowireCapableBeanFactory.java:555)[spring-beans-4.3.9.RELEASE.jar:4.3.9.RELEASE]
	at org.springframework.beans.factory.support.AbstractAutowireCapableBeanFactory.createBean(AbstractAutowireCapableBeanFactory.java:483)[spring-beans-4.3.9.RELEASE.jar:4.3.9.RELEASE]
	at org.springframework.beans.factory.support.AbstractBeanFactory$1.getObject(AbstractBeanFactory.java:306)[spring-beans-4.3.9.RELEASE.jar:4.3.9.RELEASE]
	at org.springframework.beans.factory.support.DefaultSingletonBeanRegistry.getSingleton(DefaultSingletonBeanRegistry.java:230)[spring-beans-4.3.9.RELEASE.jar:4.3.9.RELEASE]
	at org.springframework.beans.factory.support.AbstractBeanFactory.doGetBean(AbstractBeanFactory.java:302)[spring-beans-4.3.9.RELEASE.jar:4.3.9.RELEASE]
	at org.springframework.beans.factory.support.AbstractBeanFactory.getBean(AbstractBeanFactory.java:197)[spring-beans-4.3.9.RELEASE.jar:4.3.9.RELEASE]
	at org.springframework.beans.factory.support.DefaultListableBeanFactory.preInstantiateSingletons(DefaultListableBeanFactory.java:761)[spring-beans-4.3.9.RELEASE.jar:4.3.9.RELEASE]
	at org.springframework.context.support.AbstractApplicationContext.finishBeanFactoryInitialization(AbstractApplicationContext.java:867)[spring-context-4.3.9.RELEASE.jar:4.3.9.RELEASE]
	at org.springframework.context.support.AbstractApplicationContext.refresh(AbstractApplicationContext.java:543)[spring-context-4.3.9.RELEASE.jar:4.3.9.RELEASE]
	at org.apache.xbean.spring.context.ResourceXmlApplicationContext.<init>(ResourceXmlApplicationContext.java:64)[xbean-spring-4.2.jar:4.2]
	at org.apache.xbean.spring.context.ResourceXmlApplicationContext.<init>(ResourceXmlApplicationContext.java:52)[xbean-spring-4.2.jar:4.2]
	at org.apache.activemq.xbean.XBeanBrokerFactory$1.<init>(XBeanBrokerFactory.java:104)[activemq-spring-5.15.3.jar:5.15.3]
	at org.apache.activemq.xbean.XBeanBrokerFactory.createApplicationContext(XBeanBrokerFactory.java:104)[activemq-spring-5.15.3.jar:5.15.3]
	at org.apache.activemq.xbean.XBeanBrokerFactory.createBroker(XBeanBrokerFactory.java:67)[activemq-spring-5.15.3.jar:5.15.3]
	at org.apache.activemq.broker.BrokerFactory.createBroker(BrokerFactory.java:71)[activemq-broker-5.15.3.jar:5.15.3]
	at org.apache.activemq.broker.BrokerFactory.createBroker(BrokerFactory.java:54)[activemq-broker-5.15.3.jar:5.15.3]
	at org.apache.activemq.console.command.StartCommand.runTask(StartCommand.java:87)[activemq-console-5.15.3.jar:5.15.3]
	at org.apache.activemq.console.command.AbstractCommand.execute(AbstractCommand.java:63)[activemq-console-5.15.3.jar:5.15.3]
	at org.apache.activemq.console.command.ShellCommand.runTask(ShellCommand.java:154)[activemq-console-5.15.3.jar:5.15.3]
	at org.apache.activemq.console.command.AbstractCommand.execute(AbstractCommand.java:63)[activemq-console-5.15.3.jar:5.15.3]
	at org.apache.activemq.console.command.ShellCommand.main(ShellCommand.java:104)[activemq-console-5.15.3.jar:5.15.3]
	at sun.reflect.NativeMethodAccessorImpl.invoke0(Native Method)[:1.8.0_151]
	at sun.reflect.NativeMethodAccessorImpl.invoke(NativeMethodAccessorImpl.java:62)[:1.8.0_151]
	at sun.reflect.DelegatingMethodAccessorImpl.invoke(DelegatingMethodAccessorImpl.java:43)[:1.8.0_151]
	at java.lang.reflect.Method.invoke(Method.java:498)[:1.8.0_151]
	at org.apache.activemq.console.Main.runTaskClass(Main.java:262)[activemq.jar:5.15.3]
	at org.apache.activemq.console.Main.main(Main.java:115)[activemq.jar:5.15.3]
2018-05-03 14:00:58,166 | INFO  | Apache ActiveMQ 5.15.3 (broker2, ID:Notebook-ssw-16070-1525323657944-0:1) is shutting down | org.apache.activemq.broker.BrokerService | main
2018-05-03 14:00:58,174 | INFO  | Connector openwire stopped | org.apache.activemq.broker.TransportConnector | main
2018-05-03 14:00:58,179 | INFO  | Connector amqp stopped | org.apache.activemq.broker.TransportConnector | main
2018-05-03 14:00:58,180 | INFO  | Connector stomp stopped | org.apache.activemq.broker.TransportConnector | main
2018-05-03 14:00:58,181 | INFO  | Connector mqtt stopped | org.apache.activemq.broker.TransportConnector | main
2018-05-03 14:00:58,182 | INFO  | Connector ws stopped | org.apache.activemq.broker.TransportConnector | main
2018-05-03 14:00:58,186 | INFO  | PListStore:[C:\Users\admin\Downloads\apache-activemq-5.15.3-bin(1)\apache-activemq-5.15.3\bin\standalone\broker2\data\broker2\tmp_storage] stopped | org.apache.activemq.store.kahadb.plist.PListStoreImpl | main
2018-05-03 14:00:58,188 | INFO  | Stopping async queue tasks | org.apache.activemq.store.kahadb.KahaDBStore | main
2018-05-03 14:00:58,190 | INFO  | Stopping async topic tasks | org.apache.activemq.store.kahadb.KahaDBStore | main
2018-05-03 14:00:58,194 | INFO  | Stopped KahaDB | org.apache.activemq.store.kahadb.KahaDBStore | main
2018-05-03 14:00:58,221 | INFO  | Apache ActiveMQ 5.15.3 (broker2, ID:Notebook-ssw-16070-1525323657944-0:1) uptime 0.408 seconds | org.apache.activemq.broker.BrokerService | main
2018-05-03 14:00:58,222 | INFO  | Apache ActiveMQ 5.15.3 (broker2, ID:Notebook-ssw-16070-1525323657944-0:1) is shutdown | org.apache.activemq.broker.BrokerService | main
2018-05-03 14:00:58,223 | INFO  | Closing org.apache.activemq.xbean.XBeanBrokerFactory$1@e45f292: startup date [Thu May 03 14:00:56 KST 2018]; root of context hierarchy | org.apache.activemq.xbean.XBeanBrokerFactory$1 | main
2018-05-03 14:00:58,229 | WARN  | Exception thrown from LifecycleProcessor on context close | org.apache.activemq.xbean.XBeanBrokerFactory$1 | main
java.lang.IllegalStateException: LifecycleProcessor not initialized - call 'refresh' before invoking lifecycle methods via the context: org.apache.activemq.xbean.XBeanBrokerFactory$1@e45f292: startup date [Thu May 03 14:00:56 KST 2018]; root of context hierarchy
	at org.springframework.context.support.AbstractApplicationContext.getLifecycleProcessor(AbstractApplicationContext.java:427)[spring-context-4.3.9.RELEASE.jar:4.3.9.RELEASE]
	at org.springframework.context.support.AbstractApplicationContext.doClose(AbstractApplicationContext.java:999)[spring-context-4.3.9.RELEASE.jar:4.3.9.RELEASE]
	at org.springframework.context.support.AbstractApplicationContext.close(AbstractApplicationContext.java:958)[spring-context-4.3.9.RELEASE.jar:4.3.9.RELEASE]
	at org.apache.activemq.hooks.SpringContextHook.run(SpringContextHook.java:30)[activemq-spring-5.15.3.jar:5.15.3]
	at org.apache.activemq.broker.BrokerService.stop(BrokerService.java:903)[activemq-broker-5.15.3.jar:5.15.3]
	at org.apache.activemq.xbean.XBeanBrokerService.stop(XBeanBrokerService.java:122)[activemq-spring-5.15.3.jar:5.15.3]
	at org.apache.activemq.broker.BrokerService.start(BrokerService.java:642)[activemq-broker-5.15.3.jar:5.15.3]
	at org.apache.activemq.xbean.XBeanBrokerService.afterPropertiesSet(XBeanBrokerService.java:73)[activemq-spring-5.15.3.jar:5.15.3]
	at sun.reflect.NativeMethodAccessorImpl.invoke0(Native Method)[:1.8.0_151]
	at sun.reflect.NativeMethodAccessorImpl.invoke(NativeMethodAccessorImpl.java:62)[:1.8.0_151]
	at sun.reflect.DelegatingMethodAccessorImpl.invoke(DelegatingMethodAccessorImpl.java:43)[:1.8.0_151]
	at java.lang.reflect.Method.invoke(Method.java:498)[:1.8.0_151]
	at org.springframework.beans.factory.support.AbstractAutowireCapableBeanFactory.invokeCustomInitMethod(AbstractAutowireCapableBeanFactory.java:1758)[spring-beans-4.3.9.RELEASE.jar:4.3.9.RELEASE]
	at org.springframework.beans.factory.support.AbstractAutowireCapableBeanFactory.invokeInitMethods(AbstractAutowireCapableBeanFactory.java:1695)[spring-beans-4.3.9.RELEASE.jar:4.3.9.RELEASE]
	at org.springframework.beans.factory.support.AbstractAutowireCapableBeanFactory.initializeBean(AbstractAutowireCapableBeanFactory.java:1624)[spring-beans-4.3.9.RELEASE.jar:4.3.9.RELEASE]
	at org.springframework.beans.factory.support.AbstractAutowireCapableBeanFactory.doCreateBean(AbstractAutowireCapableBeanFactory.java:555)[spring-beans-4.3.9.RELEASE.jar:4.3.9.RELEASE]
	at org.springframework.beans.factory.support.AbstractAutowireCapableBeanFactory.createBean(AbstractAutowireCapableBeanFactory.java:483)[spring-beans-4.3.9.RELEASE.jar:4.3.9.RELEASE]
	at org.springframework.beans.factory.support.AbstractBeanFactory$1.getObject(AbstractBeanFactory.java:306)[spring-beans-4.3.9.RELEASE.jar:4.3.9.RELEASE]
	at org.springframework.beans.factory.support.DefaultSingletonBeanRegistry.getSingleton(DefaultSingletonBeanRegistry.java:230)[spring-beans-4.3.9.RELEASE.jar:4.3.9.RELEASE]
	at org.springframework.beans.factory.support.AbstractBeanFactory.doGetBean(AbstractBeanFactory.java:302)[spring-beans-4.3.9.RELEASE.jar:4.3.9.RELEASE]
	at org.springframework.beans.factory.support.AbstractBeanFactory.getBean(AbstractBeanFactory.java:197)[spring-beans-4.3.9.RELEASE.jar:4.3.9.RELEASE]
	at org.springframework.beans.factory.support.DefaultListableBeanFactory.preInstantiateSingletons(DefaultListableBeanFactory.java:761)[spring-beans-4.3.9.RELEASE.jar:4.3.9.RELEASE]
	at org.springframework.context.support.AbstractApplicationContext.finishBeanFactoryInitialization(AbstractApplicationContext.java:867)[spring-context-4.3.9.RELEASE.jar:4.3.9.RELEASE]
	at org.springframework.context.support.AbstractApplicationContext.refresh(AbstractApplicationContext.java:543)[spring-context-4.3.9.RELEASE.jar:4.3.9.RELEASE]
	at org.apache.xbean.spring.context.ResourceXmlApplicationContext.<init>(ResourceXmlApplicationContext.java:64)[xbean-spring-4.2.jar:4.2]
	at org.apache.xbean.spring.context.ResourceXmlApplicationContext.<init>(ResourceXmlApplicationContext.java:52)[xbean-spring-4.2.jar:4.2]
	at org.apache.activemq.xbean.XBeanBrokerFactory$1.<init>(XBeanBrokerFactory.java:104)[activemq-spring-5.15.3.jar:5.15.3]
	at org.apache.activemq.xbean.XBeanBrokerFactory.createApplicationContext(XBeanBrokerFactory.java:104)[activemq-spring-5.15.3.jar:5.15.3]
	at org.apache.activemq.xbean.XBeanBrokerFactory.createBroker(XBeanBrokerFactory.java:67)[activemq-spring-5.15.3.jar:5.15.3]
	at org.apache.activemq.broker.BrokerFactory.createBroker(BrokerFactory.java:71)[activemq-broker-5.15.3.jar:5.15.3]
	at org.apache.activemq.broker.BrokerFactory.createBroker(BrokerFactory.java:54)[activemq-broker-5.15.3.jar:5.15.3]
	at org.apache.activemq.console.command.StartCommand.runTask(StartCommand.java:87)[activemq-console-5.15.3.jar:5.15.3]
	at org.apache.activemq.console.command.AbstractCommand.execute(AbstractCommand.java:63)[activemq-console-5.15.3.jar:5.15.3]
	at org.apache.activemq.console.command.ShellCommand.runTask(ShellCommand.java:154)[activemq-console-5.15.3.jar:5.15.3]
	at org.apache.activemq.console.command.AbstractCommand.execute(AbstractCommand.java:63)[activemq-console-5.15.3.jar:5.15.3]
	at org.apache.activemq.console.command.ShellCommand.main(ShellCommand.java:104)[activemq-console-5.15.3.jar:5.15.3]
	at sun.reflect.NativeMethodAccessorImpl.invoke0(Native Method)[:1.8.0_151]
	at sun.reflect.NativeMethodAccessorImpl.invoke(NativeMethodAccessorImpl.java:62)[:1.8.0_151]
	at sun.reflect.DelegatingMethodAccessorImpl.invoke(DelegatingMethodAccessorImpl.java:43)[:1.8.0_151]
	at java.lang.reflect.Method.invoke(Method.java:498)[:1.8.0_151]
	at org.apache.activemq.console.Main.runTaskClass(Main.java:262)[activemq.jar:5.15.3]
	at org.apache.activemq.console.Main.main(Main.java:115)[activemq.jar:5.15.3]
2018-05-03 14:00:58,239 | WARN  | Exception encountered during context initialization - cancelling refresh attempt: org.springframework.beans.factory.BeanCreationException: Error creating bean with name 'org.apache.activemq.xbean.XBeanBrokerService#0' defined in class path resource [activemq.xml]: Invocation of init method failed; nested exception is java.io.IOException: Transport Connector could not be registered in JMX: java.io.IOException: Failed to bind to server socket: stomp://0.0.0.0:61614?maximumConnections=1000&wireFormat.maxFrameSize=104857600 due to: java.net.BindException: Address already in use: JVM_Bind | org.apache.activemq.xbean.XBeanBrokerFactory$1 | main
2018-05-03 14:01:28,523 | INFO  | Refreshing org.apache.activemq.xbean.XBeanBrokerFactory$1@e45f292: startup date [Thu May 03 14:01:28 KST 2018]; root of context hierarchy | org.apache.activemq.xbean.XBeanBrokerFactory$1 | main
2018-05-03 14:01:29,560 | INFO  | Using Persistence Adapter: KahaDBPersistenceAdapter[C:\Users\admin\Downloads\apache-activemq-5.15.3-bin(1)\apache-activemq-5.15.3\bin\standalone\broker2\data\kahadb] | org.apache.activemq.broker.BrokerService | main
2018-05-03 14:01:29,622 | INFO  | KahaDB is version 6 | org.apache.activemq.store.kahadb.MessageDatabase | main
2018-05-03 14:01:29,655 | INFO  | PListStore:[C:\Users\admin\Downloads\apache-activemq-5.15.3-bin(1)\apache-activemq-5.15.3\bin\standalone\broker2\data\broker2\tmp_storage] started | org.apache.activemq.store.kahadb.plist.PListStoreImpl | main
2018-05-03 14:01:29,857 | INFO  | Apache ActiveMQ 5.15.3 (broker2, ID:Notebook-ssw-16073-1525323689681-0:1) is starting | org.apache.activemq.broker.BrokerService | main
2018-05-03 14:01:29,877 | INFO  | Listening for connections at: tcp://Notebook-ssw:61626?maximumConnections=1000&wireFormat.maxFrameSize=104857600 | org.apache.activemq.transport.TransportServerThreadSupport | main
2018-05-03 14:01:29,880 | INFO  | Connector openwire started | org.apache.activemq.broker.TransportConnector | main
2018-05-03 14:01:29,881 | INFO  | Apache ActiveMQ 5.15.3 (broker2, ID:Notebook-ssw-16073-1525323689681-0:1) started | org.apache.activemq.broker.BrokerService | main
2018-05-03 14:01:29,883 | INFO  | For help or more information please see: http://activemq.apache.org | org.apache.activemq.broker.BrokerService | main
2018-05-03 14:01:30,707 | INFO  | No Spring WebApplicationInitializer types detected on classpath | /admin | main
2018-05-03 14:01:30,909 | INFO  | ActiveMQ WebConsole available at http://0.0.0.0:8162/ | org.apache.activemq.web.WebConsoleStarter | main
2018-05-03 14:01:30,910 | INFO  | ActiveMQ Jolokia REST API available at http://0.0.0.0:8162/api/jolokia/ | org.apache.activemq.web.WebConsoleStarter | main
2018-05-03 14:01:31,018 | INFO  | Initializing Spring FrameworkServlet 'dispatcher' | /admin | main
2018-05-03 14:01:31,251 | INFO  | No Spring WebApplicationInitializer types detected on classpath | /api | main
2018-05-03 14:01:31,444 | INFO  | jolokia-agent: Using policy access restrictor classpath:/jolokia-access.xml | /api | main
2018-05-03 14:04:16,938 | INFO  | Apache ActiveMQ 5.15.3 (broker2, ID:Notebook-ssw-16073-1525323689681-0:1) is shutting down | org.apache.activemq.broker.BrokerService | Thread-14
2018-05-03 14:04:16,941 | INFO  | Connector openwire stopped | org.apache.activemq.broker.TransportConnector | Thread-14
2018-05-03 14:04:16,946 | INFO  | PListStore:[C:\Users\admin\Downloads\apache-activemq-5.15.3-bin(1)\apache-activemq-5.15.3\bin\standalone\broker2\data\broker2\tmp_storage] stopped | org.apache.activemq.store.kahadb.plist.PListStoreImpl | Thread-14
2018-05-03 14:04:16,947 | INFO  | Stopping async queue tasks | org.apache.activemq.store.kahadb.KahaDBStore | Thread-14
2018-05-03 14:04:16,949 | INFO  | Stopping async topic tasks | org.apache.activemq.store.kahadb.KahaDBStore | Thread-14
2018-05-03 14:04:16,951 | INFO  | Stopped KahaDB | org.apache.activemq.store.kahadb.KahaDBStore | Thread-14
2018-05-03 14:04:16,972 | INFO  | Apache ActiveMQ 5.15.3 (broker2, ID:Notebook-ssw-16073-1525323689681-0:1) uptime 2 minutes | org.apache.activemq.broker.BrokerService | Thread-14
2018-05-03 14:04:16,973 | INFO  | Apache ActiveMQ 5.15.3 (broker2, ID:Notebook-ssw-16073-1525323689681-0:1) is shutdown | org.apache.activemq.broker.BrokerService | Thread-14
2018-05-03 14:04:16,975 | INFO  | Closing org.apache.activemq.xbean.XBeanBrokerFactory$1@e45f292: startup date [Thu May 03 14:01:28 KST 2018]; root of context hierarchy | org.apache.activemq.xbean.XBeanBrokerFactory$1 | Thread-14
2018-05-03 14:04:16,990 | INFO  | Destroying Spring FrameworkServlet 'dispatcher' | /admin | Thread-14
2018-05-03 14:04:21,835 | INFO  | Refreshing org.apache.activemq.xbean.XBeanBrokerFactory$1@e45f292: startup date [Thu May 03 14:04:21 KST 2018]; root of context hierarchy | org.apache.activemq.xbean.XBeanBrokerFactory$1 | main
2018-05-03 14:04:22,794 | INFO  | Using Persistence Adapter: KahaDBPersistenceAdapter[C:\Users\admin\Downloads\apache-activemq-5.15.3-bin(1)\apache-activemq-5.15.3\bin\standalone\broker2\data\kahadb] | org.apache.activemq.broker.BrokerService | main
2018-05-03 14:04:22,857 | INFO  | KahaDB is version 6 | org.apache.activemq.store.kahadb.MessageDatabase | main
2018-05-03 14:04:22,889 | INFO  | PListStore:[C:\Users\admin\Downloads\apache-activemq-5.15.3-bin(1)\apache-activemq-5.15.3\bin\standalone\broker2\data\broker2\tmp_storage] started | org.apache.activemq.store.kahadb.plist.PListStoreImpl | main
2018-05-03 14:04:23,114 | INFO  | Apache ActiveMQ 5.15.3 (broker2, ID:Notebook-ssw-16120-1525323862910-0:1) is starting | org.apache.activemq.broker.BrokerService | main
2018-05-03 14:04:23,136 | INFO  | Listening for connections at: tcp://Notebook-ssw:61626?maximumConnections=1000&wireFormat.maxFrameSize=104857600 | org.apache.activemq.transport.TransportServerThreadSupport | main
2018-05-03 14:04:23,138 | INFO  | Connector openwire started | org.apache.activemq.broker.TransportConnector | main
2018-05-03 14:04:23,140 | INFO  | Apache ActiveMQ 5.15.3 (broker2, ID:Notebook-ssw-16120-1525323862910-0:1) started | org.apache.activemq.broker.BrokerService | main
2018-05-03 14:04:23,141 | INFO  | For help or more information please see: http://activemq.apache.org | org.apache.activemq.broker.BrokerService | main
2018-05-03 14:04:24,062 | INFO  | No Spring WebApplicationInitializer types detected on classpath | /admin | main
2018-05-03 14:04:24,279 | INFO  | ActiveMQ WebConsole available at http://0.0.0.0:8162/ | org.apache.activemq.web.WebConsoleStarter | main
2018-05-03 14:04:24,281 | INFO  | ActiveMQ Jolokia REST API available at http://0.0.0.0:8162/api/jolokia/ | org.apache.activemq.web.WebConsoleStarter | main
2018-05-03 14:04:24,388 | INFO  | Initializing Spring FrameworkServlet 'dispatcher' | /admin | main
2018-05-03 14:04:24,619 | INFO  | No Spring WebApplicationInitializer types detected on classpath | /api | main
2018-05-03 14:04:24,810 | INFO  | jolokia-agent: Using policy access restrictor classpath:/jolokia-access.xml | /api | main
2018-05-03 14:05:44,579 | INFO  | Apache ActiveMQ 5.15.3 (broker2, ID:Notebook-ssw-16120-1525323862910-0:1) is shutting down | org.apache.activemq.broker.BrokerService | Thread-14
2018-05-03 14:05:44,581 | INFO  | Connector openwire stopped | org.apache.activemq.broker.TransportConnector | Thread-14
2018-05-03 14:05:44,585 | INFO  | PListStore:[C:\Users\admin\Downloads\apache-activemq-5.15.3-bin(1)\apache-activemq-5.15.3\bin\standalone\broker2\data\broker2\tmp_storage] stopped | org.apache.activemq.store.kahadb.plist.PListStoreImpl | Thread-14
2018-05-03 14:05:44,586 | INFO  | Stopping async queue tasks | org.apache.activemq.store.kahadb.KahaDBStore | Thread-14
2018-05-03 14:05:44,587 | INFO  | Stopping async topic tasks | org.apache.activemq.store.kahadb.KahaDBStore | Thread-14
2018-05-03 14:05:44,590 | INFO  | Stopped KahaDB | org.apache.activemq.store.kahadb.KahaDBStore | Thread-14
2018-05-03 14:05:44,609 | INFO  | Apache ActiveMQ 5.15.3 (broker2, ID:Notebook-ssw-16120-1525323862910-0:1) uptime 1 minute | org.apache.activemq.broker.BrokerService | Thread-14
2018-05-03 14:05:44,611 | INFO  | Apache ActiveMQ 5.15.3 (broker2, ID:Notebook-ssw-16120-1525323862910-0:1) is shutdown | org.apache.activemq.broker.BrokerService | Thread-14
2018-05-03 14:05:44,613 | INFO  | Closing org.apache.activemq.xbean.XBeanBrokerFactory$1@e45f292: startup date [Thu May 03 14:04:21 KST 2018]; root of context hierarchy | org.apache.activemq.xbean.XBeanBrokerFactory$1 | Thread-14
2018-05-03 14:05:44,631 | INFO  | Destroying Spring FrameworkServlet 'dispatcher' | /admin | Thread-14
