2018-05-03 13:56:25,337 | INFO  | Refreshing org.apache.activemq.xbean.XBeanBrokerFactory$1@5f2108b5: startup date [Thu May 03 13:56:25 KST 2018]; root of context hierarchy | org.apache.activemq.xbean.XBeanBrokerFactory$1 | main
2018-05-03 13:56:26,318 | INFO  | Using Persistence Adapter: KahaDBPersistenceAdapter[C:\Users\admin\Downloads\apache-activemq-5.15.3-bin(1)\apache-activemq-5.15.3\bin\standalone\broker1\data\kahadb] | org.apache.activemq.broker.BrokerService | main
2018-05-03 13:56:26,561 | INFO  | PListStore:[C:\Users\admin\Downloads\apache-activemq-5.15.3-bin(1)\apache-activemq-5.15.3\bin\standalone\broker1\data\localhost\tmp_storage] started | org.apache.activemq.store.kahadb.plist.PListStoreImpl | main
2018-05-03 13:56:26,730 | INFO  | Apache ActiveMQ 5.15.3 (localhost, ID:Notebook-ssw-15943-1525323386577-0:1) is starting | org.apache.activemq.broker.BrokerService | main
2018-05-03 13:56:26,802 | ERROR | Failed to start Apache ActiveMQ (localhost, ID:Notebook-ssw-15943-1525323386577-0:1) | org.apache.activemq.broker.BrokerService | main
java.io.IOException: Transport Connector could not be registered in JMX: java.io.IOException: Failed to bind to server socket: tcp://0.0.0.0:61616?maximumConnections=1000&wireFormat.maxFrameSize=104857600 due to: java.net.BindException: Address already in use: JVM_Bind
	at org.apache.activemq.util.IOExceptionSupport.create(IOExceptionSupport.java:28)[activemq-client-5.15.3.jar:5.15.3]
	at org.apache.activemq.broker.BrokerService.registerConnectorMBean(BrokerService.java:2264)[activemq-broker-5.15.3.jar:5.15.3]
	at org.apache.activemq.broker.BrokerService.startTransportConnector(BrokerService.java:2744)[activemq-broker-5.15.3.jar:5.15.3]
	at org.apache.activemq.broker.BrokerService.startAllConnectors(BrokerService.java:2640)[activemq-broker-5.15.3.jar:5.15.3]
	at org.apache.activemq.broker.BrokerService.doStartBroker(BrokerService.java:771)[activemq-broker-5.15.3.jar:5.15.3]
	at org.apache.activemq.broker.BrokerService.startBroker(BrokerService.java:733)[activemq-broker-5.15.3.jar:5.15.3]
	at org.apache.activemq.broker.BrokerService.start(BrokerService.java:636)[activemq-broker-5.15.3.jar:5.15.3]
	at org.apache.activemq.xbean.XBeanBrokerService.afterPropertiesSet(XBeanBrokerService.java:73)[activemq-spring-5.15.3.jar:5.15.3]
	at sun.reflect.NativeMethodAccessorImpl.invoke0(Native Method)[:1.8.0_151]
	at sun.reflect.NativeMethodAccessorImpl.invoke(NativeMethodAccessorImpl.java:62)[:1.8.0_151]
	at sun.reflect.DelegatingMethodAccessorImpl.invoke(DelegatingMethodAccessorImpl.java:43)[:1.8.0_151]
	at java.lang.reflect.Method.invoke(Method.java:498)[:1.8.0_151]
	at org.springframework.beans.factory.support.AbstractAutowireCapableBeanFactory.invokeCustomInitMethod(AbstractAutowireCapableBeanFactory.java:1758)[spring-beans-4.3.9.RELEASE.jar:4.3.9.RELEASE]
	at org.springframework.beans.factory.support.AbstractAutowireCapableBeanFactory.invokeInitMethods(AbstractAutowireCapableBeanFactory.java:1695)[spring-beans-4.3.9.RELEASE.jar:4.3.9.RELEASE]
	at org.springframework.beans.factory.support.AbstractAutowireCapableBeanFactory.initializeBean(AbstractAutowireCapableBeanFactory.java:1624)[spring-beans-4.3.9.RELEASE.jar:4.3.9.RELEASE]
	at org.springframework.beans.factory.support.AbstractAutowireCapableBeanFactory.doCreateBean(AbstractAutowireCapableBeanFactory.java:555)[spring-beans-4.3.9.RELEASE.jar:4.3.9.RELEASE]
	at org.springframework.beans.factory.support.AbstractAutowireCapableBeanFactory.createBean(AbstractAutowireCapableBeanFactory.java:483)[spring-beans-4.3.9.RELEASE.jar:4.3.9.RELEASE]
	at org.springframework.beans.factory.support.AbstractBeanFactory$1.getObject(AbstractBeanFactory.java:306)[spring-beans-4.3.9.RELEASE.jar:4.3.9.RELEASE]
	at org.springframework.beans.factory.support.DefaultSingletonBeanRegistry.getSingleton(DefaultSingletonBeanRegistry.java:230)[spring-beans-4.3.9.RELEASE.jar:4.3.9.RELEASE]
	at org.springframework.beans.factory.support.AbstractBeanFactory.doGetBean(AbstractBeanFactory.java:302)[spring-beans-4.3.9.RELEASE.jar:4.3.9.RELEASE]
	at org.springframework.beans.factory.support.AbstractBeanFactory.getBean(AbstractBeanFactory.java:197)[spring-beans-4.3.9.RELEASE.jar:4.3.9.RELEASE]
	at org.springframework.beans.factory.support.DefaultListableBeanFactory.preInstantiateSingletons(DefaultListableBeanFactory.java:761)[spring-beans-4.3.9.RELEASE.jar:4.3.9.RELEASE]
	at org.springframework.context.support.AbstractApplicationContext.finishBeanFactoryInitialization(AbstractApplicationContext.java:867)[spring-context-4.3.9.RELEASE.jar:4.3.9.RELEASE]
	at org.springframework.context.support.AbstractApplicationContext.refresh(AbstractApplicationContext.java:543)[spring-context-4.3.9.RELEASE.jar:4.3.9.RELEASE]
	at org.apache.xbean.spring.context.ResourceXmlApplicationContext.<init>(ResourceXmlApplicationContext.java:64)[xbean-spring-4.2.jar:4.2]
	at org.apache.xbean.spring.context.ResourceXmlApplicationContext.<init>(ResourceXmlApplicationContext.java:52)[xbean-spring-4.2.jar:4.2]
	at org.apache.activemq.xbean.XBeanBrokerFactory$1.<init>(XBeanBrokerFactory.java:104)[activemq-spring-5.15.3.jar:5.15.3]
	at org.apache.activemq.xbean.XBeanBrokerFactory.createApplicationContext(XBeanBrokerFactory.java:104)[activemq-spring-5.15.3.jar:5.15.3]
	at org.apache.activemq.xbean.XBeanBrokerFactory.createBroker(XBeanBrokerFactory.java:67)[activemq-spring-5.15.3.jar:5.15.3]
	at org.apache.activemq.broker.BrokerFactory.createBroker(BrokerFactory.java:71)[activemq-broker-5.15.3.jar:5.15.3]
	at org.apache.activemq.broker.BrokerFactory.createBroker(BrokerFactory.java:54)[activemq-broker-5.15.3.jar:5.15.3]
	at org.apache.activemq.console.command.StartCommand.runTask(StartCommand.java:87)[activemq-console-5.15.3.jar:5.15.3]
	at org.apache.activemq.console.command.AbstractCommand.execute(AbstractCommand.java:63)[activemq-console-5.15.3.jar:5.15.3]
	at org.apache.activemq.console.command.ShellCommand.runTask(ShellCommand.java:154)[activemq-console-5.15.3.jar:5.15.3]
	at org.apache.activemq.console.command.AbstractCommand.execute(AbstractCommand.java:63)[activemq-console-5.15.3.jar:5.15.3]
	at org.apache.activemq.console.command.ShellCommand.main(ShellCommand.java:104)[activemq-console-5.15.3.jar:5.15.3]
	at sun.reflect.NativeMethodAccessorImpl.invoke0(Native Method)[:1.8.0_151]
	at sun.reflect.NativeMethodAccessorImpl.invoke(NativeMethodAccessorImpl.java:62)[:1.8.0_151]
	at sun.reflect.DelegatingMethodAccessorImpl.invoke(DelegatingMethodAccessorImpl.java:43)[:1.8.0_151]
	at java.lang.reflect.Method.invoke(Method.java:498)[:1.8.0_151]
	at org.apache.activemq.console.Main.runTaskClass(Main.java:262)[activemq.jar:5.15.3]
	at org.apache.activemq.console.Main.main(Main.java:115)[activemq.jar:5.15.3]
2018-05-03 13:56:26,813 | INFO  | Apache ActiveMQ 5.15.3 (localhost, ID:Notebook-ssw-15943-1525323386577-0:1) is shutting down | org.apache.activemq.broker.BrokerService | main
2018-05-03 13:56:26,814 | INFO  | Connector openwire stopped | org.apache.activemq.broker.TransportConnector | main
2018-05-03 13:56:26,815 | INFO  | Connector amqp stopped | org.apache.activemq.broker.TransportConnector | main
2018-05-03 13:56:26,817 | INFO  | Connector stomp stopped | org.apache.activemq.broker.TransportConnector | main
2018-05-03 13:56:26,819 | INFO  | Connector mqtt stopped | org.apache.activemq.broker.TransportConnector | main
2018-05-03 13:56:26,821 | INFO  | Connector ws stopped | org.apache.activemq.broker.TransportConnector | main
2018-05-03 13:56:26,827 | INFO  | PListStore:[C:\Users\admin\Downloads\apache-activemq-5.15.3-bin(1)\apache-activemq-5.15.3\bin\standalone\broker1\data\localhost\tmp_storage] stopped | org.apache.activemq.store.kahadb.plist.PListStoreImpl | main
2018-05-03 13:56:26,828 | INFO  | Stopping async queue tasks | org.apache.activemq.store.kahadb.KahaDBStore | main
2018-05-03 13:56:26,830 | INFO  | Stopping async topic tasks | org.apache.activemq.store.kahadb.KahaDBStore | main
2018-05-03 13:56:26,832 | INFO  | Stopped KahaDB | org.apache.activemq.store.kahadb.KahaDBStore | main
2018-05-03 13:56:26,863 | INFO  | Apache ActiveMQ 5.15.3 (localhost, ID:Notebook-ssw-15943-1525323386577-0:1) uptime 0.576 seconds | org.apache.activemq.broker.BrokerService | main
2018-05-03 13:56:26,865 | INFO  | Apache ActiveMQ 5.15.3 (localhost, ID:Notebook-ssw-15943-1525323386577-0:1) is shutdown | org.apache.activemq.broker.BrokerService | main
2018-05-03 13:56:26,868 | INFO  | Closing org.apache.activemq.xbean.XBeanBrokerFactory$1@5f2108b5: startup date [Thu May 03 13:56:25 KST 2018]; root of context hierarchy | org.apache.activemq.xbean.XBeanBrokerFactory$1 | main
2018-05-03 13:56:26,871 | WARN  | Exception thrown from LifecycleProcessor on context close | org.apache.activemq.xbean.XBeanBrokerFactory$1 | main
java.lang.IllegalStateException: LifecycleProcessor not initialized - call 'refresh' before invoking lifecycle methods via the context: org.apache.activemq.xbean.XBeanBrokerFactory$1@5f2108b5: startup date [Thu May 03 13:56:25 KST 2018]; root of context hierarchy
	at org.springframework.context.support.AbstractApplicationContext.getLifecycleProcessor(AbstractApplicationContext.java:427)[spring-context-4.3.9.RELEASE.jar:4.3.9.RELEASE]
	at org.springframework.context.support.AbstractApplicationContext.doClose(AbstractApplicationContext.java:999)[spring-context-4.3.9.RELEASE.jar:4.3.9.RELEASE]
	at org.springframework.context.support.AbstractApplicationContext.close(AbstractApplicationContext.java:958)[spring-context-4.3.9.RELEASE.jar:4.3.9.RELEASE]
	at org.apache.activemq.hooks.SpringContextHook.run(SpringContextHook.java:30)[activemq-spring-5.15.3.jar:5.15.3]
	at org.apache.activemq.broker.BrokerService.stop(BrokerService.java:903)[activemq-broker-5.15.3.jar:5.15.3]
	at org.apache.activemq.xbean.XBeanBrokerService.stop(XBeanBrokerService.java:122)[activemq-spring-5.15.3.jar:5.15.3]
	at org.apache.activemq.broker.BrokerService.start(BrokerService.java:642)[activemq-broker-5.15.3.jar:5.15.3]
	at org.apache.activemq.xbean.XBeanBrokerService.afterPropertiesSet(XBeanBrokerService.java:73)[activemq-spring-5.15.3.jar:5.15.3]
	at sun.reflect.NativeMethodAccessorImpl.invoke0(Native Method)[:1.8.0_151]
	at sun.reflect.NativeMethodAccessorImpl.invoke(NativeMethodAccessorImpl.java:62)[:1.8.0_151]
	at sun.reflect.DelegatingMethodAccessorImpl.invoke(DelegatingMethodAccessorImpl.java:43)[:1.8.0_151]
	at java.lang.reflect.Method.invoke(Method.java:498)[:1.8.0_151]
	at org.springframework.beans.factory.support.AbstractAutowireCapableBeanFactory.invokeCustomInitMethod(AbstractAutowireCapableBeanFactory.java:1758)[spring-beans-4.3.9.RELEASE.jar:4.3.9.RELEASE]
	at org.springframework.beans.factory.support.AbstractAutowireCapableBeanFactory.invokeInitMethods(AbstractAutowireCapableBeanFactory.java:1695)[spring-beans-4.3.9.RELEASE.jar:4.3.9.RELEASE]
	at org.springframework.beans.factory.support.AbstractAutowireCapableBeanFactory.initializeBean(AbstractAutowireCapableBeanFactory.java:1624)[spring-beans-4.3.9.RELEASE.jar:4.3.9.RELEASE]
	at org.springframework.beans.factory.support.AbstractAutowireCapableBeanFactory.doCreateBean(AbstractAutowireCapableBeanFactory.java:555)[spring-beans-4.3.9.RELEASE.jar:4.3.9.RELEASE]
	at org.springframework.beans.factory.support.AbstractAutowireCapableBeanFactory.createBean(AbstractAutowireCapableBeanFactory.java:483)[spring-beans-4.3.9.RELEASE.jar:4.3.9.RELEASE]
	at org.springframework.beans.factory.support.AbstractBeanFactory$1.getObject(AbstractBeanFactory.java:306)[spring-beans-4.3.9.RELEASE.jar:4.3.9.RELEASE]
	at org.springframework.beans.factory.support.DefaultSingletonBeanRegistry.getSingleton(DefaultSingletonBeanRegistry.java:230)[spring-beans-4.3.9.RELEASE.jar:4.3.9.RELEASE]
	at org.springframework.beans.factory.support.AbstractBeanFactory.doGetBean(AbstractBeanFactory.java:302)[spring-beans-4.3.9.RELEASE.jar:4.3.9.RELEASE]
	at org.springframework.beans.factory.support.AbstractBeanFactory.getBean(AbstractBeanFactory.java:197)[spring-beans-4.3.9.RELEASE.jar:4.3.9.RELEASE]
	at org.springframework.beans.factory.support.DefaultListableBeanFactory.preInstantiateSingletons(DefaultListableBeanFactory.java:761)[spring-beans-4.3.9.RELEASE.jar:4.3.9.RELEASE]
	at org.springframework.context.support.AbstractApplicationContext.finishBeanFactoryInitialization(AbstractApplicationContext.java:867)[spring-context-4.3.9.RELEASE.jar:4.3.9.RELEASE]
	at org.springframework.context.support.AbstractApplicationContext.refresh(AbstractApplicationContext.java:543)[spring-context-4.3.9.RELEASE.jar:4.3.9.RELEASE]
	at org.apache.xbean.spring.context.ResourceXmlApplicationContext.<init>(ResourceXmlApplicationContext.java:64)[xbean-spring-4.2.jar:4.2]
	at org.apache.xbean.spring.context.ResourceXmlApplicationContext.<init>(ResourceXmlApplicationContext.java:52)[xbean-spring-4.2.jar:4.2]
	at org.apache.activemq.xbean.XBeanBrokerFactory$1.<init>(XBeanBrokerFactory.java:104)[activemq-spring-5.15.3.jar:5.15.3]
	at org.apache.activemq.xbean.XBeanBrokerFactory.createApplicationContext(XBeanBrokerFactory.java:104)[activemq-spring-5.15.3.jar:5.15.3]
	at org.apache.activemq.xbean.XBeanBrokerFactory.createBroker(XBeanBrokerFactory.java:67)[activemq-spring-5.15.3.jar:5.15.3]
	at org.apache.activemq.broker.BrokerFactory.createBroker(BrokerFactory.java:71)[activemq-broker-5.15.3.jar:5.15.3]
	at org.apache.activemq.broker.BrokerFactory.createBroker(BrokerFactory.java:54)[activemq-broker-5.15.3.jar:5.15.3]
	at org.apache.activemq.console.command.StartCommand.runTask(StartCommand.java:87)[activemq-console-5.15.3.jar:5.15.3]
	at org.apache.activemq.console.command.AbstractCommand.execute(AbstractCommand.java:63)[activemq-console-5.15.3.jar:5.15.3]
	at org.apache.activemq.console.command.ShellCommand.runTask(ShellCommand.java:154)[activemq-console-5.15.3.jar:5.15.3]
	at org.apache.activemq.console.command.AbstractCommand.execute(AbstractCommand.java:63)[activemq-console-5.15.3.jar:5.15.3]
	at org.apache.activemq.console.command.ShellCommand.main(ShellCommand.java:104)[activemq-console-5.15.3.jar:5.15.3]
	at sun.reflect.NativeMethodAccessorImpl.invoke0(Native Method)[:1.8.0_151]
	at sun.reflect.NativeMethodAccessorImpl.invoke(NativeMethodAccessorImpl.java:62)[:1.8.0_151]
	at sun.reflect.DelegatingMethodAccessorImpl.invoke(DelegatingMethodAccessorImpl.java:43)[:1.8.0_151]
	at java.lang.reflect.Method.invoke(Method.java:498)[:1.8.0_151]
	at org.apache.activemq.console.Main.runTaskClass(Main.java:262)[activemq.jar:5.15.3]
	at org.apache.activemq.console.Main.main(Main.java:115)[activemq.jar:5.15.3]
2018-05-03 13:56:26,884 | WARN  | Exception encountered during context initialization - cancelling refresh attempt: org.springframework.beans.factory.BeanCreationException: Error creating bean with name 'org.apache.activemq.xbean.XBeanBrokerService#0' defined in class path resource [activemq.xml]: Invocation of init method failed; nested exception is java.io.IOException: Transport Connector could not be registered in JMX: java.io.IOException: Failed to bind to server socket: tcp://0.0.0.0:61616?maximumConnections=1000&wireFormat.maxFrameSize=104857600 due to: java.net.BindException: Address already in use: JVM_Bind | org.apache.activemq.xbean.XBeanBrokerFactory$1 | main
2018-05-03 13:56:47,235 | INFO  | Refreshing org.apache.activemq.xbean.XBeanBrokerFactory$1@e45f292: startup date [Thu May 03 13:56:47 KST 2018]; root of context hierarchy | org.apache.activemq.xbean.XBeanBrokerFactory$1 | main
2018-05-03 13:56:48,523 | INFO  | Using Persistence Adapter: KahaDBPersistenceAdapter[C:\Users\admin\Downloads\apache-activemq-5.15.3-bin(1)\apache-activemq-5.15.3\bin\standalone\broker1\data\kahadb] | org.apache.activemq.broker.BrokerService | main
2018-05-03 13:56:48,590 | INFO  | KahaDB is version 6 | org.apache.activemq.store.kahadb.MessageDatabase | main
2018-05-03 13:56:48,631 | INFO  | PListStore:[C:\Users\admin\Downloads\apache-activemq-5.15.3-bin(1)\apache-activemq-5.15.3\bin\standalone\broker1\data\localhost\tmp_storage] started | org.apache.activemq.store.kahadb.plist.PListStoreImpl | main
2018-05-03 13:56:48,834 | INFO  | Apache ActiveMQ 5.15.3 (localhost, ID:Notebook-ssw-15945-1525323408655-0:1) is starting | org.apache.activemq.broker.BrokerService | main
2018-05-03 13:56:48,856 | INFO  | Listening for connections at: tcp://Notebook-ssw:61616?maximumConnections=1000&wireFormat.maxFrameSize=104857600 | org.apache.activemq.transport.TransportServerThreadSupport | main
2018-05-03 13:56:48,859 | INFO  | Connector openwire started | org.apache.activemq.broker.TransportConnector | main
2018-05-03 13:56:48,867 | INFO  | Listening for connections at: amqp://Notebook-ssw:5672?maximumConnections=1000&wireFormat.maxFrameSize=104857600 | org.apache.activemq.transport.TransportServerThreadSupport | main
2018-05-03 13:56:48,871 | INFO  | Connector amqp started | org.apache.activemq.broker.TransportConnector | main
2018-05-03 13:56:48,877 | INFO  | Listening for connections at: stomp://Notebook-ssw:61613?maximumConnections=1000&wireFormat.maxFrameSize=104857600 | org.apache.activemq.transport.TransportServerThreadSupport | main
2018-05-03 13:56:48,881 | INFO  | Connector stomp started | org.apache.activemq.broker.TransportConnector | main
2018-05-03 13:56:48,894 | INFO  | Listening for connections at: mqtt://Notebook-ssw:1883?maximumConnections=1000&wireFormat.maxFrameSize=104857600 | org.apache.activemq.transport.TransportServerThreadSupport | main
2018-05-03 13:56:48,898 | INFO  | Connector mqtt started | org.apache.activemq.broker.TransportConnector | main
2018-05-03 13:56:49,015 | WARN  | ServletContext@o.e.j.s.ServletContextHandler@44c73c26{/,null,STARTING} has uncovered http methods for path: / | org.eclipse.jetty.security.SecurityHandler | main
2018-05-03 13:56:49,069 | INFO  | Listening for connections at ws://Notebook-ssw:61614?maximumConnections=1000&wireFormat.maxFrameSize=104857600 | org.apache.activemq.transport.ws.WSTransportServer | main
2018-05-03 13:56:49,070 | INFO  | Connector ws started | org.apache.activemq.broker.TransportConnector | main
2018-05-03 13:56:49,072 | INFO  | Apache ActiveMQ 5.15.3 (localhost, ID:Notebook-ssw-15945-1525323408655-0:1) started | org.apache.activemq.broker.BrokerService | main
2018-05-03 13:56:49,074 | INFO  | For help or more information please see: http://activemq.apache.org | org.apache.activemq.broker.BrokerService | main
2018-05-03 13:56:50,180 | INFO  | No Spring WebApplicationInitializer types detected on classpath | /admin | main
2018-05-03 13:56:50,400 | INFO  | ActiveMQ WebConsole available at http://0.0.0.0:8161/ | org.apache.activemq.web.WebConsoleStarter | main
2018-05-03 13:56:50,436 | INFO  | ActiveMQ Jolokia REST API available at http://0.0.0.0:8161/api/jolokia/ | org.apache.activemq.web.WebConsoleStarter | main
2018-05-03 13:56:50,570 | INFO  | Initializing Spring FrameworkServlet 'dispatcher' | /admin | main
2018-05-03 13:56:51,010 | INFO  | No Spring WebApplicationInitializer types detected on classpath | /api | main
2018-05-03 13:56:51,278 | INFO  | jolokia-agent: Using policy access restrictor classpath:/jolokia-access.xml | /api | main
2018-05-03 13:57:12,794 | INFO  | Apache ActiveMQ 5.15.3 (localhost, ID:Notebook-ssw-15945-1525323408655-0:1) is shutting down | org.apache.activemq.broker.BrokerService | Thread-23
2018-05-03 13:57:12,797 | INFO  | Connector openwire stopped | org.apache.activemq.broker.TransportConnector | Thread-23
2018-05-03 13:57:12,798 | INFO  | Connector amqp stopped | org.apache.activemq.broker.TransportConnector | Thread-23
2018-05-03 13:57:12,800 | INFO  | Connector stomp stopped | org.apache.activemq.broker.TransportConnector | Thread-23
2018-05-03 13:57:12,801 | INFO  | Connector mqtt stopped | org.apache.activemq.broker.TransportConnector | Thread-23
2018-05-03 13:57:12,807 | INFO  | Connector ws stopped | org.apache.activemq.broker.TransportConnector | Thread-23
2018-05-03 13:57:12,811 | INFO  | PListStore:[C:\Users\admin\Downloads\apache-activemq-5.15.3-bin(1)\apache-activemq-5.15.3\bin\standalone\broker1\data\localhost\tmp_storage] stopped | org.apache.activemq.store.kahadb.plist.PListStoreImpl | Thread-23
2018-05-03 13:57:12,812 | INFO  | Stopping async queue tasks | org.apache.activemq.store.kahadb.KahaDBStore | Thread-23
2018-05-03 13:57:12,814 | INFO  | Stopping async topic tasks | org.apache.activemq.store.kahadb.KahaDBStore | Thread-23
2018-05-03 13:57:12,816 | INFO  | Stopped KahaDB | org.apache.activemq.store.kahadb.KahaDBStore | Thread-23
2018-05-03 13:57:12,838 | INFO  | Apache ActiveMQ 5.15.3 (localhost, ID:Notebook-ssw-15945-1525323408655-0:1) uptime 24.342 seconds | org.apache.activemq.broker.BrokerService | Thread-23
2018-05-03 13:57:12,840 | INFO  | Apache ActiveMQ 5.15.3 (localhost, ID:Notebook-ssw-15945-1525323408655-0:1) is shutdown | org.apache.activemq.broker.BrokerService | Thread-23
2018-05-03 13:57:12,841 | INFO  | Closing org.apache.activemq.xbean.XBeanBrokerFactory$1@e45f292: startup date [Thu May 03 13:56:47 KST 2018]; root of context hierarchy | org.apache.activemq.xbean.XBeanBrokerFactory$1 | Thread-23
2018-05-03 13:57:12,853 | INFO  | Destroying Spring FrameworkServlet 'dispatcher' | /admin | Thread-23
2018-05-03 13:59:48,283 | INFO  | Refreshing org.apache.activemq.xbean.XBeanBrokerFactory$1@e45f292: startup date [Thu May 03 13:59:48 KST 2018]; root of context hierarchy | org.apache.activemq.xbean.XBeanBrokerFactory$1 | main
2018-05-03 13:59:49,391 | INFO  | Using Persistence Adapter: KahaDBPersistenceAdapter[C:\Users\admin\Downloads\apache-activemq-5.15.3-bin(1)\apache-activemq-5.15.3\bin\standalone\broker1\data\kahadb] | org.apache.activemq.broker.BrokerService | main
2018-05-03 13:59:49,466 | INFO  | KahaDB is version 6 | org.apache.activemq.store.kahadb.MessageDatabase | main
2018-05-03 13:59:49,525 | INFO  | PListStore:[C:\Users\admin\Downloads\apache-activemq-5.15.3-bin(1)\apache-activemq-5.15.3\bin\standalone\broker1\data\broker1\tmp_storage] started | org.apache.activemq.store.kahadb.plist.PListStoreImpl | main
2018-05-03 13:59:49,770 | INFO  | Apache ActiveMQ 5.15.3 (broker1, ID:Notebook-ssw-16057-1525323589544-0:1) is starting | org.apache.activemq.broker.BrokerService | main
2018-05-03 13:59:49,797 | INFO  | Listening for connections at: tcp://Notebook-ssw:61616?maximumConnections=1000&wireFormat.maxFrameSize=104857600 | org.apache.activemq.transport.TransportServerThreadSupport | main
2018-05-03 13:59:49,799 | INFO  | Connector openwire started | org.apache.activemq.broker.TransportConnector | main
2018-05-03 13:59:49,805 | INFO  | Listening for connections at: amqp://Notebook-ssw:5672?maximumConnections=1000&wireFormat.maxFrameSize=104857600 | org.apache.activemq.transport.TransportServerThreadSupport | main
2018-05-03 13:59:49,807 | INFO  | Connector amqp started | org.apache.activemq.broker.TransportConnector | main
2018-05-03 13:59:49,814 | INFO  | Listening for connections at: stomp://Notebook-ssw:61613?maximumConnections=1000&wireFormat.maxFrameSize=104857600 | org.apache.activemq.transport.TransportServerThreadSupport | main
2018-05-03 13:59:49,816 | INFO  | Connector stomp started | org.apache.activemq.broker.TransportConnector | main
2018-05-03 13:59:49,822 | INFO  | Listening for connections at: mqtt://Notebook-ssw:1883?maximumConnections=1000&wireFormat.maxFrameSize=104857600 | org.apache.activemq.transport.TransportServerThreadSupport | main
2018-05-03 13:59:49,825 | INFO  | Connector mqtt started | org.apache.activemq.broker.TransportConnector | main
2018-05-03 13:59:49,923 | WARN  | ServletContext@o.e.j.s.ServletContextHandler@44c73c26{/,null,STARTING} has uncovered http methods for path: / | org.eclipse.jetty.security.SecurityHandler | main
2018-05-03 13:59:49,969 | INFO  | Listening for connections at ws://Notebook-ssw:61614?maximumConnections=1000&wireFormat.maxFrameSize=104857600 | org.apache.activemq.transport.ws.WSTransportServer | main
2018-05-03 13:59:49,970 | INFO  | Connector ws started | org.apache.activemq.broker.TransportConnector | main
2018-05-03 13:59:49,971 | INFO  | Apache ActiveMQ 5.15.3 (broker1, ID:Notebook-ssw-16057-1525323589544-0:1) started | org.apache.activemq.broker.BrokerService | main
2018-05-03 13:59:49,973 | INFO  | For help or more information please see: http://activemq.apache.org | org.apache.activemq.broker.BrokerService | main
2018-05-03 13:59:50,838 | INFO  | No Spring WebApplicationInitializer types detected on classpath | /admin | main
2018-05-03 13:59:50,985 | INFO  | ActiveMQ WebConsole available at http://0.0.0.0:8161/ | org.apache.activemq.web.WebConsoleStarter | main
2018-05-03 13:59:50,986 | INFO  | ActiveMQ Jolokia REST API available at http://0.0.0.0:8161/api/jolokia/ | org.apache.activemq.web.WebConsoleStarter | main
2018-05-03 13:59:51,082 | INFO  | Initializing Spring FrameworkServlet 'dispatcher' | /admin | main
2018-05-03 13:59:51,382 | INFO  | No Spring WebApplicationInitializer types detected on classpath | /api | main
2018-05-03 13:59:51,529 | INFO  | jolokia-agent: Using policy access restrictor classpath:/jolokia-access.xml | /api | main
2018-05-03 14:03:49,915 | INFO  | Apache ActiveMQ 5.15.3 (broker1, ID:Notebook-ssw-16057-1525323589544-0:1) is shutting down | org.apache.activemq.broker.BrokerService | ActiveMQ ShutdownHook
2018-05-03 14:03:49,936 | INFO  | Connector openwire stopped | org.apache.activemq.broker.TransportConnector | ActiveMQ ShutdownHook
2018-05-03 14:03:49,940 | INFO  | Connector amqp stopped | org.apache.activemq.broker.TransportConnector | ActiveMQ ShutdownHook
2018-05-03 14:03:49,942 | INFO  | Connector stomp stopped | org.apache.activemq.broker.TransportConnector | ActiveMQ ShutdownHook
2018-05-03 14:03:49,944 | INFO  | Connector mqtt stopped | org.apache.activemq.broker.TransportConnector | ActiveMQ ShutdownHook
2018-05-03 14:03:49,954 | INFO  | Connector ws stopped | org.apache.activemq.broker.TransportConnector | ActiveMQ ShutdownHook
2018-05-03 14:03:49,963 | INFO  | PListStore:[C:\Users\admin\Downloads\apache-activemq-5.15.3-bin(1)\apache-activemq-5.15.3\bin\standalone\broker1\data\broker1\tmp_storage] stopped | org.apache.activemq.store.kahadb.plist.PListStoreImpl | ActiveMQ ShutdownHook
2018-05-03 14:03:49,964 | INFO  | Stopping async queue tasks | org.apache.activemq.store.kahadb.KahaDBStore | ActiveMQ ShutdownHook
2018-05-03 14:03:49,965 | INFO  | Stopping async topic tasks | org.apache.activemq.store.kahadb.KahaDBStore | ActiveMQ ShutdownHook
2018-05-03 14:03:49,969 | INFO  | Stopped KahaDB | org.apache.activemq.store.kahadb.KahaDBStore | ActiveMQ ShutdownHook
2018-05-03 14:03:49,995 | INFO  | Apache ActiveMQ 5.15.3 (broker1, ID:Notebook-ssw-16057-1525323589544-0:1) uptime 4 minutes | org.apache.activemq.broker.BrokerService | ActiveMQ ShutdownHook
2018-05-03 14:03:49,997 | INFO  | Apache ActiveMQ 5.15.3 (broker1, ID:Notebook-ssw-16057-1525323589544-0:1) is shutdown | org.apache.activemq.broker.BrokerService | ActiveMQ ShutdownHook
2018-05-03 14:03:49,999 | INFO  | Closing org.apache.activemq.xbean.XBeanBrokerFactory$1@e45f292: startup date [Thu May 03 13:59:48 KST 2018]; root of context hierarchy | org.apache.activemq.xbean.XBeanBrokerFactory$1 | ActiveMQ ShutdownHook
2018-05-03 14:03:50,012 | INFO  | Destroying Spring FrameworkServlet 'dispatcher' | /admin | ActiveMQ ShutdownHook
2018-05-03 14:04:13,864 | INFO  | Refreshing org.apache.activemq.xbean.XBeanBrokerFactory$1@e45f292: startup date [Thu May 03 14:04:13 KST 2018]; root of context hierarchy | org.apache.activemq.xbean.XBeanBrokerFactory$1 | main
2018-05-03 14:04:14,863 | INFO  | Using Persistence Adapter: KahaDBPersistenceAdapter[C:\Users\admin\Downloads\apache-activemq-5.15.3-bin(1)\apache-activemq-5.15.3\bin\standalone\broker1\data\kahadb] | org.apache.activemq.broker.BrokerService | main
2018-05-03 14:04:14,915 | INFO  | KahaDB is version 6 | org.apache.activemq.store.kahadb.MessageDatabase | main
2018-05-03 14:04:14,952 | INFO  | PListStore:[C:\Users\admin\Downloads\apache-activemq-5.15.3-bin(1)\apache-activemq-5.15.3\bin\standalone\broker1\data\broker1\tmp_storage] started | org.apache.activemq.store.kahadb.plist.PListStoreImpl | main
2018-05-03 14:04:15,146 | INFO  | Apache ActiveMQ 5.15.3 (broker1, ID:Notebook-ssw-16110-1525323854969-0:1) is starting | org.apache.activemq.broker.BrokerService | main
2018-05-03 14:04:15,195 | INFO  | Listening for connections at: tcp://Notebook-ssw:61616?maximumConnections=1000&wireFormat.maxFrameSize=104857600 | org.apache.activemq.transport.TransportServerThreadSupport | main
2018-05-03 14:04:15,197 | INFO  | Connector openwire started | org.apache.activemq.broker.TransportConnector | main
2018-05-03 14:04:15,201 | INFO  | Listening for connections at: amqp://Notebook-ssw:5672?maximumConnections=1000&wireFormat.maxFrameSize=104857600 | org.apache.activemq.transport.TransportServerThreadSupport | main
2018-05-03 14:04:15,203 | INFO  | Connector amqp started | org.apache.activemq.broker.TransportConnector | main
2018-05-03 14:04:15,209 | INFO  | Listening for connections at: stomp://Notebook-ssw:61613?maximumConnections=1000&wireFormat.maxFrameSize=104857600 | org.apache.activemq.transport.TransportServerThreadSupport | main
2018-05-03 14:04:15,211 | INFO  | Connector stomp started | org.apache.activemq.broker.TransportConnector | main
2018-05-03 14:04:15,217 | INFO  | Listening for connections at: mqtt://Notebook-ssw:1883?maximumConnections=1000&wireFormat.maxFrameSize=104857600 | org.apache.activemq.transport.TransportServerThreadSupport | main
2018-05-03 14:04:15,219 | INFO  | Connector mqtt started | org.apache.activemq.broker.TransportConnector | main
2018-05-03 14:04:15,317 | WARN  | ServletContext@o.e.j.s.ServletContextHandler@1339e7aa{/,null,STARTING} has uncovered http methods for path: / | org.eclipse.jetty.security.SecurityHandler | main
2018-05-03 14:04:15,371 | INFO  | Listening for connections at ws://Notebook-ssw:61614?maximumConnections=1000&wireFormat.maxFrameSize=104857600 | org.apache.activemq.transport.ws.WSTransportServer | main
2018-05-03 14:04:15,373 | INFO  | Connector ws started | org.apache.activemq.broker.TransportConnector | main
2018-05-03 14:04:15,375 | INFO  | Apache ActiveMQ 5.15.3 (broker1, ID:Notebook-ssw-16110-1525323854969-0:1) started | org.apache.activemq.broker.BrokerService | main
2018-05-03 14:04:15,377 | INFO  | For help or more information please see: http://activemq.apache.org | org.apache.activemq.broker.BrokerService | main
2018-05-03 14:04:16,101 | INFO  | No Spring WebApplicationInitializer types detected on classpath | /admin | main
2018-05-03 14:04:16,422 | INFO  | ActiveMQ WebConsole available at http://0.0.0.0:8161/ | org.apache.activemq.web.WebConsoleStarter | main
2018-05-03 14:04:16,423 | INFO  | ActiveMQ Jolokia REST API available at http://0.0.0.0:8161/api/jolokia/ | org.apache.activemq.web.WebConsoleStarter | main
2018-05-03 14:04:16,501 | INFO  | Initializing Spring FrameworkServlet 'dispatcher' | /admin | main
2018-05-03 14:04:16,693 | INFO  | No Spring WebApplicationInitializer types detected on classpath | /api | main
2018-05-03 14:04:16,886 | INFO  | jolokia-agent: Using policy access restrictor classpath:/jolokia-access.xml | /api | main
2018-05-03 14:05:46,531 | INFO  | Apache ActiveMQ 5.15.3 (broker1, ID:Notebook-ssw-16110-1525323854969-0:1) is shutting down | org.apache.activemq.broker.BrokerService | Thread-23
2018-05-03 14:05:46,534 | INFO  | Connector openwire stopped | org.apache.activemq.broker.TransportConnector | Thread-23
2018-05-03 14:05:46,536 | INFO  | Connector amqp stopped | org.apache.activemq.broker.TransportConnector | Thread-23
2018-05-03 14:05:46,538 | INFO  | Connector stomp stopped | org.apache.activemq.broker.TransportConnector | Thread-23
2018-05-03 14:05:46,540 | INFO  | Connector mqtt stopped | org.apache.activemq.broker.TransportConnector | Thread-23
2018-05-03 14:05:46,547 | INFO  | Connector ws stopped | org.apache.activemq.broker.TransportConnector | Thread-23
2018-05-03 14:05:46,551 | INFO  | PListStore:[C:\Users\admin\Downloads\apache-activemq-5.15.3-bin(1)\apache-activemq-5.15.3\bin\standalone\broker1\data\broker1\tmp_storage] stopped | org.apache.activemq.store.kahadb.plist.PListStoreImpl | Thread-23
2018-05-03 14:05:46,552 | INFO  | Stopping async queue tasks | org.apache.activemq.store.kahadb.KahaDBStore | Thread-23
2018-05-03 14:05:46,555 | INFO  | Stopping async topic tasks | org.apache.activemq.store.kahadb.KahaDBStore | Thread-23
2018-05-03 14:05:46,557 | INFO  | Stopped KahaDB | org.apache.activemq.store.kahadb.KahaDBStore | Thread-23
2018-05-03 14:05:46,591 | INFO  | Apache ActiveMQ 5.15.3 (broker1, ID:Notebook-ssw-16110-1525323854969-0:1) uptime 1 minute | org.apache.activemq.broker.BrokerService | Thread-23
2018-05-03 14:05:46,594 | INFO  | Apache ActiveMQ 5.15.3 (broker1, ID:Notebook-ssw-16110-1525323854969-0:1) is shutdown | org.apache.activemq.broker.BrokerService | Thread-23
2018-05-03 14:05:46,596 | INFO  | Closing org.apache.activemq.xbean.XBeanBrokerFactory$1@e45f292: startup date [Thu May 03 14:04:13 KST 2018]; root of context hierarchy | org.apache.activemq.xbean.XBeanBrokerFactory$1 | Thread-23
2018-05-03 14:05:46,615 | INFO  | Destroying Spring FrameworkServlet 'dispatcher' | /admin | Thread-23
